<?xml version="1.0" encoding="UTF-8"?>
<coverage generated="1734968934499" clover="3.2.0">
  <project timestamp="1734968934499" name="All files">
    <metrics statements="22" coveredstatements="20" conditionals="16" coveredconditionals="12" methods="4" coveredmethods="3" elements="42" coveredelements="35" complexity="0" loc="22" ncloc="22" packages="2" files="3" classes="3"/>
    <package name="plugins">
      <metrics statements="13" coveredstatements="12" conditionals="10" coveredconditionals="9" methods="2" coveredmethods="1"/>
      <file name="cleanStyles.ts" path="/Users/abrombal/dev/stylix/src/plugins/cleanStyles.ts">
        <metrics statements="13" coveredstatements="12" conditionals="10" coveredconditionals="9" methods="2" coveredmethods="1"/>
        <line num="1" count="1" type="stmt"/>
        <line num="2" count="1" type="stmt"/>
        <line num="5" count="1" type="stmt"/>
        <line num="6" count="2" type="stmt"/>
        <line num="7" count="7" type="stmt"/>
        <line num="8" count="7" type="cond" truecount="6" falsecount="0"/>
        <line num="9" count="6" type="stmt"/>
        <line num="10" count="1" type="cond" truecount="2" falsecount="1"/>
        <line num="11" count="1" type="stmt"/>
        <line num="12" count="1" type="cond" truecount="1" falsecount="0"/>
        <line num="15" count="2" type="stmt"/>
        <line num="21" count="1" type="stmt"/>
        <line num="25" count="0" type="stmt"/>
      </file>
    </package>
    <package name="util">
      <metrics statements="9" coveredstatements="8" conditionals="6" coveredconditionals="3" methods="2" coveredmethods="2"/>
      <file name="isEmpty.ts" path="/Users/abrombal/dev/stylix/src/util/isEmpty.ts">
        <metrics statements="6" coveredstatements="5" conditionals="3" coveredconditionals="1" methods="1" coveredmethods="1"/>
        <line num="1" count="1" type="stmt"/>
        <line num="2" count="1" type="cond" truecount="0" falsecount="1"/>
        <line num="3" count="1" type="cond" truecount="0" falsecount="1"/>
        <line num="4" count="1" type="stmt"/>
        <line num="5" count="1" type="cond" truecount="1" falsecount="0"/>
        <line num="6" count="0" type="stmt"/>
      </file>
      <file name="isPlainObject.ts" path="/Users/abrombal/dev/stylix/src/util/isPlainObject.ts">
        <metrics statements="3" coveredstatements="3" conditionals="3" coveredconditionals="2" methods="1" coveredmethods="1"/>
        <line num="4" count="1" type="stmt"/>
        <line num="5" count="1" type="cond" truecount="2" falsecount="1"/>
        <line num="6" count="1" type="stmt"/>
      </file>
    </package>
  </project>
</coverage>
