<?xml version="1.0" encoding="UTF-8"?>
<coverage generated="1748444743214" clover="3.2.0">
  <project timestamp="1748444743214" name="All files">
    <metrics statements="488" coveredstatements="456" conditionals="264" coveredconditionals="224" methods="83" coveredmethods="72" elements="835" coveredelements="752" complexity="0" loc="488" ncloc="488" packages="4" files="28" classes="28"/>
    <package name="src">
      <metrics statements="256" coveredstatements="224" conditionals="139" coveredconditionals="106" methods="46" coveredmethods="35"/>
      <file name="RenderServerStyles.tsx" path="/Users/alex/dev/stylix/stylix-core/src/RenderServerStyles.tsx">
        <metrics statements="6" coveredstatements="6" conditionals="2" coveredconditionals="2" methods="1" coveredmethods="1"/>
        <line num="1" count="16" type="stmt"/>
        <line num="2" count="16" type="stmt"/>
        <line num="3" count="16" type="stmt"/>
        <line num="6" count="16" type="stmt"/>
        <line num="7" count="2" type="stmt"/>
        <line num="8" count="2" type="cond" truecount="2" falsecount="0"/>
      </file>
      <file name="StyleElement.tsx" path="/Users/alex/dev/stylix/stylix-core/src/StyleElement.tsx">
        <metrics statements="3" coveredstatements="3" conditionals="0" coveredconditionals="0" methods="1" coveredmethods="1"/>
        <line num="3" count="16" type="stmt"/>
        <line num="4" count="2" type="stmt"/>
        <line num="5" count="2" type="stmt"/>
      </file>
      <file name="Stylix.tsx" path="/Users/alex/dev/stylix/stylix-core/src/Stylix.tsx">
        <metrics statements="30" coveredstatements="28" conditionals="28" coveredconditionals="22" methods="1" coveredmethods="1"/>
        <line num="1" count="16" type="stmt"/>
        <line num="2" count="16" type="stmt"/>
        <line num="4" count="16" type="stmt"/>
        <line num="5" count="16" type="stmt"/>
        <line num="88" count="16" type="stmt"/>
        <line num="92" count="50" type="stmt"/>
        <line num="94" count="50" type="stmt"/>
        <line num="95" count="50" type="stmt"/>
        <line num="97" count="50" type="stmt"/>
        <line num="98" count="50" type="cond" truecount="1" falsecount="0"/>
        <line num="99" count="50" type="cond" truecount="1" falsecount="0"/>
        <line num="100" count="50" type="cond" truecount="1" falsecount="0"/>
        <line num="101" count="50" type="stmt"/>
        <line num="103" count="50" type="cond" truecount="4" falsecount="0"/>
        <line num="105" count="50" type="cond" truecount="1" falsecount="0"/>
        <line num="106" count="1" type="stmt"/>
        <line num="117" count="1" type="stmt"/>
        <line num="124" count="49" type="cond" truecount="1" falsecount="0"/>
        <line num="125" count="1" type="stmt"/>
        <line num="126" count="1" type="stmt"/>
        <line num="133" count="48" type="cond" truecount="1" falsecount="0"/>
        <line num="134" count="41" type="cond" truecount="3" falsecount="1"/>
        <line num="137" count="7" type="cond" truecount="1" falsecount="0"/>
        <line num="138" count="7" type="cond" truecount="0" falsecount="1"/>
        <line num="139" count="0" type="stmt"/>
        <line num="141" count="7" type="cond" truecount="2" falsecount="0"/>
        <line num="147" count="0" type="stmt"/>
        <line num="150" count="16" type="stmt"/>
        <line num="153" count="16" type="stmt"/>
        <line num="154" count="16" type="stmt"/>
      </file>
      <file name="StylixProvider.tsx" path="/Users/alex/dev/stylix/stylix-core/src/StylixProvider.tsx">
        <metrics statements="46" coveredstatements="43" conditionals="21" coveredconditionals="15" methods="6" coveredmethods="6"/>
        <line num="2" count="16" type="stmt"/>
        <line num="4" count="16" type="stmt"/>
        <line num="5" count="16" type="stmt"/>
        <line num="6" count="16" type="stmt"/>
        <line num="8" count="16" type="stmt"/>
        <line num="9" count="16" type="stmt"/>
        <line num="64" count="16" type="stmt"/>
        <line num="66" count="16" type="cond" truecount="0" falsecount="1"/>
        <line num="67" count="35" type="cond" truecount="1" falsecount="0"/>
        <line num="68" count="15" type="stmt"/>
        <line num="69" count="15" type="stmt"/>
        <line num="70" count="6480" type="stmt"/>
        <line num="74" count="35" type="stmt"/>
        <line num="88" count="50" type="stmt"/>
        <line num="89" count="50" type="stmt"/>
        <line num="93" count="35" type="cond" truecount="1" falsecount="0"/>
        <line num="94" count="1" type="stmt"/>
        <line num="95" count="1" type="stmt"/>
        <line num="96" count="2" type="stmt"/>
        <line num="97" count="2" type="stmt"/>
        <line num="98" count="2" type="cond" truecount="4" falsecount="0"/>
        <line num="99" count="1" type="stmt"/>
        <line num="100" count="1" type="cond" truecount="2" falsecount="2"/>
        <line num="101" count="0" type="stmt"/>
        <line num="102" count="1" type="cond" truecount="0" falsecount="1"/>
        <line num="104" count="2" type="cond" truecount="2" falsecount="0"/>
        <line num="105" count="1" type="stmt"/>
        <line num="108" count="35" type="stmt"/>
        <line num="110" count="35" type="stmt"/>
        <line num="114" count="16" type="stmt"/>
        <line num="116" count="16" type="stmt"/>
        <line num="121" count="16" type="stmt"/>
        <line num="122" count="112" type="stmt"/>
        <line num="123" count="112" type="cond" truecount="0" falsecount="1"/>
        <line num="124" count="0" type="cond" truecount="0" falsecount="1"/>
        <line num="125" count="0" type="stmt"/>
        <line num="127" count="112" type="stmt"/>
        <line num="130" count="16" type="stmt"/>
        <line num="139" count="35" type="stmt"/>
        <line num="140" count="35" type="cond" truecount="1" falsecount="0"/>
        <line num="141" count="35" type="stmt"/>
        <line num="143" count="35" type="stmt"/>
        <line num="146" count="35" type="stmt"/>
        <line num="147" count="35" type="stmt"/>
        <line num="148" count="35" type="stmt"/>
        <line num="152" count="35" type="stmt"/>
      </file>
      <file name="applyRules.ts" path="/Users/alex/dev/stylix/stylix-core/src/applyRules.ts">
        <metrics statements="38" coveredstatements="24" conditionals="24" coveredconditionals="17" methods="3" coveredmethods="3"/>
        <line num="3" count="16" type="stmt"/>
        <line num="4" count="30" type="stmt"/>
        <line num="5" count="47" type="cond" truecount="3" falsecount="1"/>
        <line num="12" count="16" type="stmt"/>
        <line num="13" count="31" type="cond" truecount="0" falsecount="1"/>
        <line num="14" count="0" type="stmt"/>
        <line num="15" count="0" type="stmt"/>
        <line num="16" count="0" type="stmt"/>
        <line num="17" count="0" type="stmt"/>
        <line num="20" count="31" type="cond" truecount="1" falsecount="0"/>
        <line num="22" count="29" type="stmt"/>
        <line num="25" count="29" type="cond" truecount="4" falsecount="0"/>
        <line num="26" count="1" type="stmt"/>
        <line num="27" count="1" type="stmt"/>
        <line num="28" count="1" type="cond" truecount="1" falsecount="0"/>
        <line num="29" count="1" type="stmt"/>
        <line num="32" count="29" type="cond" truecount="4" falsecount="0"/>
        <line num="33" count="28" type="stmt"/>
        <line num="34" count="28" type="stmt"/>
        <line num="37" count="1" type="cond" truecount="1" falsecount="0"/>
        <line num="40" count="1" type="cond" truecount="0" falsecount="1"/>
        <line num="41" count="0" type="stmt"/>
        <line num="42" count="0" type="cond" truecount="0" falsecount="2"/>
        <line num="43" count="0" type="stmt"/>
        <line num="44" count="0" type="cond" truecount="0" falsecount="1"/>
        <line num="45" count="0" type="stmt"/>
        <line num="49" count="1" type="stmt"/>
        <line num="51" count="1" type="stmt"/>
        <line num="52" count="1" type="cond" truecount="1" falsecount="1"/>
        <line num="53" count="0" type="stmt"/>
        <line num="54" count="0" type="stmt"/>
        <line num="57" count="0" type="stmt"/>
        <line num="61" count="1" type="cond" truecount="2" falsecount="0"/>
        <line num="62" count="0" type="stmt"/>
        <line num="64" count="1" type="stmt"/>
        <line num="65" count="2" type="stmt"/>
        <line num="66" count="2" type="stmt"/>
        <line num="69" count="0" type="stmt"/>
      </file>
      <file name="classifyProps.ts" path="/Users/alex/dev/stylix/stylix-core/src/classifyProps.ts">
        <metrics statements="17" coveredstatements="17" conditionals="9" coveredconditionals="9" methods="4" coveredmethods="4"/>
        <line num="1" count="18" type="stmt"/>
        <line num="2" count="50" type="stmt"/>
        <line num="3" count="50" type="stmt"/>
        <line num="5" count="50" type="stmt"/>
        <line num="8" count="79" type="cond" truecount="4" falsecount="0"/>
        <line num="9" count="54" type="stmt"/>
        <line num="11" count="25" type="stmt"/>
        <line num="15" count="50" type="stmt"/>
        <line num="22" count="18" type="stmt"/>
        <line num="23" count="295" type="cond" truecount="1" falsecount="0"/>
        <line num="24" count="234" type="stmt"/>
        <line num="25" count="234" type="cond" truecount="2" falsecount="0"/>
        <line num="27" count="61" type="stmt"/>
        <line num="30" count="18" type="stmt"/>
        <line num="32" count="424" type="cond" truecount="2" falsecount="0"/>
        <line num="35" count="18" type="stmt"/>
        <line num="36" count="6773" type="stmt"/>
      </file>
      <file name="elements.tsx" path="/Users/alex/dev/stylix/stylix-core/src/elements.tsx">
        <metrics statements="10" coveredstatements="10" conditionals="0" coveredconditionals="0" methods="2" coveredmethods="2"/>
        <line num="1" count="16" type="stmt"/>
        <line num="2" count="16" type="stmt"/>
        <line num="4" count="16" type="stmt"/>
        <line num="115" count="16" type="stmt"/>
        <line num="116" count="1632" type="stmt"/>
        <line num="117" count="1632" type="stmt"/>
        <line num="118" count="40" type="stmt"/>
        <line num="120" count="40" type="stmt"/>
        <line num="131" count="1632" type="stmt"/>
        <line num="132" count="1632" type="stmt"/>
      </file>
      <file name="getParentComponentName.ts" path="/Users/alex/dev/stylix/stylix-core/src/getParentComponentName.ts">
        <metrics statements="8" coveredstatements="5" conditionals="7" coveredconditionals="2" methods="1" coveredmethods="1"/>
        <line num="1" count="16" type="stmt"/>
        <line num="3" count="16" type="stmt"/>
        <line num="4" count="56" type="stmt"/>
        <line num="5" count="56" type="cond" truecount="2" falsecount="0"/>
        <line num="6" count="56" type="stmt"/>
        <line num="8" count="0" type="stmt"/>
        <line num="9" count="0" type="cond" truecount="0" falsecount="4"/>
        <line num="10" count="0" type="cond" truecount="0" falsecount="1"/>
      </file>
      <file name="index.ts" path="/Users/alex/dev/stylix/stylix-core/src/index.ts">
        <metrics statements="12" coveredstatements="12" conditionals="0" coveredconditionals="0" methods="14" coveredmethods="6"/>
        <line num="10" count="51" type="stmt"/>
        <line num="11" count="16" type="stmt"/>
        <line num="14" count="22" type="stmt"/>
        <line num="15" count="16" type="stmt"/>
        <line num="16" count="16" type="stmt"/>
        <line num="17" count="17" type="stmt"/>
        <line num="21" count="16" type="stmt"/>
        <line num="22" count="16" type="stmt"/>
        <line num="23" count="16" type="stmt"/>
        <line num="24" count="16" type="stmt"/>
        <line num="26" count="103" type="stmt"/>
        <line num="27" count="18" type="stmt"/>
      </file>
      <file name="styleCollector.tsx" path="/Users/alex/dev/stylix/stylix-core/src/styleCollector.tsx">
        <metrics statements="10" coveredstatements="4" conditionals="2" coveredconditionals="0" methods="3" coveredmethods="0"/>
        <line num="2" count="16" type="stmt"/>
        <line num="4" count="16" type="stmt"/>
        <line num="12" count="16" type="stmt"/>
        <line num="14" count="16" type="stmt"/>
        <line num="15" count="0" type="stmt"/>
        <line num="16" count="0" type="stmt"/>
        <line num="18" count="0" type="stmt"/>
        <line num="21" count="0" type="cond" truecount="0" falsecount="2"/>
        <line num="25" count="0" type="stmt"/>
        <line num="26" count="0" type="stmt"/>
      </file>
      <file name="stylesToRuleArray.ts" path="/Users/alex/dev/stylix/stylix-core/src/stylesToRuleArray.ts">
        <metrics statements="22" coveredstatements="18" conditionals="7" coveredconditionals="2" methods="2" coveredmethods="2"/>
        <line num="2" count="16" type="stmt"/>
        <line num="4" count="16" type="stmt"/>
        <line num="5" count="16" type="stmt"/>
        <line num="11" count="70" type="stmt"/>
        <line num="12" count="70" type="stmt"/>
        <line num="13" count="110" type="stmt"/>
        <line num="14" count="110" type="cond" truecount="2" falsecount="0"/>
        <line num="15" count="86" type="stmt"/>
        <line num="17" count="70" type="stmt"/>
        <line num="23" count="16" type="stmt"/>
        <line num="28" count="47" type="cond" truecount="0" falsecount="1"/>
        <line num="29" count="47" type="stmt"/>
        <line num="30" count="47" type="stmt"/>
        <line num="37" count="47" type="stmt"/>
        <line num="38" count="47" type="stmt"/>
        <line num="39" count="46" type="stmt"/>
        <line num="40" count="46" type="stmt"/>
        <line num="42" count="47" type="stmt"/>
        <line num="44" count="0" type="cond" truecount="0" falsecount="4"/>
        <line num="45" count="0" type="stmt"/>
        <line num="51" count="0" type="stmt"/>
        <line num="53" count="0" type="stmt"/>
      </file>
      <file name="useStyles.ts" path="/Users/alex/dev/stylix/stylix-core/src/useStyles.ts">
        <metrics statements="54" coveredstatements="54" conditionals="39" coveredconditionals="37" methods="8" coveredmethods="8"/>
        <line num="1" count="16" type="stmt"/>
        <line num="3" count="16" type="stmt"/>
        <line num="4" count="16" type="stmt"/>
        <line num="5" count="16" type="stmt"/>
        <line num="6" count="16" type="stmt"/>
        <line num="7" count="16" type="stmt"/>
        <line num="9" count="16" type="stmt"/>
        <line num="10" count="16" type="stmt"/>
        <line num="13" count="48" type="cond" truecount="1" falsecount="0"/>
        <line num="15" count="47" type="stmt"/>
        <line num="16" count="46" type="stmt"/>
        <line num="17" count="80" type="stmt"/>
        <line num="18" count="80" type="cond" truecount="3" falsecount="0"/>
        <line num="19" count="43" type="stmt"/>
        <line num="22" count="46" type="stmt"/>
        <line num="25" count="47" type="cond" truecount="2" falsecount="0"/>
        <line num="26" count="46" type="stmt"/>
        <line num="28" count="1" type="stmt"/>
        <line num="38" count="16" type="stmt"/>
        <line num="42" count="60" type="stmt"/>
        <line num="44" count="60" type="stmt"/>
        <line num="47" count="60" type="cond" truecount="3" falsecount="0"/>
        <line num="48" count="52" type="stmt"/>
        <line num="50" count="60" type="cond" truecount="4" falsecount="0"/>
        <line num="51" count="60" type="cond" truecount="3" falsecount="0"/>
        <line num="53" count="60" type="stmt"/>
        <line num="54" count="60" type="stmt"/>
        <line num="56" count="60" type="cond" truecount="2" falsecount="0"/>
        <line num="58" count="60" type="cond" truecount="3" falsecount="0"/>
        <line num="59" count="47" type="stmt"/>
        <line num="60" count="47" type="cond" truecount="1" falsecount="1"/>
        <line num="62" count="47" type="cond" truecount="1" falsecount="0"/>
        <line num="63" count="47" type="stmt"/>
        <line num="70" count="60" type="cond" truecount="1" falsecount="0"/>
        <line num="73" count="60" type="stmt"/>
        <line num="74" count="60" type="cond" truecount="4" falsecount="0"/>
        <line num="75" count="50" type="stmt"/>
        <line num="83" count="60" type="stmt"/>
        <line num="85" count="60" type="cond" truecount="1" falsecount="0"/>
        <line num="86" count="31" type="stmt"/>
        <line num="87" count="31" type="stmt"/>
        <line num="94" count="60" type="stmt"/>
        <line num="96" count="58" type="cond" truecount="3" falsecount="0"/>
        <line num="98" count="48" type="stmt"/>
        <line num="99" count="48" type="stmt"/>
        <line num="100" count="48" type="cond" truecount="0" falsecount="1"/>
        <line num="101" count="48" type="stmt"/>
        <line num="102" count="48" type="cond" truecount="1" falsecount="0"/>
        <line num="103" count="48" type="stmt"/>
        <line num="111" count="60" type="cond" truecount="2" falsecount="0"/>
        <line num="114" count="16" type="stmt"/>
        <line num="115" count="6" type="stmt"/>
        <line num="118" count="16" type="stmt"/>
        <line num="122" count="4" type="stmt"/>
      </file>
    </package>
    <package name="src.__tests">
      <metrics statements="15" coveredstatements="15" conditionals="0" coveredconditionals="0" methods="1" coveredmethods="1"/>
      <file name="util.tsx" path="/Users/alex/dev/stylix/stylix-core/src/__tests/util.tsx">
        <metrics statements="15" coveredstatements="15" conditionals="0" coveredconditionals="0" methods="1" coveredmethods="1"/>
        <line num="1" count="14" type="stmt"/>
        <line num="2" count="14" type="stmt"/>
        <line num="5" count="14" type="stmt"/>
        <line num="15" count="14" type="stmt"/>
        <line num="20" count="33" type="stmt"/>
        <line num="21" count="33" type="stmt"/>
        <line num="22" count="33" type="stmt"/>
        <line num="24" count="33" type="stmt"/>
        <line num="28" count="33" type="stmt"/>
        <line num="30" count="33" type="stmt"/>
        <line num="36" count="33" type="stmt"/>
        <line num="37" count="33" type="stmt"/>
        <line num="38" count="33" type="stmt"/>
        <line num="39" count="33" type="stmt"/>
        <line num="40" count="33" type="stmt"/>
      </file>
    </package>
    <package name="src.plugins">
      <metrics statements="168" coveredstatements="168" conditionals="86" coveredconditionals="80" methods="28" coveredmethods="28"/>
      <file name="cleanStyles.ts" path="/Users/alex/dev/stylix/stylix-core/src/plugins/cleanStyles.ts">
        <metrics statements="13" coveredstatements="13" conditionals="10" coveredconditionals="10" methods="2" coveredmethods="2"/>
        <line num="1" count="17" type="stmt"/>
        <line num="2" count="17" type="stmt"/>
        <line num="5" count="17" type="stmt"/>
        <line num="6" count="121" type="stmt"/>
        <line num="7" count="168" type="stmt"/>
        <line num="8" count="168" type="cond" truecount="6" falsecount="0"/>
        <line num="9" count="9" type="stmt"/>
        <line num="10" count="159" type="cond" truecount="3" falsecount="0"/>
        <line num="11" count="73" type="stmt"/>
        <line num="12" count="73" type="cond" truecount="1" falsecount="0"/>
        <line num="20" count="17" type="stmt"/>
        <line num="24" count="47" type="stmt"/>
        <line num="25" count="47" type="stmt"/>
      </file>
      <file name="customProps.ts" path="/Users/alex/dev/stylix/stylix-core/src/plugins/customProps.ts">
        <metrics statements="26" coveredstatements="26" conditionals="10" coveredconditionals="10" methods="5" coveredmethods="5"/>
        <line num="1" count="17" type="stmt"/>
        <line num="3" count="17" type="stmt"/>
        <line num="4" count="17" type="stmt"/>
        <line num="6" count="17" type="stmt"/>
        <line num="8" count="17" type="stmt"/>
        <line num="9" count="14" type="stmt"/>
        <line num="10" count="50" type="cond" truecount="3" falsecount="0"/>
        <line num="11" count="8" type="cond" truecount="2" falsecount="0"/>
        <line num="13" count="42" type="stmt"/>
        <line num="14" count="42" type="stmt"/>
        <line num="15" count="42" type="cond" truecount="1" falsecount="0"/>
        <line num="17" count="19" type="cond" truecount="1" falsecount="0"/>
        <line num="18" count="11" type="cond" truecount="1" falsecount="0"/>
        <line num="19" count="4" type="stmt"/>
        <line num="21" count="8" type="cond" truecount="1" falsecount="0"/>
        <line num="22" count="5" type="stmt"/>
        <line num="24" count="3" type="cond" truecount="1" falsecount="0"/>
        <line num="25" count="2" type="stmt"/>
        <line num="28" count="1" type="stmt"/>
        <line num="32" count="17" type="stmt"/>
        <line num="33" count="2" type="stmt"/>
        <line num="34" count="10" type="stmt"/>
        <line num="37" count="2" type="stmt"/>
        <line num="42" count="1" type="stmt"/>
        <line num="43" count="7" type="stmt"/>
        <line num="52" count="5" type="stmt"/>
      </file>
      <file name="defaultUnits.ts" path="/Users/alex/dev/stylix/stylix-core/src/plugins/defaultUnits.ts">
        <metrics statements="10" coveredstatements="10" conditionals="5" coveredconditionals="5" methods="3" coveredmethods="3"/>
        <line num="1" count="16" type="stmt"/>
        <line num="4" count="16" type="stmt"/>
        <line num="26" count="16" type="cond" truecount="2" falsecount="0"/>
        <line num="27" count="16" type="stmt"/>
        <line num="31" count="47" type="stmt"/>
        <line num="36" count="16" type="stmt"/>
        <line num="37" count="161" type="cond" truecount="3" falsecount="0"/>
        <line num="38" count="18" type="stmt"/>
        <line num="40" count="143" type="stmt"/>
        <line num="43" count="16" type="stmt"/>
      </file>
      <file name="hoistKeyframes.ts" path="/Users/alex/dev/stylix/stylix-core/src/plugins/hoistKeyframes.ts">
        <metrics statements="11" coveredstatements="11" conditionals="4" coveredconditionals="4" methods="2" coveredmethods="2"/>
        <line num="1" count="16" type="stmt"/>
        <line num="5" count="98" type="stmt"/>
        <line num="6" count="133" type="stmt"/>
        <line num="7" count="133" type="cond" truecount="2" falsecount="0"/>
        <line num="9" count="7" type="stmt"/>
        <line num="10" count="7" type="cond" truecount="1" falsecount="0"/>
        <line num="11" count="126" type="cond" truecount="1" falsecount="0"/>
        <line num="13" count="51" type="stmt"/>
        <line num="16" count="98" type="stmt"/>
        <line num="22" count="16" type="stmt"/>
        <line num="26" count="47" type="stmt"/>
      </file>
      <file name="index.ts" path="/Users/alex/dev/stylix/stylix-core/src/plugins/index.ts">
        <metrics statements="18" coveredstatements="18" conditionals="3" coveredconditionals="3" methods="2" coveredmethods="2"/>
        <line num="3" count="16" type="stmt"/>
        <line num="4" count="16" type="stmt"/>
        <line num="5" count="16" type="stmt"/>
        <line num="6" count="16" type="stmt"/>
        <line num="7" count="16" type="stmt"/>
        <line num="8" count="16" type="stmt"/>
        <line num="9" count="16" type="stmt"/>
        <line num="10" count="16" type="stmt"/>
        <line num="51" count="16" type="stmt"/>
        <line num="57" count="134" type="stmt"/>
        <line num="67" count="134" type="cond" truecount="2" falsecount="0"/>
        <line num="68" count="134" type="stmt"/>
        <line num="69" count="1094" type="stmt"/>
        <line num="70" count="1094" type="cond" truecount="1" falsecount="0"/>
        <line num="71" count="387" type="stmt"/>
        <line num="73" count="134" type="stmt"/>
        <line num="76" count="17" type="stmt"/>
        <line num="78" count="16" type="stmt"/>
      </file>
      <file name="mediaObjects.ts" path="/Users/alex/dev/stylix/stylix-core/src/plugins/mediaObjects.ts">
        <metrics statements="27" coveredstatements="27" conditionals="12" coveredconditionals="11" methods="4" coveredmethods="4"/>
        <line num="1" count="17" type="stmt"/>
        <line num="18" count="17" type="stmt"/>
        <line num="25" count="47" type="cond" truecount="1" falsecount="0"/>
        <line num="26" count="2" type="stmt"/>
        <line num="29" count="17" type="stmt"/>
        <line num="34" count="50" type="cond" truecount="3" falsecount="0"/>
        <line num="37" count="32" type="cond" truecount="1" falsecount="0"/>
        <line num="38" count="5" type="stmt"/>
        <line num="41" count="29" type="stmt"/>
        <line num="43" count="29" type="stmt"/>
        <line num="45" count="29" type="stmt"/>
        <line num="46" count="56" type="stmt"/>
        <line num="48" count="56" type="cond" truecount="1" falsecount="0"/>
        <line num="49" count="37" type="cond" truecount="1" falsecount="0"/>
        <line num="51" count="30" type="stmt"/>
        <line num="52" count="30" type="stmt"/>
        <line num="56" count="7" type="stmt"/>
        <line num="57" count="18" type="stmt"/>
        <line num="58" count="18" type="stmt"/>
        <line num="65" count="7" type="stmt"/>
        <line num="68" count="19" type="cond" truecount="1" falsecount="0"/>
        <line num="69" count="8" type="stmt"/>
        <line num="70" count="8" type="stmt"/>
        <line num="76" count="8" type="stmt"/>
        <line num="80" count="11" type="stmt"/>
        <line num="83" count="29" type="stmt"/>
        <line num="84" count="29" type="cond" truecount="3" falsecount="1"/>
      </file>
      <file name="mergeArrays.ts" path="/Users/alex/dev/stylix/stylix-core/src/plugins/mergeArrays.ts">
        <metrics statements="40" coveredstatements="40" conditionals="22" coveredconditionals="21" methods="4" coveredmethods="4"/>
        <line num="2" count="19" type="stmt"/>
        <line num="8" count="19" type="stmt"/>
        <line num="11" count="47" type="stmt"/>
        <line num="14" count="19" type="stmt"/>
        <line num="15" count="183" type="cond" truecount="1" falsecount="0"/>
        <line num="16" count="118" type="stmt"/>
        <line num="20" count="72" type="stmt"/>
        <line num="21" count="72" type="stmt"/>
        <line num="23" count="72" type="cond" truecount="1" falsecount="0"/>
        <line num="24" count="2" type="stmt"/>
        <line num="27" count="72" type="stmt"/>
        <line num="28" count="90" type="stmt"/>
        <line num="30" count="90" type="cond" truecount="1" falsecount="0"/>
        <line num="31" count="5" type="stmt"/>
        <line num="35" count="90" type="cond" truecount="0" falsecount="1"/>
        <line num="38" count="90" type="cond" truecount="3" falsecount="0"/>
        <line num="39" count="2" type="stmt"/>
        <line num="40" count="2" type="stmt"/>
        <line num="44" count="88" type="cond" truecount="1" falsecount="0"/>
        <line num="45" count="1" type="stmt"/>
        <line num="46" count="1" type="stmt"/>
        <line num="49" count="87" type="stmt"/>
        <line num="50" count="103" type="stmt"/>
        <line num="52" count="103" type="cond" truecount="2" falsecount="0"/>
        <line num="54" count="33" type="cond" truecount="2" falsecount="0"/>
        <line num="56" count="18" type="cond" truecount="1" falsecount="0"/>
        <line num="57" count="15" type="cond" truecount="1" falsecount="0"/>
        <line num="58" count="15" type="stmt"/>
        <line num="64" count="15" type="stmt"/>
        <line num="69" count="72" type="stmt"/>
        <line num="72" count="19" type="stmt"/>
        <line num="77" count="190" type="cond" truecount="3" falsecount="0"/>
        <line num="78" count="189" type="cond" truecount="1" falsecount="0"/>
        <line num="79" count="188" type="cond" truecount="1" falsecount="0"/>
        <line num="80" count="3" type="stmt"/>
        <line num="83" count="185" type="stmt"/>
        <line num="84" count="299" type="cond" truecount="3" falsecount="0"/>
        <line num="85" count="116" type="stmt"/>
        <line num="88" count="185" type="stmt"/>
        <line num="89" count="185" type="stmt"/>
      </file>
      <file name="prepareStyles.ts" path="/Users/alex/dev/stylix/stylix-core/src/plugins/prepareStyles.ts">
        <metrics statements="6" coveredstatements="6" conditionals="8" coveredconditionals="7" methods="2" coveredmethods="2"/>
        <line num="1" count="16" type="stmt"/>
        <line num="7" count="16" type="stmt"/>
        <line num="11" count="52" type="cond" truecount="2" falsecount="0"/>
        <line num="12" count="52" type="cond" truecount="2" falsecount="1"/>
        <line num="13" count="52" type="cond" truecount="3" falsecount="0"/>
        <line num="14" count="50" type="stmt"/>
      </file>
      <file name="propCasing.ts" path="/Users/alex/dev/stylix/stylix-core/src/plugins/propCasing.ts">
        <metrics statements="10" coveredstatements="10" conditionals="4" coveredconditionals="4" methods="2" coveredmethods="2"/>
        <line num="2" count="16" type="stmt"/>
        <line num="3" count="16" type="stmt"/>
        <line num="9" count="16" type="stmt"/>
        <line num="13" count="47" type="stmt"/>
        <line num="17" count="16" type="stmt"/>
        <line num="24" count="161" type="cond" truecount="3" falsecount="0"/>
        <line num="25" count="160" type="stmt"/>
        <line num="26" count="160" type="cond" truecount="1" falsecount="0"/>
        <line num="27" count="87" type="stmt"/>
        <line num="29" count="73" type="stmt"/>
      </file>
      <file name="replace$$class.ts" path="/Users/alex/dev/stylix/stylix-core/src/plugins/replace$$class.ts">
        <metrics statements="7" coveredstatements="7" conditionals="8" coveredconditionals="5" methods="2" coveredmethods="2"/>
        <line num="1" count="16" type="stmt"/>
        <line num="7" count="16" type="stmt"/>
        <line num="11" count="47" type="stmt"/>
        <line num="15" count="16" type="stmt"/>
        <line num="22" count="161" type="stmt"/>
        <line num="26" count="161" type="cond" truecount="2" falsecount="2"/>
        <line num="27" count="161" type="stmt"/>
      </file>
    </package>
    <package name="src.util">
      <metrics statements="49" coveredstatements="49" conditionals="39" coveredconditionals="38" methods="8" coveredmethods="8"/>
      <file name="cx.ts" path="/Users/alex/dev/stylix/stylix-core/src/util/cx.ts">
        <metrics statements="15" coveredstatements="15" conditionals="12" coveredconditionals="12" methods="2" coveredmethods="2"/>
        <line num="10" count="25" type="stmt"/>
        <line num="11" count="25" type="stmt"/>
        <line num="12" count="44" type="cond" truecount="4" falsecount="0"/>
        <line num="13" count="19" type="stmt"/>
        <line num="14" count="25" type="cond" truecount="2" falsecount="0"/>
        <line num="15" count="5" type="stmt"/>
        <line num="16" count="20" type="cond" truecount="2" falsecount="0"/>
        <line num="17" count="6" type="stmt"/>
        <line num="18" count="14" type="cond" truecount="3" falsecount="0"/>
        <line num="19" count="3" type="stmt"/>
        <line num="20" count="10" type="cond" truecount="1" falsecount="0"/>
        <line num="21" count="6" type="stmt"/>
        <line num="26" count="25" type="stmt"/>
        <line num="39" count="17" type="stmt"/>
        <line num="40" count="14" type="stmt"/>
      </file>
      <file name="isEmpty.ts" path="/Users/alex/dev/stylix/stylix-core/src/util/isEmpty.ts">
        <metrics statements="6" coveredstatements="6" conditionals="3" coveredconditionals="3" methods="1" coveredmethods="1"/>
        <line num="1" count="21" type="stmt"/>
        <line num="2" count="539" type="cond" truecount="1" falsecount="0"/>
        <line num="3" count="494" type="cond" truecount="1" falsecount="0"/>
        <line num="4" count="460" type="stmt"/>
        <line num="5" count="20" type="cond" truecount="1" falsecount="0"/>
        <line num="6" count="3" type="stmt"/>
      </file>
      <file name="isPlainObject.ts" path="/Users/alex/dev/stylix/stylix-core/src/util/isPlainObject.ts">
        <metrics statements="3" coveredstatements="3" conditionals="3" coveredconditionals="3" methods="1" coveredmethods="1"/>
        <line num="4" count="19" type="stmt"/>
        <line num="5" count="496" type="cond" truecount="3" falsecount="0"/>
        <line num="6" count="207" type="stmt"/>
      </file>
      <file name="mapObject.ts" path="/Users/alex/dev/stylix/stylix-core/src/util/mapObject.ts">
        <metrics statements="18" coveredstatements="18" conditionals="15" coveredconditionals="15" methods="2" coveredmethods="2"/>
        <line num="66" count="18" type="stmt"/>
        <line num="71" count="613" type="cond" truecount="1" falsecount="0"/>
        <line num="72" count="397" type="cond" truecount="2" falsecount="0"/>
        <line num="73" count="397" type="stmt"/>
        <line num="74" count="551" type="cond" truecount="2" falsecount="0"/>
        <line num="75" count="551" type="stmt"/>
        <line num="77" count="551" type="stmt"/>
        <line num="78" count="551" type="stmt"/>
        <line num="79" count="450" type="stmt"/>
        <line num="82" count="551" type="cond" truecount="1" falsecount="0"/>
        <line num="84" count="546" type="cond" truecount="3" falsecount="0"/>
        <line num="85" count="5" type="stmt"/>
        <line num="86" count="5" type="stmt"/>
        <line num="89" count="541" type="cond" truecount="1" falsecount="0"/>
        <line num="95" count="539" type="stmt"/>
        <line num="96" count="539" type="stmt"/>
        <line num="99" count="2" type="stmt"/>
        <line num="104" count="395" type="stmt"/>
      </file>
      <file name="useIsoLayoutEffect.ts" path="/Users/alex/dev/stylix/stylix-core/src/util/useIsoLayoutEffect.ts">
        <metrics statements="7" coveredstatements="7" conditionals="6" coveredconditionals="5" methods="2" coveredmethods="2"/>
        <line num="1" count="16" type="stmt"/>
        <line num="3" count="16" type="stmt"/>
        <line num="4" count="33" type="cond" truecount="2" falsecount="0"/>
        <line num="6" count="16" type="stmt"/>
        <line num="12" count="120" type="cond" truecount="2" falsecount="0"/>
        <line num="13" count="4" type="cond" truecount="1" falsecount="0"/>
        <line num="15" count="116" type="stmt"/>
      </file>
    </package>
  </project>
</coverage>
