{"/Users/alex/dev/stylix/stylix-core/src/RenderServerStyles.tsx": {"path":"/Users/alex/dev/stylix/stylix-core/src/RenderServerStyles.tsx","statementMap":{"0":{"start":{"line":6,"column":0},"end":{"line":6,"column":16}},"1":{"start":{"line":1,"column":0},"end":{"line":1,"column":44}},"2":{"start":{"line":3,"column":0},"end":{"line":3,"column":46}},"3":{"start":{"line":4,"column":0},"end":{"line":4,"column":52}},"4":{"start":{"line":7,"column":14},"end":{"line":7,"column":32}},"5":{"start":{"line":8,"column":2},"end":{"line":8,"column":79}}},"fnMap":{"0":{"name":"RenderServerStyles","decl":{"start":{"line":6,"column":16},"end":{"line":6,"column":34}},"loc":{"start":{"line":6,"column":69},"end":{"line":9,"column":1}}}},"branchMap":{"0":{"loc":{"start":{"line":8,"column":31},"end":{"line":8,"column":63}},"type":"cond-expr","locations":[{"start":{"line":8,"column":41},"end":{"line":8,"column":58}},{"start":{"line":8,"column":61},"end":{"line":8,"column":63}}]}},"s":{"0":16,"1":16,"2":16,"3":16,"4":2,"5":2},"f":{"0":2},"b":{"0":[1,1]}}
,"/Users/alex/dev/stylix/stylix-core/src/StyleElement.tsx": {"path":"/Users/alex/dev/stylix/stylix-core/src/StyleElement.tsx","statementMap":{"0":{"start":{"line":3,"column":0},"end":{"line":3,"column":16}},"1":{"start":{"line":4,"column":31},"end":{"line":4,"column":36}},"2":{"start":{"line":5,"column":2},"end":{"line":7,"column":4}}},"fnMap":{"0":{"name":"StyleElement","decl":{"start":{"line":3,"column":16},"end":{"line":3,"column":28}},"loc":{"start":{"line":3,"column":86},"end":{"line":8,"column":1}}}},"branchMap":{},"s":{"0":16,"1":2,"2":2},"f":{"0":2},"b":{}}
,"/Users/alex/dev/stylix/stylix-core/src/Stylix.tsx": {"path":"/Users/alex/dev/stylix/stylix-core/src/Stylix.tsx","statementMap":{"0":{"start":{"line":71,"column":0},"end":{"line":71,"column":16}},"1":{"start":{"line":1,"column":0},"end":{"line":1,"column":26}},"2":{"start":{"line":3,"column":0},"end":{"line":3,"column":52}},"3":{"start":{"line":5,"column":0},"end":{"line":5,"column":40}},"4":{"start":{"line":6,"column":0},"end":{"line":6,"column":41}},"5":{"start":{"line":75,"column":79},"end":{"line":75,"column":84}},"6":{"start":{"line":77,"column":14},"end":{"line":77,"column":32}},"7":{"start":{"line":78,"column":35},"end":{"line":78,"column":58}},"8":{"start":{"line":80,"column":29},"end":{"line":80,"column":31}},"9":{"start":{"line":81,"column":2},"end":{"line":81,"column":52}},"10":{"start":{"line":81,"column":28},"end":{"line":81,"column":52}},"11":{"start":{"line":82,"column":2},"end":{"line":82,"column":40}},"12":{"start":{"line":82,"column":22},"end":{"line":82,"column":40}},"13":{"start":{"line":83,"column":2},"end":{"line":83,"column":59}},"14":{"start":{"line":83,"column":40},"end":{"line":83,"column":59}},"15":{"start":{"line":84,"column":26},"end":{"line":84,"column":43}},"16":{"start":{"line":86,"column":20},"end":{"line":86,"column":84}},"17":{"start":{"line":88,"column":2},"end":{"line":105,"column":3}},"18":{"start":{"line":89,"column":21},"end":{"line":99,"column":6}},"19":{"start":{"line":100,"column":4},"end":{"line":104,"column":6}},"20":{"start":{"line":107,"column":2},"end":{"line":114,"column":3}},"21":{"start":{"line":108,"column":22},"end":{"line":108,"column":42}},"22":{"start":{"line":109,"column":4},"end":{"line":113,"column":6}},"23":{"start":{"line":116,"column":2},"end":{"line":118,"column":3}},"24":{"start":{"line":117,"column":4},"end":{"line":117,"column":99}},"25":{"start":{"line":120,"column":2},"end":{"line":120,"column":95}},"26":{"start":{"line":123,"column":13},"end":{"line":125,"column":33}},"27":{"start":{"line":126,"column":0},"end":{"line":126,"column":30}},"28":{"start":{"line":127,"column":0},"end":{"line":127,"column":25}}},"fnMap":{"0":{"name":"_Stylix","decl":{"start":{"line":71,"column":16},"end":{"line":71,"column":23}},"loc":{"start":{"line":73,"column":26},"end":{"line":121,"column":1}}}},"branchMap":{"0":{"loc":{"start":{"line":81,"column":2},"end":{"line":81,"column":52}},"type":"if","locations":[{"start":{"line":81,"column":2},"end":{"line":81,"column":52}},{"start":{},"end":{}}]},"1":{"loc":{"start":{"line":82,"column":2},"end":{"line":82,"column":40}},"type":"if","locations":[{"start":{"line":82,"column":2},"end":{"line":82,"column":40}},{"start":{},"end":{}}]},"2":{"loc":{"start":{"line":83,"column":2},"end":{"line":83,"column":59}},"type":"if","locations":[{"start":{"line":83,"column":2},"end":{"line":83,"column":59}},{"start":{},"end":{}}]},"3":{"loc":{"start":{"line":83,"column":6},"end":{"line":83,"column":38}},"type":"binary-expr","locations":[{"start":{"line":83,"column":6},"end":{"line":83,"column":25}},{"start":{"line":83,"column":29},"end":{"line":83,"column":38}}]},"4":{"loc":{"start":{"line":86,"column":20},"end":{"line":86,"column":84}},"type":"binary-expr","locations":[{"start":{"line":86,"column":20},"end":{"line":86,"column":71}},{"start":{"line":86,"column":75},"end":{"line":86,"column":84}}]},"5":{"loc":{"start":{"line":86,"column":42},"end":{"line":86,"column":62}},"type":"binary-expr","locations":[{"start":{"line":86,"column":42},"end":{"line":86,"column":56}},{"start":{"line":86,"column":60},"end":{"line":86,"column":62}}]},"6":{"loc":{"start":{"line":88,"column":2},"end":{"line":105,"column":3}},"type":"if","locations":[{"start":{"line":88,"column":2},"end":{"line":105,"column":3}},{"start":{},"end":{}}]},"7":{"loc":{"start":{"line":98,"column":17},"end":{"line":98,"column":95}},"type":"binary-expr","locations":[{"start":{"line":98,"column":17},"end":{"line":98,"column":82}},{"start":{"line":98,"column":86},"end":{"line":98,"column":95}}]},"8":{"loc":{"start":{"line":98,"column":21},"end":{"line":98,"column":54}},"type":"binary-expr","locations":[{"start":{"line":98,"column":21},"end":{"line":98,"column":48}},{"start":{"line":98,"column":52},"end":{"line":98,"column":54}}]},"9":{"loc":{"start":{"line":98,"column":58},"end":{"line":98,"column":73}},"type":"binary-expr","locations":[{"start":{"line":98,"column":58},"end":{"line":98,"column":67}},{"start":{"line":98,"column":71},"end":{"line":98,"column":73}}]},"10":{"loc":{"start":{"line":103,"column":10},"end":{"line":103,"column":67}},"type":"binary-expr","locations":[{"start":{"line":103,"column":10},"end":{"line":103,"column":61}},{"start":{"line":103,"column":65},"end":{"line":103,"column":67}}]},"11":{"loc":{"start":{"line":107,"column":2},"end":{"line":114,"column":3}},"type":"if","locations":[{"start":{"line":107,"column":2},"end":{"line":114,"column":3}},{"start":{},"end":{}}]},"12":{"loc":{"start":{"line":116,"column":2},"end":{"line":118,"column":3}},"type":"if","locations":[{"start":{"line":116,"column":2},"end":{"line":118,"column":3}},{"start":{},"end":{}}]},"13":{"loc":{"start":{"line":117,"column":19},"end":{"line":117,"column":41}},"type":"binary-expr","locations":[{"start":{"line":117,"column":19},"end":{"line":117,"column":28}},{"start":{"line":117,"column":32},"end":{"line":117,"column":41}}]},"14":{"loc":{"start":{"line":117,"column":74},"end":{"line":117,"column":94}},"type":"cond-expr","locations":[{"start":{"line":117,"column":80},"end":{"line":117,"column":87}},{"start":{"line":117,"column":90},"end":{"line":117,"column":94}}]}},"s":{"0":16,"1":16,"2":16,"3":16,"4":16,"5":51,"6":51,"7":51,"8":51,"9":51,"10":39,"11":51,"12":9,"13":51,"14":38,"15":51,"16":51,"17":51,"18":2,"19":2,"20":49,"21":1,"22":1,"23":48,"24":48,"25":0,"26":16,"27":16,"28":16},"f":{"0":51},"b":{"0":[39,12],"1":[9,42],"2":[38,13],"3":[51,38],"4":[51,10],"5":[51,48],"6":[2,49],"7":[2,0],"8":[2,0],"9":[2,0],"10":[2,0],"11":[1,48],"12":[48,0],"13":[48,10],"14":[0,48]}}
,"/Users/alex/dev/stylix/stylix-core/src/StylixProvider.tsx": {"path":"/Users/alex/dev/stylix/stylix-core/src/StylixProvider.tsx","statementMap":{"0":{"start":{"line":66,"column":0},"end":{"line":66,"column":16}},"1":{"start":{"line":121,"column":0},"end":{"line":121,"column":16}},"2":{"start":{"line":130,"column":0},"end":{"line":130,"column":16}},"3":{"start":{"line":2,"column":0},"end":{"line":2,"column":69}},"4":{"start":{"line":4,"column":0},"end":{"line":4,"column":71}},"5":{"start":{"line":5,"column":0},"end":{"line":5,"column":40}},"6":{"start":{"line":6,"column":0},"end":{"line":6,"column":76}},"7":{"start":{"line":8,"column":0},"end":{"line":8,"column":57}},"8":{"start":{"line":9,"column":0},"end":{"line":9,"column":54}},"9":{"start":{"line":67,"column":2},"end":{"line":72,"column":3}},"10":{"start":{"line":68,"column":4},"end":{"line":68,"column":27}},"11":{"start":{"line":69,"column":4},"end":{"line":71,"column":5}},"12":{"start":{"line":70,"column":6},"end":{"line":70,"column":62}},"13":{"start":{"line":74,"column":14},"end":{"line":91,"column":21}},"14":{"start":{"line":88,"column":30},"end":{"line":88,"column":67}},"15":{"start":{"line":89,"column":6},"end":{"line":89,"column":29}},"16":{"start":{"line":93,"column":2},"end":{"line":107,"column":3}},"17":{"start":{"line":94,"column":24},"end":{"line":94,"column":49}},"18":{"start":{"line":95,"column":4},"end":{"line":106,"column":5}},"19":{"start":{"line":96,"column":21},"end":{"line":96,"column":35}},"20":{"start":{"line":97,"column":24},"end":{"line":97,"column":26}},"21":{"start":{"line":98,"column":6},"end":{"line":102,"column":74}},"22":{"start":{"line":99,"column":8},"end":{"line":99,"column":57}},"23":{"start":{"line":100,"column":11},"end":{"line":102,"column":74}},"24":{"start":{"line":101,"column":8},"end":{"line":101,"column":60}},"25":{"start":{"line":102,"column":11},"end":{"line":102,"column":74}},"26":{"start":{"line":102,"column":45},"end":{"line":102,"column":74}},"27":{"start":{"line":104,"column":6},"end":{"line":105,"column":54}},"28":{"start":{"line":104,"column":30},"end":{"line":104,"column":55}},"29":{"start":{"line":105,"column":11},"end":{"line":105,"column":54}},"30":{"start":{"line":108,"column":2},"end":{"line":108,"column":46}},"31":{"start":{"line":110,"column":2},"end":{"line":110,"column":13}},"32":{"start":{"line":114,"column":22},"end":{"line":114,"column":73}},"33":{"start":{"line":122,"column":14},"end":{"line":122,"column":39}},"34":{"start":{"line":123,"column":2},"end":{"line":126,"column":3}},"35":{"start":{"line":124,"column":4},"end":{"line":124,"column":76}},"36":{"start":{"line":124,"column":31},"end":{"line":124,"column":76}},"37":{"start":{"line":125,"column":4},"end":{"line":125,"column":32}},"38":{"start":{"line":127,"column":2},"end":{"line":127,"column":13}},"39":{"start":{"line":139,"column":14},"end":{"line":139,"column":48}},"40":{"start":{"line":140,"column":2},"end":{"line":141,"column":90}},"41":{"start":{"line":141,"column":4},"end":{"line":141,"column":90}},"42":{"start":{"line":143,"column":2},"end":{"line":143,"column":65}},"43":{"start":{"line":146,"column":2},"end":{"line":150,"column":9}},"44":{"start":{"line":147,"column":4},"end":{"line":149,"column":6}},"45":{"start":{"line":148,"column":6},"end":{"line":148,"column":42}},"46":{"start":{"line":152,"column":2},"end":{"line":152,"column":89}}},"fnMap":{"0":{"name":"createStylixContext","decl":{"start":{"line":66,"column":16},"end":{"line":66,"column":35}},"loc":{"start":{"line":66,"column":83},"end":{"line":111,"column":1}}},"1":{"name":"(anonymous_2)","decl":{"start":{"line":87,"column":4},"end":{"line":87,"column":17}},"loc":{"start":{"line":87,"column":48},"end":{"line":90,"column":5}}},"2":{"name":"useStylixContext","decl":{"start":{"line":121,"column":16},"end":{"line":121,"column":32}},"loc":{"start":{"line":121,"column":32},"end":{"line":128,"column":1}}},"3":{"name":"StylixProvider","decl":{"start":{"line":130,"column":16},"end":{"line":130,"column":30}},"loc":{"start":{"line":138,"column":22},"end":{"line":153,"column":1}}},"4":{"name":"(anonymous_5)","decl":{"start":{"line":146,"column":12},"end":{"line":146,"column":15}},"loc":{"start":{"line":146,"column":17},"end":{"line":150,"column":3}}},"5":{"name":"(anonymous_6)","decl":{"start":{"line":147,"column":11},"end":{"line":147,"column":14}},"loc":{"start":{"line":147,"column":16},"end":{"line":149,"column":5}}}},"branchMap":{"0":{"loc":{"start":{"line":66,"column":36},"end":{"line":66,"column":83}},"type":"default-arg","locations":[{"start":{"line":66,"column":49},"end":{"line":66,"column":83}}]},"1":{"loc":{"start":{"line":67,"column":2},"end":{"line":72,"column":3}},"type":"if","locations":[{"start":{"line":67,"column":2},"end":{"line":72,"column":3}},{"start":{},"end":{}}]},"2":{"loc":{"start":{"line":75,"column":8},"end":{"line":75,"column":35}},"type":"binary-expr","locations":[{"start":{"line":75,"column":8},"end":{"line":75,"column":21}},{"start":{"line":75,"column":25},"end":{"line":75,"column":35}}]},"3":{"loc":{"start":{"line":83,"column":9},"end":{"line":83,"column":38}},"type":"binary-expr","locations":[{"start":{"line":83,"column":9},"end":{"line":83,"column":23}},{"start":{"line":83,"column":27},"end":{"line":83,"column":38}}]},"4":{"loc":{"start":{"line":93,"column":2},"end":{"line":107,"column":3}},"type":"if","locations":[{"start":{"line":93,"column":2},"end":{"line":107,"column":3}},{"start":{},"end":{}}]},"5":{"loc":{"start":{"line":98,"column":6},"end":{"line":102,"column":74}},"type":"if","locations":[{"start":{"line":98,"column":6},"end":{"line":102,"column":74}},{"start":{"line":100,"column":11},"end":{"line":102,"column":74}}]},"6":{"loc":{"start":{"line":98,"column":10},"end":{"line":98,"column":62}},"type":"binary-expr","locations":[{"start":{"line":98,"column":10},"end":{"line":98,"column":23}},{"start":{"line":98,"column":27},"end":{"line":98,"column":62}}]},"7":{"loc":{"start":{"line":100,"column":11},"end":{"line":102,"column":74}},"type":"if","locations":[{"start":{"line":100,"column":11},"end":{"line":102,"column":74}},{"start":{"line":102,"column":11},"end":{"line":102,"column":74}}]},"8":{"loc":{"start":{"line":100,"column":15},"end":{"line":100,"column":65}},"type":"binary-expr","locations":[{"start":{"line":100,"column":15},"end":{"line":100,"column":27}},{"start":{"line":100,"column":31},"end":{"line":100,"column":65}}]},"9":{"loc":{"start":{"line":102,"column":11},"end":{"line":102,"column":74}},"type":"if","locations":[{"start":{"line":102,"column":11},"end":{"line":102,"column":74}},{"start":{},"end":{}}]},"10":{"loc":{"start":{"line":104,"column":6},"end":{"line":105,"column":54}},"type":"if","locations":[{"start":{"line":104,"column":6},"end":{"line":105,"column":54}},{"start":{"line":105,"column":11},"end":{"line":105,"column":54}}]},"11":{"loc":{"start":{"line":123,"column":2},"end":{"line":126,"column":3}},"type":"if","locations":[{"start":{"line":123,"column":2},"end":{"line":126,"column":3}},{"start":{},"end":{}}]},"12":{"loc":{"start":{"line":124,"column":4},"end":{"line":124,"column":76}},"type":"if","locations":[{"start":{"line":124,"column":4},"end":{"line":124,"column":76}},{"start":{},"end":{}}]},"13":{"loc":{"start":{"line":140,"column":2},"end":{"line":141,"column":90}},"type":"if","locations":[{"start":{"line":140,"column":2},"end":{"line":141,"column":90}},{"start":{},"end":{}}]}},"s":{"0":16,"1":16,"2":16,"3":16,"4":16,"5":16,"6":16,"7":16,"8":16,"9":36,"10":15,"11":15,"12":6480,"13":36,"14":51,"15":51,"16":36,"17":1,"18":1,"19":2,"20":2,"21":2,"22":1,"23":1,"24":0,"25":1,"26":0,"27":2,"28":1,"29":1,"30":36,"31":36,"32":16,"33":114,"34":114,"35":0,"36":0,"37":0,"38":114,"39":36,"40":36,"41":36,"42":36,"43":36,"44":36,"45":36,"46":36},"f":{"0":36,"1":51,"2":114,"3":36,"4":36,"5":36},"b":{"0":[0],"1":[15,21],"2":[36,36],"3":[36,34],"4":[1,35],"5":[1,1],"6":[2,1],"7":[0,1],"8":[1,0],"9":[0,1],"10":[1,1],"11":[0,114],"12":[0,0],"13":[36,0]}}
,"/Users/alex/dev/stylix/stylix-core/src/applyRules.ts": {"path":"/Users/alex/dev/stylix/stylix-core/src/applyRules.ts","statementMap":{"0":{"start":{"line":3,"column":0},"end":{"line":3,"column":16}},"1":{"start":{"line":12,"column":0},"end":{"line":12,"column":24}},"2":{"start":{"line":4,"column":2},"end":{"line":6,"column":21}},"3":{"start":{"line":5,"column":23},"end":{"line":5,"column":59}},"4":{"start":{"line":13,"column":2},"end":{"line":18,"column":3}},"5":{"start":{"line":14,"column":27},"end":{"line":14,"column":44}},"6":{"start":{"line":15,"column":4},"end":{"line":15,"column":34}},"7":{"start":{"line":16,"column":4},"end":{"line":16,"column":47}},"8":{"start":{"line":17,"column":4},"end":{"line":17,"column":11}},"9":{"start":{"line":20,"column":2},"end":{"line":20,"column":22}},"10":{"start":{"line":20,"column":15},"end":{"line":20,"column":22}},"11":{"start":{"line":22,"column":37},"end":{"line":22,"column":69}},"12":{"start":{"line":25,"column":2},"end":{"line":30,"column":3}},"13":{"start":{"line":26,"column":4},"end":{"line":26,"column":55}},"14":{"start":{"line":27,"column":4},"end":{"line":27,"column":42}},"15":{"start":{"line":28,"column":4},"end":{"line":28,"column":57}},"16":{"start":{"line":28,"column":16},"end":{"line":28,"column":57}},"17":{"start":{"line":29,"column":4},"end":{"line":29,"column":48}},"18":{"start":{"line":32,"column":2},"end":{"line":58,"column":3}},"19":{"start":{"line":34,"column":27},"end":{"line":34,"column":44}},"20":{"start":{"line":35,"column":4},"end":{"line":35,"column":59}},"21":{"start":{"line":38,"column":4},"end":{"line":45,"column":5}},"22":{"start":{"line":39,"column":6},"end":{"line":39,"column":43}},"23":{"start":{"line":40,"column":6},"end":{"line":44,"column":7}},"24":{"start":{"line":41,"column":8},"end":{"line":41,"column":57}},"25":{"start":{"line":42,"column":13},"end":{"line":44,"column":7}},"26":{"start":{"line":43,"column":8},"end":{"line":43,"column":60}},"27":{"start":{"line":47,"column":23},"end":{"line":47,"column":37}},"28":{"start":{"line":49,"column":27},"end":{"line":49,"column":44}},"29":{"start":{"line":50,"column":4},"end":{"line":57,"column":5}},"30":{"start":{"line":51,"column":6},"end":{"line":56,"column":7}},"31":{"start":{"line":52,"column":8},"end":{"line":52,"column":58}},"32":{"start":{"line":55,"column":8},"end":{"line":55,"column":24}}},"fnMap":{"0":{"name":"flattenRules","decl":{"start":{"line":3,"column":16},"end":{"line":3,"column":28}},"loc":{"start":{"line":3,"column":47},"end":{"line":7,"column":1}}},"1":{"name":"(anonymous_1)","decl":{"start":{"line":5,"column":13},"end":{"line":5,"column":14}},"loc":{"start":{"line":5,"column":23},"end":{"line":5,"column":59}}},"2":{"name":"applyRules","decl":{"start":{"line":12,"column":24},"end":{"line":12,"column":34}},"loc":{"start":{"line":12,"column":53},"end":{"line":59,"column":1}}}},"branchMap":{"0":{"loc":{"start":{"line":5,"column":23},"end":{"line":5,"column":59}},"type":"cond-expr","locations":[{"start":{"line":5,"column":45},"end":{"line":5,"column":54}},{"start":{"line":5,"column":57},"end":{"line":5,"column":59}}]},"1":{"loc":{"start":{"line":5,"column":23},"end":{"line":5,"column":42}},"type":"binary-expr","locations":[{"start":{"line":5,"column":23},"end":{"line":5,"column":26}},{"start":{"line":5,"column":30},"end":{"line":5,"column":42}}]},"2":{"loc":{"start":{"line":13,"column":2},"end":{"line":18,"column":3}},"type":"if","locations":[{"start":{"line":13,"column":2},"end":{"line":18,"column":3}},{"start":{},"end":{}}]},"3":{"loc":{"start":{"line":20,"column":2},"end":{"line":20,"column":22}},"type":"if","locations":[{"start":{"line":20,"column":2},"end":{"line":20,"column":22}},{"start":{},"end":{}}]},"4":{"loc":{"start":{"line":25,"column":2},"end":{"line":30,"column":3}},"type":"if","locations":[{"start":{"line":25,"column":2},"end":{"line":30,"column":3}},{"start":{},"end":{}}]},"5":{"loc":{"start":{"line":25,"column":6},"end":{"line":25,"column":71}},"type":"binary-expr","locations":[{"start":{"line":25,"column":6},"end":{"line":25,"column":23}},{"start":{"line":25,"column":28},"end":{"line":25,"column":39}},{"start":{"line":25,"column":43},"end":{"line":25,"column":70}}]},"6":{"loc":{"start":{"line":28,"column":4},"end":{"line":28,"column":57}},"type":"if","locations":[{"start":{"line":28,"column":4},"end":{"line":28,"column":57}},{"start":{},"end":{}}]},"7":{"loc":{"start":{"line":32,"column":2},"end":{"line":58,"column":3}},"type":"if","locations":[{"start":{"line":32,"column":2},"end":{"line":58,"column":3}},{"start":{"line":36,"column":9},"end":{"line":58,"column":3}}]},"8":{"loc":{"start":{"line":38,"column":4},"end":{"line":45,"column":5}},"type":"if","locations":[{"start":{"line":38,"column":4},"end":{"line":45,"column":5}},{"start":{},"end":{}}]},"9":{"loc":{"start":{"line":40,"column":6},"end":{"line":44,"column":7}},"type":"if","locations":[{"start":{"line":40,"column":6},"end":{"line":44,"column":7}},{"start":{"line":42,"column":13},"end":{"line":44,"column":7}}]},"10":{"loc":{"start":{"line":42,"column":13},"end":{"line":44,"column":7}},"type":"if","locations":[{"start":{"line":42,"column":13},"end":{"line":44,"column":7}},{"start":{},"end":{}}]},"11":{"loc":{"start":{"line":50,"column":4},"end":{"line":57,"column":5}},"type":"if","locations":[{"start":{"line":50,"column":4},"end":{"line":57,"column":5}},{"start":{},"end":{}}]}},"s":{"0":16,"1":16,"2":31,"3":48,"4":32,"5":0,"6":0,"7":0,"8":0,"9":32,"10":2,"11":30,"12":30,"13":1,"14":1,"15":1,"16":1,"17":1,"18":30,"19":30,"20":30,"21":0,"22":0,"23":0,"24":0,"25":0,"26":0,"27":0,"28":0,"29":0,"30":0,"31":0,"32":0},"f":{"0":31,"1":48,"2":32},"b":{"0":[48,0],"1":[48,48],"2":[0,32],"3":[2,30],"4":[1,29],"5":[30,1,1],"6":[1,0],"7":[30,0],"8":[0,0],"9":[0,0],"10":[0,0],"11":[0,0]}}
,"/Users/alex/dev/stylix/stylix-core/src/classifyProps.ts": {"path":"/Users/alex/dev/stylix/stylix-core/src/classifyProps.ts","statementMap":{"0":{"start":{"line":1,"column":0},"end":{"line":1,"column":16}},"1":{"start":{"line":22,"column":0},"end":{"line":22,"column":16}},"2":{"start":{"line":30,"column":0},"end":{"line":30,"column":16}},"3":{"start":{"line":35,"column":0},"end":{"line":35,"column":16}},"4":{"start":{"line":2,"column":17},"end":{"line":2,"column":26}},"5":{"start":{"line":3,"column":16},"end":{"line":3,"column":25}},"6":{"start":{"line":5,"column":2},"end":{"line":13,"column":3}},"7":{"start":{"line":8,"column":4},"end":{"line":12,"column":5}},"8":{"start":{"line":9,"column":6},"end":{"line":9,"column":33}},"9":{"start":{"line":11,"column":6},"end":{"line":11,"column":32}},"10":{"start":{"line":15,"column":2},"end":{"line":15,"column":25}},"11":{"start":{"line":23,"column":2},"end":{"line":26,"column":3}},"12":{"start":{"line":24,"column":23},"end":{"line":24,"column":50}},"13":{"start":{"line":25,"column":4},"end":{"line":25,"column":57}},"14":{"start":{"line":27,"column":2},"end":{"line":27,"column":15}},"15":{"start":{"line":32,"column":2},"end":{"line":32,"column":73}},"16":{"start":{"line":36,"column":2},"end":{"line":36,"column":52}}},"fnMap":{"0":{"name":"classifyProps","decl":{"start":{"line":1,"column":16},"end":{"line":1,"column":29}},"loc":{"start":{"line":1,"column":76},"end":{"line":16,"column":1}}},"1":{"name":"isStyleProp","decl":{"start":{"line":22,"column":16},"end":{"line":22,"column":27}},"loc":{"start":{"line":22,"column":77},"end":{"line":28,"column":1}}},"2":{"name":"isValidJSXProp","decl":{"start":{"line":30,"column":16},"end":{"line":30,"column":30}},"loc":{"start":{"line":30,"column":45},"end":{"line":33,"column":1}}},"3":{"name":"simplifyStylePropName","decl":{"start":{"line":35,"column":16},"end":{"line":35,"column":37}},"loc":{"start":{"line":35,"column":51},"end":{"line":37,"column":1}}}},"branchMap":{"0":{"loc":{"start":{"line":8,"column":4},"end":{"line":12,"column":5}},"type":"if","locations":[{"start":{"line":8,"column":4},"end":{"line":12,"column":5}},{"start":{"line":10,"column":11},"end":{"line":12,"column":5}}]},"1":{"loc":{"start":{"line":8,"column":8},"end":{"line":8,"column":62}},"type":"binary-expr","locations":[{"start":{"line":8,"column":8},"end":{"line":8,"column":29}},{"start":{"line":8,"column":33},"end":{"line":8,"column":62}}]},"2":{"loc":{"start":{"line":23,"column":2},"end":{"line":26,"column":3}},"type":"if","locations":[{"start":{"line":23,"column":2},"end":{"line":26,"column":3}},{"start":{},"end":{}}]},"3":{"loc":{"start":{"line":25,"column":11},"end":{"line":25,"column":56}},"type":"cond-expr","locations":[{"start":{"line":25,"column":38},"end":{"line":25,"column":48}},{"start":{"line":25,"column":51},"end":{"line":25,"column":56}}]},"4":{"loc":{"start":{"line":32,"column":9},"end":{"line":32,"column":72}},"type":"binary-expr","locations":[{"start":{"line":32,"column":9},"end":{"line":32,"column":34}},{"start":{"line":32,"column":38},"end":{"line":32,"column":72}}]}},"s":{"0":18,"1":18,"2":18,"3":18,"4":51,"5":51,"6":51,"7":81,"8":56,"9":25,"10":51,"11":300,"12":238,"13":238,"14":62,"15":431,"16":6777},"f":{"0":51,"1":300,"2":431,"3":6777},"b":{"0":[56,25],"1":[81,81],"2":[238,62],"3":[182,56],"4":[431,429]}}
,"/Users/alex/dev/stylix/stylix-core/src/elements.tsx": {"path":"/Users/alex/dev/stylix/stylix-core/src/elements.tsx","statementMap":{"0":{"start":{"line":1,"column":0},"end":{"line":1,"column":26}},"1":{"start":{"line":2,"column":0},"end":{"line":2,"column":34}},"2":{"start":{"line":4,"column":17},"end":{"line":107,"column":11}},"3":{"start":{"line":117,"column":0},"end":{"line":135,"column":1}},"4":{"start":{"line":118,"column":19},"end":{"line":118,"column":30}},"5":{"start":{"line":119,"column":3},"end":{"line":132,"column":5}},"6":{"start":{"line":120,"column":4},"end":{"line":130,"column":null}},"7":{"start":{"line":122,"column":8},"end":{"line":127,"column":null}},"8":{"start":{"line":133,"column":3},"end":{"line":133,"column":41}},"9":{"start":{"line":134,"column":3},"end":{"line":134,"column":48}}},"fnMap":{"0":{"name":"(anonymous_1)","decl":{"start":{"line":119,"column":42},"end":{"line":119,"column":43}},"loc":{"start":{"line":120,"column":4},"end":{"line":130,"column":null}}},"1":{"name":"(anonymous_2)","decl":{"start":{"line":121,"column":15},"end":{"line":121,"column":16}},"loc":{"start":{"line":122,"column":8},"end":{"line":127,"column":null}}}},"branchMap":{},"s":{"0":16,"1":16,"2":16,"3":16,"4":1632,"5":1632,"6":41,"7":41,"8":1632,"9":1632},"f":{"0":41,"1":41},"b":{}}
,"/Users/alex/dev/stylix/stylix-core/src/getParentComponentName.ts": {"path":"/Users/alex/dev/stylix/stylix-core/src/getParentComponentName.ts","statementMap":{"0":{"start":{"line":3,"column":0},"end":{"line":3,"column":16}},"1":{"start":{"line":1,"column":0},"end":{"line":1,"column":26}},"2":{"start":{"line":4,"column":21},"end":{"line":4,"column":85}},"3":{"start":{"line":5,"column":16},"end":{"line":5,"column":90}},"4":{"start":{"line":6,"column":2},"end":{"line":11,"column":3}},"5":{"start":{"line":8,"column":14},"end":{"line":8,"column":65}},"6":{"start":{"line":9,"column":16},"end":{"line":9,"column":62}},"7":{"start":{"line":10,"column":4},"end":{"line":10,"column":24}},"8":{"start":{"line":10,"column":13},"end":{"line":10,"column":24}}},"fnMap":{"0":{"name":"getParentComponentName","decl":{"start":{"line":3,"column":16},"end":{"line":3,"column":38}},"loc":{"start":{"line":3,"column":38},"end":{"line":12,"column":1}}}},"branchMap":{"0":{"loc":{"start":{"line":5,"column":16},"end":{"line":5,"column":90}},"type":"binary-expr","locations":[{"start":{"line":5,"column":16},"end":{"line":5,"column":84}},{"start":{"line":5,"column":88},"end":{"line":5,"column":90}}]},"1":{"loc":{"start":{"line":9,"column":16},"end":{"line":9,"column":62}},"type":"cond-expr","locations":[{"start":{"line":9,"column":46},"end":{"line":9,"column":50}},{"start":{"line":9,"column":53},"end":{"line":9,"column":62}}]},"2":{"loc":{"start":{"line":9,"column":16},"end":{"line":9,"column":43}},"type":"binary-expr","locations":[{"start":{"line":9,"column":16},"end":{"line":9,"column":22}},{"start":{"line":9,"column":26},"end":{"line":9,"column":43}}]},"3":{"loc":{"start":{"line":10,"column":4},"end":{"line":10,"column":24}},"type":"if","locations":[{"start":{"line":10,"column":4},"end":{"line":10,"column":24}},{"start":{},"end":{}}]}},"s":{"0":16,"1":16,"2":57,"3":57,"4":57,"5":0,"6":0,"7":0,"8":0},"f":{"0":57},"b":{"0":[57,57],"1":[0,0],"2":[0,0],"3":[0,0]}}
,"/Users/alex/dev/stylix/stylix-core/src/index.ts": {"path":"/Users/alex/dev/stylix/stylix-core/src/index.ts","statementMap":{"0":{"start":{"line":1,"column":0},"end":{"line":1,"column":20}},"1":{"start":{"line":4,"column":0},"end":{"line":4,"column":9}},"2":{"start":{"line":4,"column":9},"end":{"line":4,"column":46}},"3":{"start":{"line":5,"column":0},"end":{"line":5,"column":9}},"4":{"start":{"line":5,"column":9},"end":{"line":5,"column":25}},"5":{"start":{"line":5,"column":25},"end":{"line":5,"column":68}},"6":{"start":{"line":17,"column":0},"end":{"line":17,"column":null}},"7":{"start":{"line":18,"column":2},"end":{"line":18,"column":null}},"8":{"start":{"line":19,"column":2},"end":{"line":19,"column":null}},"9":{"start":{"line":23,"column":0},"end":{"line":23,"column":9}},"10":{"start":{"line":23,"column":9},"end":{"line":23,"column":58}},"11":{"start":{"line":24,"column":0},"end":{"line":24,"column":9}},"12":{"start":{"line":24,"column":9},"end":{"line":24,"column":26}},"13":{"start":{"line":25,"column":0},"end":{"line":25,"column":9}},"14":{"start":{"line":25,"column":9},"end":{"line":25,"column":52}},"15":{"start":{"line":25,"column":52},"end":{"line":25,"column":100}},"16":{"start":{"line":26,"column":0},"end":{"line":26,"column":9}},"17":{"start":{"line":26,"column":9},"end":{"line":26,"column":26}},"18":{"start":{"line":26,"column":26},"end":{"line":26,"column":40}},"19":{"start":{"line":26,"column":40},"end":{"line":26,"column":71}},"20":{"start":{"line":27,"column":0},"end":{"line":27,"column":9}},"21":{"start":{"line":27,"column":9},"end":{"line":27,"column":31}},"22":{"start":{"line":28,"column":0},"end":{"line":28,"column":9}},"23":{"start":{"line":28,"column":9},"end":{"line":28,"column":45}}},"fnMap":{"0":{"name":"(anonymous_0)","decl":{"start":{"line":4,"column":9},"end":{"line":4,"column":21}},"loc":{"start":{"line":4,"column":9},"end":{"line":4,"column":46}}},"1":{"name":"(anonymous_1)","decl":{"start":{"line":5,"column":9},"end":{"line":5,"column":23}},"loc":{"start":{"line":5,"column":9},"end":{"line":5,"column":25}}},"2":{"name":"(anonymous_2)","decl":{"start":{"line":5,"column":25},"end":{"line":5,"column":41}},"loc":{"start":{"line":5,"column":25},"end":{"line":5,"column":68}}},"3":{"name":"(anonymous_3)","decl":{"start":{"line":18,"column":2},"end":{"line":18,"column":13}},"loc":{"start":{"line":18,"column":2},"end":{"line":18,"column":null}}},"4":{"name":"(anonymous_4)","decl":{"start":{"line":19,"column":2},"end":{"line":19,"column":16}},"loc":{"start":{"line":19,"column":2},"end":{"line":19,"column":null}}},"5":{"name":"(anonymous_5)","decl":{"start":{"line":23,"column":9},"end":{"line":23,"column":27}},"loc":{"start":{"line":23,"column":9},"end":{"line":23,"column":58}}},"6":{"name":"(anonymous_6)","decl":{"start":{"line":24,"column":9},"end":{"line":24,"column":15}},"loc":{"start":{"line":24,"column":9},"end":{"line":24,"column":26}}},"7":{"name":"(anonymous_7)","decl":{"start":{"line":25,"column":9},"end":{"line":25,"column":29}},"loc":{"start":{"line":25,"column":9},"end":{"line":25,"column":52}}},"8":{"name":"(anonymous_8)","decl":{"start":{"line":25,"column":52},"end":{"line":25,"column":73}},"loc":{"start":{"line":25,"column":52},"end":{"line":25,"column":100}}},"9":{"name":"(anonymous_9)","decl":{"start":{"line":26,"column":9},"end":{"line":26,"column":24}},"loc":{"start":{"line":26,"column":9},"end":{"line":26,"column":26}}},"10":{"name":"(anonymous_10)","decl":{"start":{"line":26,"column":26},"end":{"line":26,"column":38}},"loc":{"start":{"line":26,"column":26},"end":{"line":26,"column":40}}},"11":{"name":"(anonymous_11)","decl":{"start":{"line":26,"column":40},"end":{"line":26,"column":49}},"loc":{"start":{"line":26,"column":40},"end":{"line":26,"column":71}}},"12":{"name":"(anonymous_12)","decl":{"start":{"line":27,"column":9},"end":{"line":27,"column":11}},"loc":{"start":{"line":27,"column":9},"end":{"line":27,"column":31}}},"13":{"name":"(anonymous_13)","decl":{"start":{"line":28,"column":9},"end":{"line":28,"column":18}},"loc":{"start":{"line":28,"column":9},"end":{"line":28,"column":45}}}},"branchMap":{},"s":{"0":16,"1":16,"2":16,"3":16,"4":52,"5":16,"6":16,"7":17,"8":16,"9":16,"10":18,"11":16,"12":98,"13":16,"14":16,"15":16,"16":16,"17":20,"18":22,"19":16,"20":16,"21":16,"22":16,"23":16},"f":{"0":0,"1":36,"2":0,"3":1,"4":0,"5":2,"6":82,"7":0,"8":0,"9":4,"10":6,"11":0,"12":0,"13":0},"b":{}}
,"/Users/alex/dev/stylix/stylix-core/src/styleCollector.tsx": {"path":"/Users/alex/dev/stylix/stylix-core/src/styleCollector.tsx","statementMap":{"0":{"start":{"line":14,"column":0},"end":{"line":14,"column":16}},"1":{"start":{"line":2,"column":0},"end":{"line":2,"column":38}},"2":{"start":{"line":4,"column":0},"end":{"line":4,"column":46}},"3":{"start":{"line":12,"column":13},"end":{"line":12,"column":84}},"4":{"start":{"line":15,"column":27},"end":{"line":15,"column":29}},"5":{"start":{"line":16,"column":36},"end":{"line":24,"column":4}},"6":{"start":{"line":18,"column":6},"end":{"line":18,"column":95}},"7":{"start":{"line":21,"column":6},"end":{"line":21,"column":47}},"8":{"start":{"line":25,"column":2},"end":{"line":25,"column":64}},"9":{"start":{"line":26,"column":2},"end":{"line":26,"column":19}}},"fnMap":{"0":{"name":"createStyleCollector","decl":{"start":{"line":14,"column":16},"end":{"line":14,"column":36}},"loc":{"start":{"line":14,"column":36},"end":{"line":27,"column":1}}},"1":{"name":"(anonymous_1)","decl":{"start":{"line":17,"column":13},"end":{"line":17,"column":14}},"loc":{"start":{"line":18,"column":6},"end":{"line":18,"column":95}}},"2":{"name":"(anonymous_2)","decl":{"start":{"line":20,"column":12},"end":{"line":20,"column":13}},"loc":{"start":{"line":21,"column":6},"end":{"line":21,"column":47}}}},"branchMap":{"0":{"loc":{"start":{"line":21,"column":25},"end":{"line":21,"column":45}},"type":"binary-expr","locations":[{"start":{"line":21,"column":25},"end":{"line":21,"column":33}},{"start":{"line":21,"column":37},"end":{"line":21,"column":45}}]}},"s":{"0":16,"1":16,"2":16,"3":16,"4":0,"5":0,"6":0,"7":0,"8":0,"9":0},"f":{"0":0,"1":0,"2":0},"b":{"0":[0,0]}}
,"/Users/alex/dev/stylix/stylix-core/src/stylesToRuleArray.ts": {"path":"/Users/alex/dev/stylix/stylix-core/src/stylesToRuleArray.ts","statementMap":{"0":{"start":{"line":23,"column":0},"end":{"line":23,"column":24}},"1":{"start":{"line":1,"column":0},"end":{"line":1,"column":41}},"2":{"start":{"line":4,"column":0},"end":{"line":4,"column":41}},"3":{"start":{"line":5,"column":0},"end":{"line":5,"column":53}},"4":{"start":{"line":11,"column":26},"end":{"line":11,"column":28}},"5":{"start":{"line":12,"column":2},"end":{"line":16,"column":3}},"6":{"start":{"line":13,"column":18},"end":{"line":13,"column":29}},"7":{"start":{"line":14,"column":4},"end":{"line":15,"column":43}},"8":{"start":{"line":14,"column":30},"end":{"line":14,"column":64}},"9":{"start":{"line":15,"column":9},"end":{"line":15,"column":43}},"10":{"start":{"line":17,"column":2},"end":{"line":17,"column":48}},"11":{"start":{"line":28,"column":2},"end":{"line":28,"column":33}},"12":{"start":{"line":28,"column":23},"end":{"line":28,"column":33}},"13":{"start":{"line":29,"column":2},"end":{"line":54,"column":3}},"14":{"start":{"line":30,"column":28},"end":{"line":34,"column":null}},"15":{"start":{"line":37,"column":29},"end":{"line":37,"column":31}},"16":{"start":{"line":38,"column":4},"end":{"line":41,"column":5}},"17":{"start":{"line":39,"column":20},"end":{"line":39,"column":56}},"18":{"start":{"line":40,"column":6},"end":{"line":40,"column":41}},"19":{"start":{"line":42,"column":4},"end":{"line":42,"column":18}},"20":{"start":{"line":44,"column":4},"end":{"line":52,"column":5}},"21":{"start":{"line":45,"column":6},"end":{"line":49,"column":8}},"22":{"start":{"line":51,"column":6},"end":{"line":51,"column":23}},"23":{"start":{"line":53,"column":4},"end":{"line":53,"column":14}}},"fnMap":{"0":{"name":"serialize","decl":{"start":{"line":10,"column":9},"end":{"line":10,"column":18}},"loc":{"start":{"line":10,"column":57},"end":{"line":18,"column":1}}},"1":{"name":"stylesToRuleArray","decl":{"start":{"line":23,"column":24},"end":{"line":23,"column":41}},"loc":{"start":{"line":26,"column":24},"end":{"line":55,"column":1}}}},"branchMap":{"0":{"loc":{"start":{"line":14,"column":4},"end":{"line":15,"column":43}},"type":"if","locations":[{"start":{"line":14,"column":4},"end":{"line":15,"column":43}},{"start":{"line":15,"column":9},"end":{"line":15,"column":43}}]},"1":{"loc":{"start":{"line":28,"column":2},"end":{"line":28,"column":33}},"type":"if","locations":[{"start":{"line":28,"column":2},"end":{"line":28,"column":33}},{"start":{},"end":{}}]},"2":{"loc":{"start":{"line":44,"column":4},"end":{"line":52,"column":5}},"type":"if","locations":[{"start":{"line":44,"column":4},"end":{"line":52,"column":5}},{"start":{"line":50,"column":11},"end":{"line":52,"column":5}}]},"3":{"loc":{"start":{"line":44,"column":8},"end":{"line":44,"column":26}},"type":"binary-expr","locations":[{"start":{"line":44,"column":8},"end":{"line":44,"column":14}},{"start":{"line":44,"column":18},"end":{"line":44,"column":26}}]}},"s":{"0":16,"1":16,"2":16,"3":16,"4":71,"5":71,"6":112,"7":112,"8":24,"9":88,"10":71,"11":48,"12":0,"13":48,"14":48,"15":48,"16":48,"17":47,"18":47,"19":48,"20":0,"21":0,"22":0,"23":0},"f":{"0":71,"1":48},"b":{"0":[24,88],"1":[0,48],"2":[0,0],"3":[0,0]}}
,"/Users/alex/dev/stylix/stylix-core/src/useStyles.ts": {"path":"/Users/alex/dev/stylix/stylix-core/src/useStyles.ts","statementMap":{"0":{"start":{"line":37,"column":0},"end":{"line":37,"column":16}},"1":{"start":{"line":113,"column":0},"end":{"line":113,"column":16}},"2":{"start":{"line":117,"column":0},"end":{"line":117,"column":16}},"3":{"start":{"line":1,"column":0},"end":{"line":1,"column":31}},"4":{"start":{"line":2,"column":0},"end":{"line":2,"column":38}},"5":{"start":{"line":3,"column":0},"end":{"line":3,"column":66}},"6":{"start":{"line":4,"column":0},"end":{"line":4,"column":41}},"7":{"start":{"line":5,"column":0},"end":{"line":5,"column":72}},"8":{"start":{"line":6,"column":0},"end":{"line":6,"column":52}},"9":{"start":{"line":8,"column":0},"end":{"line":8,"column":41}},"10":{"start":{"line":9,"column":0},"end":{"line":9,"column":59}},"11":{"start":{"line":12,"column":2},"end":{"line":12,"column":56}},"12":{"start":{"line":12,"column":49},"end":{"line":12,"column":56}},"13":{"start":{"line":14,"column":20},"end":{"line":22,"column":3}},"14":{"start":{"line":15,"column":4},"end":{"line":20,"column":5}},"15":{"start":{"line":16,"column":19},"end":{"line":16,"column":31}},"16":{"start":{"line":17,"column":6},"end":{"line":19,"column":7}},"17":{"start":{"line":18,"column":8},"end":{"line":18,"column":28}},"18":{"start":{"line":21,"column":4},"end":{"line":21,"column":35}},"19":{"start":{"line":24,"column":2},"end":{"line":28,"column":3}},"20":{"start":{"line":25,"column":4},"end":{"line":25,"column":16}},"21":{"start":{"line":27,"column":4},"end":{"line":27,"column":59}},"22":{"start":{"line":41,"column":20},"end":{"line":41,"column":38}},"23":{"start":{"line":43,"column":25},"end":{"line":43,"column":35}},"24":{"start":{"line":46,"column":2},"end":{"line":47,"column":71}},"25":{"start":{"line":47,"column":4},"end":{"line":47,"column":71}},"26":{"start":{"line":49,"column":19},"end":{"line":49,"column":75}},"27":{"start":{"line":50,"column":2},"end":{"line":50,"column":72}},"28":{"start":{"line":50,"column":36},"end":{"line":50,"column":72}},"29":{"start":{"line":52,"column":18},"end":{"line":52,"column":55}},"30":{"start":{"line":53,"column":2},"end":{"line":53,"column":38}},"31":{"start":{"line":55,"column":2},"end":{"line":55,"column":75}},"32":{"start":{"line":57,"column":2},"end":{"line":67,"column":3}},"33":{"start":{"line":58,"column":4},"end":{"line":58,"column":29}},"34":{"start":{"line":59,"column":22},"end":{"line":59,"column":124}},"35":{"start":{"line":61,"column":4},"end":{"line":61,"column":64}},"36":{"start":{"line":61,"column":25},"end":{"line":61,"column":64}},"37":{"start":{"line":62,"column":4},"end":{"line":66,"column":6}},"38":{"start":{"line":69,"column":2},"end":{"line":69,"column":45}},"39":{"start":{"line":69,"column":15},"end":{"line":69,"column":45}},"40":{"start":{"line":72,"column":18},"end":{"line":72,"column":45}},"41":{"start":{"line":73,"column":2},"end":{"line":75,"column":3}},"42":{"start":{"line":74,"column":4},"end":{"line":74,"column":19}},"43":{"start":{"line":82,"column":2},"end":{"line":91,"column":4}},"44":{"start":{"line":84,"column":6},"end":{"line":84,"column":42}},"45":{"start":{"line":84,"column":35},"end":{"line":84,"column":42}},"46":{"start":{"line":85,"column":6},"end":{"line":85,"column":37}},"47":{"start":{"line":86,"column":6},"end":{"line":86,"column":28}},"48":{"start":{"line":93,"column":2},"end":{"line":108,"column":4}},"49":{"start":{"line":95,"column":6},"end":{"line":95,"column":42}},"50":{"start":{"line":95,"column":35},"end":{"line":95,"column":42}},"51":{"start":{"line":97,"column":6},"end":{"line":103,"column":8}},"52":{"start":{"line":98,"column":24},"end":{"line":98,"column":51}},"53":{"start":{"line":99,"column":8},"end":{"line":99,"column":29}},"54":{"start":{"line":99,"column":22},"end":{"line":99,"column":29}},"55":{"start":{"line":100,"column":8},"end":{"line":100,"column":23}},"56":{"start":{"line":101,"column":8},"end":{"line":101,"column":71}},"57":{"start":{"line":101,"column":31},"end":{"line":101,"column":71}},"58":{"start":{"line":102,"column":8},"end":{"line":102,"column":27}},"59":{"start":{"line":110,"column":2},"end":{"line":110,"column":54}},"60":{"start":{"line":114,"column":2},"end":{"line":114,"column":74}},"61":{"start":{"line":121,"column":2},"end":{"line":121,"column":57}}},"fnMap":{"0":{"name":"cleanup","decl":{"start":{"line":11,"column":9},"end":{"line":11,"column":16}},"loc":{"start":{"line":11,"column":35},"end":{"line":29,"column":1}}},"1":{"name":"(anonymous_2)","decl":{"start":{"line":14,"column":20},"end":{"line":14,"column":23}},"loc":{"start":{"line":14,"column":25},"end":{"line":22,"column":3}}},"2":{"name":"useStyles","decl":{"start":{"line":37,"column":16},"end":{"line":37,"column":25}},"loc":{"start":{"line":39,"column":72},"end":{"line":111,"column":1}}},"3":{"name":"(anonymous_4)","decl":{"start":{"line":83,"column":4},"end":{"line":83,"column":7}},"loc":{"start":{"line":83,"column":9},"end":{"line":87,"column":5}}},"4":{"name":"(anonymous_5)","decl":{"start":{"line":94,"column":4},"end":{"line":94,"column":7}},"loc":{"start":{"line":94,"column":9},"end":{"line":104,"column":5}}},"5":{"name":"(anonymous_6)","decl":{"start":{"line":97,"column":13},"end":{"line":97,"column":16}},"loc":{"start":{"line":97,"column":18},"end":{"line":103,"column":7}}},"6":{"name":"useKeyframes","decl":{"start":{"line":113,"column":16},"end":{"line":113,"column":28}},"loc":{"start":{"line":113,"column":43},"end":{"line":115,"column":1}}},"7":{"name":"useGlobalStyles","decl":{"start":{"line":117,"column":16},"end":{"line":117,"column":31}},"loc":{"start":{"line":119,"column":55},"end":{"line":122,"column":1}}}},"branchMap":{"0":{"loc":{"start":{"line":12,"column":2},"end":{"line":12,"column":56}},"type":"if","locations":[{"start":{"line":12,"column":2},"end":{"line":12,"column":56}},{"start":{},"end":{}}]},"1":{"loc":{"start":{"line":17,"column":6},"end":{"line":19,"column":7}},"type":"if","locations":[{"start":{"line":17,"column":6},"end":{"line":19,"column":7}},{"start":{},"end":{}}]},"2":{"loc":{"start":{"line":17,"column":10},"end":{"line":17,"column":33}},"type":"binary-expr","locations":[{"start":{"line":17,"column":10},"end":{"line":17,"column":15}},{"start":{"line":17,"column":19},"end":{"line":17,"column":33}}]},"3":{"loc":{"start":{"line":24,"column":2},"end":{"line":28,"column":3}},"type":"if","locations":[{"start":{"line":24,"column":2},"end":{"line":28,"column":3}},{"start":{"line":26,"column":9},"end":{"line":28,"column":3}}]},"4":{"loc":{"start":{"line":39,"column":2},"end":{"line":39,"column":72}},"type":"default-arg","locations":[{"start":{"line":39,"column":55},"end":{"line":39,"column":72}}]},"5":{"loc":{"start":{"line":46,"column":2},"end":{"line":47,"column":71}},"type":"if","locations":[{"start":{"line":46,"column":2},"end":{"line":47,"column":71}},{"start":{},"end":{}}]},"6":{"loc":{"start":{"line":46,"column":6},"end":{"line":46,"column":32}},"type":"binary-expr","locations":[{"start":{"line":46,"column":6},"end":{"line":46,"column":12}},{"start":{"line":46,"column":16},"end":{"line":46,"column":32}}]},"7":{"loc":{"start":{"line":49,"column":19},"end":{"line":49,"column":75}},"type":"cond-expr","locations":[{"start":{"line":49,"column":48},"end":{"line":49,"column":70}},{"start":{"line":49,"column":73},"end":{"line":49,"column":75}}]},"8":{"loc":{"start":{"line":49,"column":19},"end":{"line":49,"column":45}},"type":"binary-expr","locations":[{"start":{"line":49,"column":19},"end":{"line":49,"column":25}},{"start":{"line":49,"column":29},"end":{"line":49,"column":45}}]},"9":{"loc":{"start":{"line":50,"column":2},"end":{"line":50,"column":72}},"type":"if","locations":[{"start":{"line":50,"column":2},"end":{"line":50,"column":72}},{"start":{},"end":{}}]},"10":{"loc":{"start":{"line":50,"column":6},"end":{"line":50,"column":34}},"type":"binary-expr","locations":[{"start":{"line":50,"column":6},"end":{"line":50,"column":16}},{"start":{"line":50,"column":20},"end":{"line":50,"column":34}}]},"11":{"loc":{"start":{"line":55,"column":25},"end":{"line":55,"column":74}},"type":"cond-expr","locations":[{"start":{"line":55,"column":45},"end":{"line":55,"column":69}},{"start":{"line":55,"column":72},"end":{"line":55,"column":74}}]},"12":{"loc":{"start":{"line":57,"column":2},"end":{"line":67,"column":3}},"type":"if","locations":[{"start":{"line":57,"column":2},"end":{"line":67,"column":3}},{"start":{},"end":{}}]},"13":{"loc":{"start":{"line":57,"column":6},"end":{"line":57,"column":48}},"type":"binary-expr","locations":[{"start":{"line":57,"column":6},"end":{"line":57,"column":16}},{"start":{"line":57,"column":20},"end":{"line":57,"column":48}}]},"14":{"loc":{"start":{"line":59,"column":72},"end":{"line":59,"column":122}},"type":"cond-expr","locations":[{"start":{"line":59,"column":93},"end":{"line":59,"column":117}},{"start":{"line":59,"column":120},"end":{"line":59,"column":122}}]},"15":{"loc":{"start":{"line":61,"column":4},"end":{"line":61,"column":64}},"type":"if","locations":[{"start":{"line":61,"column":4},"end":{"line":61,"column":64}},{"start":{},"end":{}}]},"16":{"loc":{"start":{"line":69,"column":2},"end":{"line":69,"column":45}},"type":"if","locations":[{"start":{"line":69,"column":2},"end":{"line":69,"column":45}},{"start":{},"end":{}}]},"17":{"loc":{"start":{"line":73,"column":2},"end":{"line":75,"column":3}},"type":"if","locations":[{"start":{"line":73,"column":2},"end":{"line":75,"column":3}},{"start":{},"end":{}}]},"18":{"loc":{"start":{"line":73,"column":6},"end":{"line":73,"column":38}},"type":"binary-expr","locations":[{"start":{"line":73,"column":6},"end":{"line":73,"column":16}},{"start":{"line":73,"column":20},"end":{"line":73,"column":27}},{"start":{"line":73,"column":31},"end":{"line":73,"column":38}}]},"19":{"loc":{"start":{"line":84,"column":6},"end":{"line":84,"column":42}},"type":"if","locations":[{"start":{"line":84,"column":6},"end":{"line":84,"column":42}},{"start":{},"end":{}}]},"20":{"loc":{"start":{"line":95,"column":6},"end":{"line":95,"column":42}},"type":"if","locations":[{"start":{"line":95,"column":6},"end":{"line":95,"column":42}},{"start":{},"end":{}}]},"21":{"loc":{"start":{"line":95,"column":10},"end":{"line":95,"column":33}},"type":"binary-expr","locations":[{"start":{"line":95,"column":10},"end":{"line":95,"column":21}},{"start":{"line":95,"column":25},"end":{"line":95,"column":33}}]},"22":{"loc":{"start":{"line":99,"column":8},"end":{"line":99,"column":29}},"type":"if","locations":[{"start":{"line":99,"column":8},"end":{"line":99,"column":29}},{"start":{},"end":{}}]},"23":{"loc":{"start":{"line":101,"column":8},"end":{"line":101,"column":71}},"type":"if","locations":[{"start":{"line":101,"column":8},"end":{"line":101,"column":71}},{"start":{},"end":{}}]},"24":{"loc":{"start":{"line":110,"column":9},"end":{"line":110,"column":53}},"type":"binary-expr","locations":[{"start":{"line":110,"column":9},"end":{"line":110,"column":47}},{"start":{"line":110,"column":51},"end":{"line":110,"column":53}}]},"25":{"loc":{"start":{"line":119,"column":2},"end":{"line":119,"column":55}},"type":"default-arg","locations":[{"start":{"line":119,"column":36},"end":{"line":119,"column":55}}]}},"s":{"0":16,"1":16,"2":16,"3":16,"4":16,"5":16,"6":16,"7":16,"8":16,"9":16,"10":16,"11":49,"12":1,"13":48,"14":47,"15":81,"16":81,"17":44,"18":47,"19":48,"20":47,"21":1,"22":61,"23":61,"24":61,"25":53,"26":61,"27":61,"28":10,"29":61,"30":61,"31":61,"32":61,"33":48,"34":48,"35":48,"36":39,"37":48,"38":61,"39":51,"40":61,"41":61,"42":51,"43":61,"44":61,"45":29,"46":32,"47":32,"48":61,"49":59,"50":10,"51":49,"52":49,"53":49,"54":0,"55":49,"56":49,"57":46,"58":49,"59":61,"60":6,"61":4},"f":{"0":49,"1":47,"2":61,"3":61,"4":59,"5":49,"6":6,"7":4},"b":{"0":[1,48],"1":[44,37],"2":[81,37],"3":[47,1],"4":[51],"5":[53,8],"6":[61,61],"7":[51,10],"8":[61,59],"9":[10,51],"10":[61,51],"11":[57,4],"12":[48,13],"13":[61,51],"14":[0,48],"15":[39,9],"16":[51,10],"17":[51,10],"18":[61,51,51],"19":[29,32],"20":[10,49],"21":[59,49],"22":[0,49],"23":[46,3],"24":[61,10],"25":[4]}}
,"/Users/alex/dev/stylix/stylix-core/src/__tests/util.tsx": {"path":"/Users/alex/dev/stylix/stylix-core/src/__tests/util.tsx","statementMap":{"0":{"start":{"line":15,"column":0},"end":{"line":15,"column":16}},"1":{"start":{"line":1,"column":0},"end":{"line":1,"column":35}},"2":{"start":{"line":2,"column":0},"end":{"line":2,"column":57}},"3":{"start":{"line":5,"column":0},"end":{"line":5,"column":42}},"4":{"start":{"line":20,"column":2},"end":{"line":20,"column":12}},"5":{"start":{"line":21,"column":27},"end":{"line":21,"column":58}},"6":{"start":{"line":22,"column":2},"end":{"line":22,"column":46}},"7":{"start":{"line":24,"column":4},"end":{"line":25,"column":null}},"8":{"start":{"line":28,"column":17},"end":{"line":28,"column":26}},"9":{"start":{"line":30,"column":20},"end":{"line":35,"column":37}},"10":{"start":{"line":36,"column":2},"end":{"line":36,"column":55}},"11":{"start":{"line":37,"column":2},"end":{"line":37,"column":48}},"12":{"start":{"line":38,"column":2},"end":{"line":38,"column":28}},"13":{"start":{"line":39,"column":2},"end":{"line":39,"column":44}},"14":{"start":{"line":40,"column":2},"end":{"line":40,"column":19}}},"fnMap":{"0":{"name":"renderStylix","decl":{"start":{"line":15,"column":16},"end":{"line":15,"column":28}},"loc":{"start":{"line":18,"column":31},"end":{"line":41,"column":1}}}},"branchMap":{},"s":{"0":14,"1":14,"2":14,"3":14,"4":34,"5":34,"6":34,"7":34,"8":34,"9":34,"10":34,"11":34,"12":34,"13":34,"14":34},"f":{"0":34},"b":{}}
,"/Users/alex/dev/stylix/stylix-core/src/plugins/cleanStyles.ts": {"path":"/Users/alex/dev/stylix/stylix-core/src/plugins/cleanStyles.ts","statementMap":{"0":{"start":{"line":5,"column":0},"end":{"line":5,"column":16}},"1":{"start":{"line":1,"column":0},"end":{"line":1,"column":42}},"2":{"start":{"line":2,"column":0},"end":{"line":2,"column":54}},"3":{"start":{"line":6,"column":2},"end":{"line":14,"column":3}},"4":{"start":{"line":7,"column":18},"end":{"line":7,"column":29}},"5":{"start":{"line":8,"column":4},"end":{"line":13,"column":5}},"6":{"start":{"line":9,"column":6},"end":{"line":9,"column":25}},"7":{"start":{"line":10,"column":9},"end":{"line":13,"column":5}},"8":{"start":{"line":11,"column":6},"end":{"line":11,"column":26}},"9":{"start":{"line":12,"column":6},"end":{"line":12,"column":45}},"10":{"start":{"line":12,"column":26},"end":{"line":12,"column":45}},"11":{"start":{"line":20,"column":13},"end":{"line":27,"column":2}},"12":{"start":{"line":24,"column":4},"end":{"line":24,"column":25}},"13":{"start":{"line":25,"column":4},"end":{"line":25,"column":18}}},"fnMap":{"0":{"name":"_cleanStyles","decl":{"start":{"line":5,"column":16},"end":{"line":5,"column":28}},"loc":{"start":{"line":5,"column":40},"end":{"line":15,"column":1}}},"1":{"name":"(anonymous_1)","decl":{"start":{"line":23,"column":2},"end":{"line":23,"column":8}},"loc":{"start":{"line":23,"column":21},"end":{"line":26,"column":3}}}},"branchMap":{"0":{"loc":{"start":{"line":8,"column":4},"end":{"line":13,"column":5}},"type":"if","locations":[{"start":{"line":8,"column":4},"end":{"line":13,"column":5}},{"start":{"line":10,"column":9},"end":{"line":13,"column":5}}]},"1":{"loc":{"start":{"line":8,"column":8},"end":{"line":8,"column":80}},"type":"binary-expr","locations":[{"start":{"line":8,"column":8},"end":{"line":8,"column":22}},{"start":{"line":8,"column":26},"end":{"line":8,"column":45}},{"start":{"line":8,"column":49},"end":{"line":8,"column":61}},{"start":{"line":8,"column":65},"end":{"line":8,"column":80}}]},"2":{"loc":{"start":{"line":10,"column":9},"end":{"line":13,"column":5}},"type":"if","locations":[{"start":{"line":10,"column":9},"end":{"line":13,"column":5}},{"start":{},"end":{}}]},"3":{"loc":{"start":{"line":10,"column":13},"end":{"line":10,"column":57}},"type":"binary-expr","locations":[{"start":{"line":10,"column":13},"end":{"line":10,"column":33}},{"start":{"line":10,"column":37},"end":{"line":10,"column":57}}]},"4":{"loc":{"start":{"line":12,"column":6},"end":{"line":12,"column":45}},"type":"if","locations":[{"start":{"line":12,"column":6},"end":{"line":12,"column":45}},{"start":{},"end":{}}]}},"s":{"0":17,"1":17,"2":17,"3":123,"4":171,"5":171,"6":9,"7":162,"8":74,"9":74,"10":3,"11":17,"12":48,"13":48},"f":{"0":123,"1":48},"b":{"0":[9,162],"1":[171,169,165,165],"2":[74,88],"3":[162,88],"4":[3,71]}}
,"/Users/alex/dev/stylix/stylix-core/src/plugins/customProps.ts": {"path":"/Users/alex/dev/stylix/stylix-core/src/plugins/customProps.ts","statementMap":{"0":{"start":{"line":8,"column":0},"end":{"line":8,"column":16}},"1":{"start":{"line":1,"column":0},"end":{"line":1,"column":73}},"2":{"start":{"line":3,"column":0},"end":{"line":3,"column":54}},"3":{"start":{"line":4,"column":0},"end":{"line":4,"column":46}},"4":{"start":{"line":6,"column":0},"end":{"line":6,"column":44}},"5":{"start":{"line":9,"column":2},"end":{"line":29,"column":5}},"6":{"start":{"line":10,"column":4},"end":{"line":11,"column":92}},"7":{"start":{"line":11,"column":6},"end":{"line":11,"column":92}},"8":{"start":{"line":13,"column":22},"end":{"line":13,"column":48}},"9":{"start":{"line":14,"column":22},"end":{"line":14,"column":44}},"10":{"start":{"line":15,"column":4},"end":{"line":15,"column":58}},"11":{"start":{"line":15,"column":20},"end":{"line":15,"column":58}},"12":{"start":{"line":17,"column":4},"end":{"line":20,"column":5}},"13":{"start":{"line":18,"column":6},"end":{"line":18,"column":48}},"14":{"start":{"line":18,"column":17},"end":{"line":18,"column":48}},"15":{"start":{"line":19,"column":6},"end":{"line":19,"column":23}},"16":{"start":{"line":21,"column":4},"end":{"line":23,"column":5}},"17":{"start":{"line":22,"column":6},"end":{"line":22,"column":50}},"18":{"start":{"line":24,"column":4},"end":{"line":26,"column":5}},"19":{"start":{"line":25,"column":6},"end":{"line":25,"column":44}},"20":{"start":{"line":28,"column":4},"end":{"line":28,"column":42}},"21":{"start":{"line":32,"column":27},"end":{"line":56,"column":1}},"22":{"start":{"line":33,"column":2},"end":{"line":35,"column":3}},"23":{"start":{"line":34,"column":4},"end":{"line":34,"column":63}},"24":{"start":{"line":37,"column":2},"end":{"line":55,"column":4}},"25":{"start":{"line":42,"column":8},"end":{"line":44,"column":9}},"26":{"start":{"line":43,"column":10},"end":{"line":43,"column":59}},"27":{"start":{"line":52,"column":8},"end":{"line":52,"column":56}},"28":{"start":{"line":32,"column":13},"end":{"line":32,"column":27}}},"fnMap":{"0":{"name":"_customPropsProcess","decl":{"start":{"line":8,"column":16},"end":{"line":8,"column":35}},"loc":{"start":{"line":8,"column":90},"end":{"line":30,"column":1}}},"1":{"name":"(anonymous_1)","decl":{"start":{"line":9,"column":27},"end":{"line":9,"column":28}},"loc":{"start":{"line":9,"column":70},"end":{"line":29,"column":3}}},"2":{"name":"(anonymous_2)","decl":{"start":{"line":32,"column":27},"end":{"line":32,"column":28}},"loc":{"start":{"line":32,"column":80},"end":{"line":56,"column":1}}},"3":{"name":"(anonymous_3)","decl":{"start":{"line":41,"column":6},"end":{"line":41,"column":12}},"loc":{"start":{"line":41,"column":16},"end":{"line":45,"column":7}}},"4":{"name":"(anonymous_4)","decl":{"start":{"line":51,"column":6},"end":{"line":51,"column":12}},"loc":{"start":{"line":51,"column":25},"end":{"line":53,"column":7}}}},"branchMap":{"0":{"loc":{"start":{"line":10,"column":4},"end":{"line":11,"column":92}},"type":"if","locations":[{"start":{"line":10,"column":4},"end":{"line":11,"column":92}},{"start":{},"end":{}}]},"1":{"loc":{"start":{"line":10,"column":8},"end":{"line":10,"column":52}},"type":"binary-expr","locations":[{"start":{"line":10,"column":8},"end":{"line":10,"column":28}},{"start":{"line":10,"column":32},"end":{"line":10,"column":52}}]},"2":{"loc":{"start":{"line":11,"column":13},"end":{"line":11,"column":91}},"type":"cond-expr","locations":[{"start":{"line":11,"column":37},"end":{"line":11,"column":58}},{"start":{"line":11,"column":61},"end":{"line":11,"column":91}}]},"3":{"loc":{"start":{"line":15,"column":4},"end":{"line":15,"column":58}},"type":"if","locations":[{"start":{"line":15,"column":4},"end":{"line":15,"column":58}},{"start":{},"end":{}}]},"4":{"loc":{"start":{"line":17,"column":4},"end":{"line":20,"column":5}},"type":"if","locations":[{"start":{"line":17,"column":4},"end":{"line":20,"column":5}},{"start":{},"end":{}}]},"5":{"loc":{"start":{"line":18,"column":6},"end":{"line":18,"column":48}},"type":"if","locations":[{"start":{"line":18,"column":6},"end":{"line":18,"column":48}},{"start":{},"end":{}}]},"6":{"loc":{"start":{"line":21,"column":4},"end":{"line":23,"column":5}},"type":"if","locations":[{"start":{"line":21,"column":4},"end":{"line":23,"column":5}},{"start":{},"end":{}}]},"7":{"loc":{"start":{"line":24,"column":4},"end":{"line":26,"column":5}},"type":"if","locations":[{"start":{"line":24,"column":4},"end":{"line":26,"column":5}},{"start":{},"end":{}}]}},"s":{"0":17,"1":17,"2":17,"3":17,"4":17,"5":14,"6":50,"7":8,"8":42,"9":42,"10":42,"11":23,"12":19,"13":11,"14":7,"15":4,"16":8,"17":5,"18":3,"19":2,"20":1,"21":17,"22":2,"23":10,"24":2,"25":1,"26":7,"27":5,"28":17},"f":{"0":14,"1":50,"2":2,"3":1,"4":5},"b":{"0":[8,42],"1":[50,43],"2":[2,6],"3":[23,19],"4":[11,8],"5":[7,4],"6":[5,3],"7":[2,1]}}
,"/Users/alex/dev/stylix/stylix-core/src/plugins/defaultUnits.ts": {"path":"/Users/alex/dev/stylix/stylix-core/src/plugins/defaultUnits.ts","statementMap":{"0":{"start":{"line":1,"column":0},"end":{"line":1,"column":70}},"1":{"start":{"line":4,"column":13},"end":{"line":21,"column":2}},"2":{"start":{"line":26,"column":28},"end":{"line":34,"column":1}},"3":{"start":{"line":27,"column":2},"end":{"line":33,"column":4}},"4":{"start":{"line":31,"column":6},"end":{"line":31,"column":71}},"5":{"start":{"line":26,"column":13},"end":{"line":26,"column":28}},"6":{"start":{"line":36,"column":43},"end":{"line":41,"column":1}},"7":{"start":{"line":37,"column":2},"end":{"line":39,"column":3}},"8":{"start":{"line":38,"column":4},"end":{"line":38,"column":47}},"9":{"start":{"line":40,"column":2},"end":{"line":40,"column":40}},"10":{"start":{"line":43,"column":13},"end":{"line":43,"column":48}}},"fnMap":{"0":{"name":"(anonymous_0)","decl":{"start":{"line":26,"column":28},"end":{"line":26,"column":29}},"loc":{"start":{"line":26,"column":92},"end":{"line":34,"column":1}}},"1":{"name":"(anonymous_1)","decl":{"start":{"line":30,"column":4},"end":{"line":30,"column":10}},"loc":{"start":{"line":30,"column":23},"end":{"line":32,"column":5}}},"2":{"name":"(anonymous_2)","decl":{"start":{"line":36,"column":43},"end":{"line":36,"column":44}},"loc":{"start":{"line":36,"column":86},"end":{"line":41,"column":1}}}},"branchMap":{"0":{"loc":{"start":{"line":26,"column":29},"end":{"line":26,"column":40}},"type":"default-arg","locations":[{"start":{"line":26,"column":36},"end":{"line":26,"column":40}}]},"1":{"loc":{"start":{"line":26,"column":42},"end":{"line":26,"column":74}},"type":"default-arg","locations":[{"start":{"line":26,"column":56},"end":{"line":26,"column":74}}]},"2":{"loc":{"start":{"line":37,"column":2},"end":{"line":39,"column":3}},"type":"if","locations":[{"start":{"line":37,"column":2},"end":{"line":39,"column":3}},{"start":{},"end":{}}]},"3":{"loc":{"start":{"line":37,"column":6},"end":{"line":37,"column":75}},"type":"binary-expr","locations":[{"start":{"line":37,"column":6},"end":{"line":37,"column":31}},{"start":{"line":37,"column":35},"end":{"line":37,"column":75}}]}},"s":{"0":16,"1":16,"2":16,"3":16,"4":48,"5":16,"6":16,"7":164,"8":19,"9":145,"10":16},"f":{"0":16,"1":48,"2":164},"b":{"0":[16],"1":[16],"2":[19,145],"3":[164,23]}}
,"/Users/alex/dev/stylix/stylix-core/src/plugins/hoistKeyframes.ts": {"path":"/Users/alex/dev/stylix/stylix-core/src/plugins/hoistKeyframes.ts","statementMap":{"0":{"start":{"line":1,"column":0},"end":{"line":1,"column":54}},"1":{"start":{"line":5,"column":2},"end":{"line":15,"column":3}},"2":{"start":{"line":6,"column":18},"end":{"line":6,"column":29}},"3":{"start":{"line":7,"column":4},"end":{"line":14,"column":5}},"4":{"start":{"line":9,"column":6},"end":{"line":9,"column":24}},"5":{"start":{"line":10,"column":6},"end":{"line":10,"column":46}},"6":{"start":{"line":10,"column":27},"end":{"line":10,"column":46}},"7":{"start":{"line":11,"column":11},"end":{"line":14,"column":5}},"8":{"start":{"line":13,"column":6},"end":{"line":13,"column":35}},"9":{"start":{"line":16,"column":2},"end":{"line":16,"column":16}},"10":{"start":{"line":22,"column":13},"end":{"line":28,"column":2}},"11":{"start":{"line":26,"column":4},"end":{"line":26,"column":43}}},"fnMap":{"0":{"name":"_hoistKeyframes","decl":{"start":{"line":4,"column":9},"end":{"line":4,"column":24}},"loc":{"start":{"line":4,"column":47},"end":{"line":17,"column":1}}},"1":{"name":"(anonymous_1)","decl":{"start":{"line":25,"column":2},"end":{"line":25,"column":8}},"loc":{"start":{"line":25,"column":21},"end":{"line":27,"column":3}}}},"branchMap":{"0":{"loc":{"start":{"line":7,"column":4},"end":{"line":14,"column":5}},"type":"if","locations":[{"start":{"line":7,"column":4},"end":{"line":14,"column":5}},{"start":{"line":11,"column":11},"end":{"line":14,"column":5}}]},"1":{"loc":{"start":{"line":10,"column":6},"end":{"line":10,"column":46}},"type":"if","locations":[{"start":{"line":10,"column":6},"end":{"line":10,"column":46}},{"start":{},"end":{}}]},"2":{"loc":{"start":{"line":11,"column":11},"end":{"line":14,"column":5}},"type":"if","locations":[{"start":{"line":11,"column":11},"end":{"line":14,"column":5}},{"start":{},"end":{}}]}},"s":{"0":16,"1":100,"2":136,"3":136,"4":7,"5":7,"6":2,"7":129,"8":52,"9":100,"10":16,"11":48},"f":{"0":100,"1":48},"b":{"0":[7,129],"1":[2,5],"2":[52,77]}}
,"/Users/alex/dev/stylix/stylix-core/src/plugins/index.ts": {"path":"/Users/alex/dev/stylix/stylix-core/src/plugins/index.ts","statementMap":{"0":{"start":{"line":51,"column":0},"end":{"line":51,"column":16}},"1":{"start":{"line":3,"column":0},"end":{"line":3,"column":44}},"2":{"start":{"line":4,"column":0},"end":{"line":4,"column":51}},"3":{"start":{"line":5,"column":0},"end":{"line":5,"column":50}},"4":{"start":{"line":6,"column":0},"end":{"line":6,"column":46}},"5":{"start":{"line":7,"column":0},"end":{"line":7,"column":44}},"6":{"start":{"line":8,"column":0},"end":{"line":8,"column":48}},"7":{"start":{"line":9,"column":0},"end":{"line":9,"column":42}},"8":{"start":{"line":10,"column":0},"end":{"line":10,"column":50}},"9":{"start":{"line":57,"column":53},"end":{"line":65,"column":4}},"10":{"start":{"line":67,"column":38},"end":{"line":67,"column":50}},"11":{"start":{"line":68,"column":2},"end":{"line":72,"column":3}},"12":{"start":{"line":69,"column":19},"end":{"line":69,"column":37}},"13":{"start":{"line":70,"column":4},"end":{"line":71,"column":86}},"14":{"start":{"line":71,"column":6},"end":{"line":71,"column":86}},"15":{"start":{"line":73,"column":2},"end":{"line":73,"column":25}},"16":{"start":{"line":76,"column":0},"end":{"line":76,"column":9}},"17":{"start":{"line":76,"column":9},"end":{"line":76,"column":44}},"18":{"start":{"line":78,"column":13},"end":{"line":87,"column":2}}},"fnMap":{"0":{"name":"applyPlugins","decl":{"start":{"line":51,"column":16},"end":{"line":51,"column":28}},"loc":{"start":{"line":55,"column":24},"end":{"line":74,"column":1}}},"1":{"name":"(anonymous_1)","decl":{"start":{"line":76,"column":9},"end":{"line":76,"column":20}},"loc":{"start":{"line":76,"column":9},"end":{"line":76,"column":44}}}},"branchMap":{"0":{"loc":{"start":{"line":67,"column":38},"end":{"line":67,"column":50}},"type":"binary-expr","locations":[{"start":{"line":67,"column":38},"end":{"line":67,"column":44}},{"start":{"line":67,"column":48},"end":{"line":67,"column":50}}]},"1":{"loc":{"start":{"line":70,"column":4},"end":{"line":71,"column":86}},"type":"if","locations":[{"start":{"line":70,"column":4},"end":{"line":71,"column":86}},{"start":{},"end":{}}]}},"s":{"0":16,"1":16,"2":16,"3":16,"4":16,"5":16,"6":16,"7":16,"8":16,"9":137,"10":137,"11":137,"12":1118,"13":1118,"14":395,"15":137,"16":16,"17":17,"18":16},"f":{"0":137,"1":1},"b":{"0":[137,36],"1":[395,723]}}
,"/Users/alex/dev/stylix/stylix-core/src/plugins/mediaObjects.ts": {"path":"/Users/alex/dev/stylix/stylix-core/src/plugins/mediaObjects.ts","statementMap":{"0":{"start":{"line":29,"column":0},"end":{"line":29,"column":16}},"1":{"start":{"line":1,"column":0},"end":{"line":1,"column":47}},"2":{"start":{"line":18,"column":13},"end":{"line":22,"column":2}},"3":{"start":{"line":25,"column":2},"end":{"line":25,"column":48}},"4":{"start":{"line":25,"column":18},"end":{"line":25,"column":48}},"5":{"start":{"line":26,"column":2},"end":{"line":26,"column":63}},"6":{"start":{"line":34,"column":2},"end":{"line":34,"column":59}},"7":{"start":{"line":34,"column":45},"end":{"line":34,"column":59}},"8":{"start":{"line":37,"column":2},"end":{"line":39,"column":3}},"9":{"start":{"line":38,"column":4},"end":{"line":38,"column":87}},"10":{"start":{"line":38,"column":38},"end":{"line":38,"column":85}},"11":{"start":{"line":41,"column":2},"end":{"line":41,"column":47}},"12":{"start":{"line":41,"column":40},"end":{"line":41,"column":46}},"13":{"start":{"line":43,"column":17},"end":{"line":43,"column":57}},"14":{"start":{"line":45,"column":2},"end":{"line":81,"column":3}},"15":{"start":{"line":46,"column":23},"end":{"line":46,"column":39}},"16":{"start":{"line":48,"column":4},"end":{"line":66,"column":5}},"17":{"start":{"line":49,"column":6},"end":{"line":53,"column":7}},"18":{"start":{"line":51,"column":8},"end":{"line":51,"column":56}},"19":{"start":{"line":52,"column":8},"end":{"line":52,"column":17}},"20":{"start":{"line":56,"column":6},"end":{"line":64,"column":7}},"21":{"start":{"line":57,"column":8},"end":{"line":57,"column":32}},"22":{"start":{"line":58,"column":8},"end":{"line":63,"column":10}},"23":{"start":{"line":65,"column":6},"end":{"line":65,"column":15}},"24":{"start":{"line":68,"column":4},"end":{"line":77,"column":5}},"25":{"start":{"line":69,"column":6},"end":{"line":69,"column":30}},"26":{"start":{"line":70,"column":6},"end":{"line":75,"column":8}},"27":{"start":{"line":76,"column":6},"end":{"line":76,"column":15}},"28":{"start":{"line":80,"column":4},"end":{"line":80,"column":94}},"29":{"start":{"line":83,"column":18},"end":{"line":83,"column":39}},"30":{"start":{"line":84,"column":2},"end":{"line":84,"column":83}}},"fnMap":{"0":{"name":"mediaObjectsPlugin","decl":{"start":{"line":24,"column":9},"end":{"line":24,"column":27}},"loc":{"start":{"line":24,"column":82},"end":{"line":27,"column":1}}},"1":{"name":"processMediaStyles","decl":{"start":{"line":29,"column":16},"end":{"line":29,"column":34}},"loc":{"start":{"line":32,"column":13},"end":{"line":85,"column":1}}},"2":{"name":"(anonymous_2)","decl":{"start":{"line":38,"column":22},"end":{"line":38,"column":23}},"loc":{"start":{"line":38,"column":38},"end":{"line":38,"column":85}}},"3":{"name":"(anonymous_3)","decl":{"start":{"line":41,"column":23},"end":{"line":41,"column":24}},"loc":{"start":{"line":41,"column":40},"end":{"line":41,"column":46}}}},"branchMap":{"0":{"loc":{"start":{"line":25,"column":2},"end":{"line":25,"column":48}},"type":"if","locations":[{"start":{"line":25,"column":2},"end":{"line":25,"column":48}},{"start":{},"end":{}}]},"1":{"loc":{"start":{"line":34,"column":2},"end":{"line":34,"column":59}},"type":"if","locations":[{"start":{"line":34,"column":2},"end":{"line":34,"column":59}},{"start":{},"end":{}}]},"2":{"loc":{"start":{"line":34,"column":6},"end":{"line":34,"column":43}},"type":"binary-expr","locations":[{"start":{"line":34,"column":6},"end":{"line":34,"column":13}},{"start":{"line":34,"column":17},"end":{"line":34,"column":43}}]},"3":{"loc":{"start":{"line":37,"column":2},"end":{"line":39,"column":3}},"type":"if","locations":[{"start":{"line":37,"column":2},"end":{"line":39,"column":3}},{"start":{},"end":{}}]},"4":{"loc":{"start":{"line":48,"column":4},"end":{"line":66,"column":5}},"type":"if","locations":[{"start":{"line":48,"column":4},"end":{"line":66,"column":5}},{"start":{},"end":{}}]},"5":{"loc":{"start":{"line":49,"column":6},"end":{"line":53,"column":7}},"type":"if","locations":[{"start":{"line":49,"column":6},"end":{"line":53,"column":7}},{"start":{},"end":{}}]},"6":{"loc":{"start":{"line":68,"column":4},"end":{"line":77,"column":5}},"type":"if","locations":[{"start":{"line":68,"column":4},"end":{"line":77,"column":5}},{"start":{},"end":{}}]},"7":{"loc":{"start":{"line":84,"column":9},"end":{"line":84,"column":82}},"type":"cond-expr","locations":[{"start":{"line":84,"column":32},"end":{"line":84,"column":42}},{"start":{"line":84,"column":45},"end":{"line":84,"column":82}}]},"8":{"loc":{"start":{"line":84,"column":45},"end":{"line":84,"column":82}},"type":"cond-expr","locations":[{"start":{"line":84,"column":68},"end":{"line":84,"column":72}},{"start":{"line":84,"column":75},"end":{"line":84,"column":82}}]}},"s":{"0":17,"1":17,"2":17,"3":48,"4":46,"5":2,"6":50,"7":18,"8":32,"9":3,"10":5,"11":29,"12":7,"13":29,"14":29,"15":56,"16":56,"17":37,"18":30,"19":30,"20":7,"21":18,"22":18,"23":7,"24":19,"25":8,"26":8,"27":8,"28":11,"29":29,"30":29},"f":{"0":48,"1":50,"2":5,"3":7},"b":{"0":[46,2],"1":[18,32],"2":[50,50],"3":[3,29],"4":[37,19],"5":[30,7],"6":[8,11],"7":[17,12],"8":[0,12]}}
,"/Users/alex/dev/stylix/stylix-core/src/plugins/mergeArrays.ts": {"path":"/Users/alex/dev/stylix/stylix-core/src/plugins/mergeArrays.ts","statementMap":{"0":{"start":{"line":14,"column":0},"end":{"line":14,"column":16}},"1":{"start":{"line":2,"column":0},"end":{"line":2,"column":42}},"2":{"start":{"line":8,"column":13},"end":{"line":12,"column":2}},"3":{"start":{"line":11,"column":28},"end":{"line":11,"column":48}},"4":{"start":{"line":15,"column":2},"end":{"line":15,"column":50}},"5":{"start":{"line":15,"column":26},"end":{"line":15,"column":50}},"6":{"start":{"line":16,"column":2},"end":{"line":16,"column":37}},"7":{"start":{"line":20,"column":2},"end":{"line":20,"column":19}},"8":{"start":{"line":21,"column":15},"end":{"line":21,"column":37}},"9":{"start":{"line":23,"column":2},"end":{"line":25,"column":3}},"10":{"start":{"line":24,"column":4},"end":{"line":24,"column":49}},"11":{"start":{"line":27,"column":2},"end":{"line":67,"column":3}},"12":{"start":{"line":27,"column":15},"end":{"line":27,"column":16}},"13":{"start":{"line":28,"column":17},"end":{"line":28,"column":51}},"14":{"start":{"line":30,"column":4},"end":{"line":32,"column":5}},"15":{"start":{"line":31,"column":6},"end":{"line":31,"column":35}},"16":{"start":{"line":35,"column":4},"end":{"line":35,"column":48}},"17":{"start":{"line":35,"column":39},"end":{"line":35,"column":48}},"18":{"start":{"line":38,"column":4},"end":{"line":41,"column":5}},"19":{"start":{"line":39,"column":6},"end":{"line":39,"column":22}},"20":{"start":{"line":40,"column":6},"end":{"line":40,"column":15}},"21":{"start":{"line":44,"column":4},"end":{"line":47,"column":5}},"22":{"start":{"line":45,"column":6},"end":{"line":45,"column":22}},"23":{"start":{"line":46,"column":6},"end":{"line":46,"column":15}},"24":{"start":{"line":49,"column":4},"end":{"line":66,"column":5}},"25":{"start":{"line":50,"column":20},"end":{"line":50,"column":47}},"26":{"start":{"line":52,"column":6},"end":{"line":65,"column":7}},"27":{"start":{"line":52,"column":28},"end":{"line":52,"column":48}},"28":{"start":{"line":54,"column":11},"end":{"line":65,"column":7}},"29":{"start":{"line":56,"column":8},"end":{"line":59,"column":9}},"30":{"start":{"line":57,"column":10},"end":{"line":57,"column":71}},"31":{"start":{"line":57,"column":43},"end":{"line":57,"column":71}},"32":{"start":{"line":58,"column":11},"end":{"line":58,"column":54}},"33":{"start":{"line":64,"column":8},"end":{"line":64,"column":28}},"34":{"start":{"line":69,"column":2},"end":{"line":69,"column":40}},"35":{"start":{"line":72,"column":17},"end":{"line":72,"column":34}},"36":{"start":{"line":77,"column":2},"end":{"line":77,"column":45}},"37":{"start":{"line":77,"column":28},"end":{"line":77,"column":45}},"38":{"start":{"line":78,"column":2},"end":{"line":78,"column":42}},"39":{"start":{"line":78,"column":31},"end":{"line":78,"column":42}},"40":{"start":{"line":79,"column":2},"end":{"line":81,"column":3}},"41":{"start":{"line":80,"column":4},"end":{"line":80,"column":15}},"42":{"start":{"line":83,"column":2},"end":{"line":86,"column":3}},"43":{"start":{"line":84,"column":4},"end":{"line":84,"column":56}},"44":{"start":{"line":84,"column":47},"end":{"line":84,"column":56}},"45":{"start":{"line":85,"column":4},"end":{"line":85,"column":50}},"46":{"start":{"line":88,"column":2},"end":{"line":88,"column":82}},"47":{"start":{"line":89,"column":2},"end":{"line":89,"column":13}}},"fnMap":{"0":{"name":"(anonymous_0)","decl":{"start":{"line":11,"column":10},"end":{"line":11,"column":11}},"loc":{"start":{"line":11,"column":28},"end":{"line":11,"column":48}}},"1":{"name":"_mergeArrays","decl":{"start":{"line":14,"column":16},"end":{"line":14,"column":28}},"loc":{"start":{"line":14,"column":46},"end":{"line":17,"column":1}}},"2":{"name":"reduceArray","decl":{"start":{"line":19,"column":9},"end":{"line":19,"column":20}},"loc":{"start":{"line":19,"column":40},"end":{"line":70,"column":1}}},"3":{"name":"reduceObjectProperties","decl":{"start":{"line":74,"column":9},"end":{"line":74,"column":31}},"loc":{"start":{"line":75,"column":44},"end":{"line":90,"column":1}}}},"branchMap":{"0":{"loc":{"start":{"line":15,"column":2},"end":{"line":15,"column":50}},"type":"if","locations":[{"start":{"line":15,"column":2},"end":{"line":15,"column":50}},{"start":{},"end":{}}]},"1":{"loc":{"start":{"line":23,"column":2},"end":{"line":25,"column":3}},"type":"if","locations":[{"start":{"line":23,"column":2},"end":{"line":25,"column":3}},{"start":{},"end":{}}]},"2":{"loc":{"start":{"line":30,"column":4},"end":{"line":32,"column":5}},"type":"if","locations":[{"start":{"line":30,"column":4},"end":{"line":32,"column":5}},{"start":{},"end":{}}]},"3":{"loc":{"start":{"line":35,"column":4},"end":{"line":35,"column":48}},"type":"if","locations":[{"start":{"line":35,"column":4},"end":{"line":35,"column":48}},{"start":{},"end":{}}]},"4":{"loc":{"start":{"line":38,"column":4},"end":{"line":41,"column":5}},"type":"if","locations":[{"start":{"line":38,"column":4},"end":{"line":41,"column":5}},{"start":{},"end":{}}]},"5":{"loc":{"start":{"line":38,"column":8},"end":{"line":38,"column":64}},"type":"binary-expr","locations":[{"start":{"line":38,"column":8},"end":{"line":38,"column":34}},{"start":{"line":38,"column":38},"end":{"line":38,"column":64}}]},"6":{"loc":{"start":{"line":44,"column":4},"end":{"line":47,"column":5}},"type":"if","locations":[{"start":{"line":44,"column":4},"end":{"line":47,"column":5}},{"start":{},"end":{}}]},"7":{"loc":{"start":{"line":52,"column":6},"end":{"line":65,"column":7}},"type":"if","locations":[{"start":{"line":52,"column":6},"end":{"line":65,"column":7}},{"start":{"line":54,"column":11},"end":{"line":65,"column":7}}]},"8":{"loc":{"start":{"line":54,"column":11},"end":{"line":65,"column":7}},"type":"if","locations":[{"start":{"line":54,"column":11},"end":{"line":65,"column":7}},{"start":{"line":63,"column":11},"end":{"line":65,"column":7}}]},"9":{"loc":{"start":{"line":56,"column":8},"end":{"line":59,"column":9}},"type":"if","locations":[{"start":{"line":56,"column":8},"end":{"line":59,"column":9}},{"start":{},"end":{}}]},"10":{"loc":{"start":{"line":57,"column":10},"end":{"line":57,"column":71}},"type":"if","locations":[{"start":{"line":57,"column":10},"end":{"line":57,"column":71}},{"start":{},"end":{}}]},"11":{"loc":{"start":{"line":77,"column":2},"end":{"line":77,"column":45}},"type":"if","locations":[{"start":{"line":77,"column":2},"end":{"line":77,"column":45}},{"start":{},"end":{}}]},"12":{"loc":{"start":{"line":77,"column":6},"end":{"line":77,"column":26}},"type":"binary-expr","locations":[{"start":{"line":77,"column":6},"end":{"line":77,"column":10}},{"start":{"line":77,"column":14},"end":{"line":77,"column":26}}]},"13":{"loc":{"start":{"line":78,"column":2},"end":{"line":78,"column":42}},"type":"if","locations":[{"start":{"line":78,"column":2},"end":{"line":78,"column":42}},{"start":{},"end":{}}]},"14":{"loc":{"start":{"line":79,"column":2},"end":{"line":81,"column":3}},"type":"if","locations":[{"start":{"line":79,"column":2},"end":{"line":81,"column":3}},{"start":{},"end":{}}]},"15":{"loc":{"start":{"line":84,"column":4},"end":{"line":84,"column":56}},"type":"if","locations":[{"start":{"line":84,"column":4},"end":{"line":84,"column":56}},{"start":{},"end":{}}]},"16":{"loc":{"start":{"line":84,"column":8},"end":{"line":84,"column":45}},"type":"binary-expr","locations":[{"start":{"line":84,"column":8},"end":{"line":84,"column":15}},{"start":{"line":84,"column":19},"end":{"line":84,"column":45}}]}},"s":{"0":19,"1":19,"2":19,"3":48,"4":185,"5":65,"6":120,"7":72,"8":72,"9":72,"10":2,"11":72,"12":72,"13":90,"14":90,"15":5,"16":90,"17":0,"18":90,"19":2,"20":2,"21":88,"22":1,"23":1,"24":87,"25":103,"26":103,"27":70,"28":33,"29":18,"30":15,"31":8,"32":15,"33":15,"34":72,"35":19,"36":192,"37":1,"38":191,"39":1,"40":190,"41":3,"42":187,"43":302,"44":185,"45":117,"46":187,"47":187},"f":{"0":48,"1":185,"2":72,"3":192},"b":{"0":[65,120],"1":[2,70],"2":[5,85],"3":[0,90],"4":[2,88],"5":[90,3],"6":[1,87],"7":[70,33],"8":[18,15],"9":[15,3],"10":[8,7],"11":[1,191],"12":[192,192],"13":[1,190],"14":[3,187],"15":[185,117],"16":[302,298]}}
,"/Users/alex/dev/stylix/stylix-core/src/plugins/prepareStyles.ts": {"path":"/Users/alex/dev/stylix/stylix-core/src/plugins/prepareStyles.ts","statementMap":{"0":{"start":{"line":1,"column":0},"end":{"line":1,"column":54}},"1":{"start":{"line":7,"column":13},"end":{"line":16,"column":2}},"2":{"start":{"line":11,"column":4},"end":{"line":11,"column":76}},"3":{"start":{"line":11,"column":57},"end":{"line":11,"column":76}},"4":{"start":{"line":12,"column":4},"end":{"line":12,"column":61}},"5":{"start":{"line":12,"column":49},"end":{"line":12,"column":61}},"6":{"start":{"line":13,"column":4},"end":{"line":13,"column":98}},"7":{"start":{"line":13,"column":68},"end":{"line":13,"column":83}},"8":{"start":{"line":13,"column":86},"end":{"line":13,"column":98}},"9":{"start":{"line":14,"column":4},"end":{"line":14,"column":18}}},"fnMap":{"0":{"name":"(anonymous_0)","decl":{"start":{"line":10,"column":2},"end":{"line":10,"column":8}},"loc":{"start":{"line":10,"column":21},"end":{"line":15,"column":3}}},"1":{"name":"(anonymous_1)","decl":{"start":{"line":13,"column":61},"end":{"line":13,"column":62}},"loc":{"start":{"line":13,"column":68},"end":{"line":13,"column":83}}}},"branchMap":{"0":{"loc":{"start":{"line":11,"column":11},"end":{"line":11,"column":55}},"type":"binary-expr","locations":[{"start":{"line":11,"column":11},"end":{"line":11,"column":32}},{"start":{"line":11,"column":36},"end":{"line":11,"column":55}}]},"1":{"loc":{"start":{"line":12,"column":4},"end":{"line":12,"column":61}},"type":"if","locations":[{"start":{"line":12,"column":4},"end":{"line":12,"column":61}},{"start":{},"end":{}}]},"2":{"loc":{"start":{"line":12,"column":8},"end":{"line":12,"column":47}},"type":"binary-expr","locations":[{"start":{"line":12,"column":8},"end":{"line":12,"column":29}},{"start":{"line":12,"column":33},"end":{"line":12,"column":47}}]},"3":{"loc":{"start":{"line":13,"column":4},"end":{"line":13,"column":98}},"type":"if","locations":[{"start":{"line":13,"column":4},"end":{"line":13,"column":98}},{"start":{},"end":{}}]},"4":{"loc":{"start":{"line":13,"column":8},"end":{"line":13,"column":84}},"type":"binary-expr","locations":[{"start":{"line":13,"column":8},"end":{"line":13,"column":29}},{"start":{"line":13,"column":33},"end":{"line":13,"column":84}}]}},"s":{"0":16,"1":16,"2":53,"3":2,"4":53,"5":0,"6":53,"7":49,"8":2,"9":51},"f":{"0":53,"1":49},"b":{"0":[55,7],"1":[0,53],"2":[53,5],"3":[2,51],"4":[53,48]}}
,"/Users/alex/dev/stylix/stylix-core/src/plugins/propCasing.ts": {"path":"/Users/alex/dev/stylix/stylix-core/src/plugins/propCasing.ts","statementMap":{"0":{"start":{"line":1,"column":0},"end":{"line":1,"column":47}},"1":{"start":{"line":3,"column":0},"end":{"line":3,"column":70}},"2":{"start":{"line":9,"column":13},"end":{"line":15,"column":2}},"3":{"start":{"line":13,"column":4},"end":{"line":13,"column":53}},"4":{"start":{"line":17,"column":41},"end":{"line":30,"column":1}},"5":{"start":{"line":24,"column":2},"end":{"line":24,"column":84}},"6":{"start":{"line":24,"column":46},"end":{"line":24,"column":84}},"7":{"start":{"line":25,"column":20},"end":{"line":25,"column":60}},"8":{"start":{"line":26,"column":2},"end":{"line":28,"column":3}},"9":{"start":{"line":27,"column":4},"end":{"line":27,"column":72}},"10":{"start":{"line":29,"column":2},"end":{"line":29,"column":40}}},"fnMap":{"0":{"name":"(anonymous_0)","decl":{"start":{"line":12,"column":2},"end":{"line":12,"column":8}},"loc":{"start":{"line":12,"column":20},"end":{"line":14,"column":3}}},"1":{"name":"(anonymous_1)","decl":{"start":{"line":17,"column":41},"end":{"line":17,"column":null}},"loc":{"start":{"line":23,"column":4},"end":{"line":30,"column":1}}}},"branchMap":{"0":{"loc":{"start":{"line":24,"column":2},"end":{"line":24,"column":84}},"type":"if","locations":[{"start":{"line":24,"column":2},"end":{"line":24,"column":84}},{"start":{},"end":{}}]},"1":{"loc":{"start":{"line":24,"column":6},"end":{"line":24,"column":44}},"type":"binary-expr","locations":[{"start":{"line":24,"column":6},"end":{"line":24,"column":29}},{"start":{"line":24,"column":33},"end":{"line":24,"column":44}}]},"2":{"loc":{"start":{"line":26,"column":2},"end":{"line":28,"column":3}},"type":"if","locations":[{"start":{"line":26,"column":2},"end":{"line":28,"column":3}},{"start":{},"end":{}}]}},"s":{"0":16,"1":16,"2":16,"3":48,"4":16,"5":164,"6":1,"7":163,"8":163,"9":89,"10":74},"f":{"0":48,"1":164},"b":{"0":[1,163],"1":[164,164],"2":[89,74]}}
,"/Users/alex/dev/stylix/stylix-core/src/plugins/replace$$class.ts": {"path":"/Users/alex/dev/stylix/stylix-core/src/plugins/replace$$class.ts","statementMap":{"0":{"start":{"line":1,"column":0},"end":{"line":1,"column":70}},"1":{"start":{"line":7,"column":13},"end":{"line":13,"column":2}},"2":{"start":{"line":11,"column":4},"end":{"line":11,"column":57}},"3":{"start":{"line":15,"column":45},"end":{"line":28,"column":1}},"4":{"start":{"line":22,"column":2},"end":{"line":25,"column":28}},"5":{"start":{"line":26,"column":2},"end":{"line":26,"column":95}},"6":{"start":{"line":27,"column":2},"end":{"line":27,"column":26}}},"fnMap":{"0":{"name":"(anonymous_0)","decl":{"start":{"line":10,"column":2},"end":{"line":10,"column":8}},"loc":{"start":{"line":10,"column":20},"end":{"line":12,"column":3}}},"1":{"name":"(anonymous_1)","decl":{"start":{"line":15,"column":45},"end":{"line":15,"column":null}},"loc":{"start":{"line":21,"column":4},"end":{"line":28,"column":1}}}},"branchMap":{"0":{"loc":{"start":{"line":23,"column":4},"end":{"line":25,"column":27}},"type":"cond-expr","locations":[{"start":{"line":24,"column":8},"end":{"line":24,"column":64}},{"start":{"line":25,"column":8},"end":{"line":25,"column":27}}]},"1":{"loc":{"start":{"line":24,"column":36},"end":{"line":24,"column":63}},"type":"binary-expr","locations":[{"start":{"line":24,"column":36},"end":{"line":24,"column":57}},{"start":{"line":24,"column":61},"end":{"line":24,"column":63}}]},"2":{"loc":{"start":{"line":26,"column":8},"end":{"line":26,"column":94}},"type":"cond-expr","locations":[{"start":{"line":26,"column":34},"end":{"line":26,"column":88}},{"start":{"line":26,"column":91},"end":{"line":26,"column":94}}]},"3":{"loc":{"start":{"line":26,"column":60},"end":{"line":26,"column":87}},"type":"binary-expr","locations":[{"start":{"line":26,"column":60},"end":{"line":26,"column":81}},{"start":{"line":26,"column":85},"end":{"line":26,"column":87}}]}},"s":{"0":16,"1":16,"2":48,"3":16,"4":164,"5":164,"6":164},"f":{"0":48,"1":164},"b":{"0":[65,99],"1":[65,0],"2":[164,0],"3":[164,0]}}
,"/Users/alex/dev/stylix/stylix-core/src/util/cx.ts": {"path":"/Users/alex/dev/stylix/stylix-core/src/util/cx.ts","statementMap":{"0":{"start":{"line":39,"column":0},"end":{"line":39,"column":16}},"1":{"start":{"line":10,"column":31},"end":{"line":10,"column":33}},"2":{"start":{"line":11,"column":2},"end":{"line":25,"column":3}},"3":{"start":{"line":12,"column":4},"end":{"line":24,"column":5}},"4":{"start":{"line":13,"column":6},"end":{"line":13,"column":27}},"5":{"start":{"line":14,"column":11},"end":{"line":24,"column":5}},"6":{"start":{"line":15,"column":6},"end":{"line":15,"column":39}},"7":{"start":{"line":16,"column":11},"end":{"line":24,"column":5}},"8":{"start":{"line":17,"column":6},"end":{"line":17,"column":43}},"9":{"start":{"line":18,"column":11},"end":{"line":24,"column":5}},"10":{"start":{"line":19,"column":6},"end":{"line":23,"column":7}},"11":{"start":{"line":20,"column":8},"end":{"line":22,"column":9}},"12":{"start":{"line":21,"column":10},"end":{"line":21,"column":31}},"13":{"start":{"line":26,"column":2},"end":{"line":26,"column":20}},"14":{"start":{"line":40,"column":2},"end":{"line":40,"column":33}}},"fnMap":{"0":{"name":"cxArray","decl":{"start":{"line":9,"column":9},"end":{"line":9,"column":16}},"loc":{"start":{"line":9,"column":34},"end":{"line":27,"column":1}}},"1":{"name":"cx","decl":{"start":{"line":39,"column":16},"end":{"line":39,"column":18}},"loc":{"start":{"line":39,"column":39},"end":{"line":41,"column":1}}}},"branchMap":{"0":{"loc":{"start":{"line":12,"column":4},"end":{"line":24,"column":5}},"type":"if","locations":[{"start":{"line":12,"column":4},"end":{"line":24,"column":5}},{"start":{"line":14,"column":11},"end":{"line":24,"column":5}}]},"1":{"loc":{"start":{"line":12,"column":8},"end":{"line":12,"column":38}},"type":"binary-expr","locations":[{"start":{"line":12,"column":8},"end":{"line":12,"column":11}},{"start":{"line":12,"column":15},"end":{"line":12,"column":38}}]},"2":{"loc":{"start":{"line":14,"column":11},"end":{"line":24,"column":5}},"type":"if","locations":[{"start":{"line":14,"column":11},"end":{"line":24,"column":5}},{"start":{"line":16,"column":11},"end":{"line":24,"column":5}}]},"3":{"loc":{"start":{"line":16,"column":11},"end":{"line":24,"column":5}},"type":"if","locations":[{"start":{"line":16,"column":11},"end":{"line":24,"column":5}},{"start":{"line":18,"column":11},"end":{"line":24,"column":5}}]},"4":{"loc":{"start":{"line":18,"column":11},"end":{"line":24,"column":5}},"type":"if","locations":[{"start":{"line":18,"column":11},"end":{"line":24,"column":5}},{"start":{},"end":{}}]},"5":{"loc":{"start":{"line":18,"column":15},"end":{"line":18,"column":54}},"type":"binary-expr","locations":[{"start":{"line":18,"column":15},"end":{"line":18,"column":38}},{"start":{"line":18,"column":42},"end":{"line":18,"column":54}}]},"6":{"loc":{"start":{"line":20,"column":8},"end":{"line":22,"column":9}},"type":"if","locations":[{"start":{"line":20,"column":8},"end":{"line":22,"column":9}},{"start":{},"end":{}}]}},"s":{"0":17,"1":25,"2":25,"3":44,"4":19,"5":25,"6":5,"7":20,"8":6,"9":14,"10":3,"11":10,"12":6,"13":25,"14":14},"f":{"0":25,"1":14},"b":{"0":[19,25],"1":[44,35],"2":[5,20],"3":[6,14],"4":[3,11],"5":[14,4],"6":[6,4]}}
,"/Users/alex/dev/stylix/stylix-core/src/util/isEmpty.ts": {"path":"/Users/alex/dev/stylix/stylix-core/src/util/isEmpty.ts","statementMap":{"0":{"start":{"line":1,"column":0},"end":{"line":1,"column":16}},"1":{"start":{"line":2,"column":2},"end":{"line":2,"column":24}},"2":{"start":{"line":2,"column":12},"end":{"line":2,"column":24}},"3":{"start":{"line":3,"column":2},"end":{"line":3,"column":50}},"4":{"start":{"line":3,"column":26},"end":{"line":3,"column":50}},"5":{"start":{"line":4,"column":2},"end":{"line":4,"column":36}},"6":{"start":{"line":4,"column":23},"end":{"line":4,"column":36}},"7":{"start":{"line":5,"column":2},"end":{"line":5,"column":43}},"8":{"start":{"line":5,"column":31},"end":{"line":5,"column":43}},"9":{"start":{"line":6,"column":2},"end":{"line":6,"column":15}}},"fnMap":{"0":{"name":"isEmpty","decl":{"start":{"line":1,"column":16},"end":{"line":1,"column":23}},"loc":{"start":{"line":1,"column":36},"end":{"line":7,"column":1}}}},"branchMap":{"0":{"loc":{"start":{"line":2,"column":2},"end":{"line":2,"column":24}},"type":"if","locations":[{"start":{"line":2,"column":2},"end":{"line":2,"column":24}},{"start":{},"end":{}}]},"1":{"loc":{"start":{"line":3,"column":2},"end":{"line":3,"column":50}},"type":"if","locations":[{"start":{"line":3,"column":2},"end":{"line":3,"column":50}},{"start":{},"end":{}}]},"2":{"loc":{"start":{"line":5,"column":2},"end":{"line":5,"column":43}},"type":"if","locations":[{"start":{"line":5,"column":2},"end":{"line":5,"column":43}},{"start":{},"end":{}}]}},"s":{"0":21,"1":547,"2":46,"3":501,"4":34,"5":467,"6":447,"7":20,"8":17,"9":3},"f":{"0":547},"b":{"0":[46,501],"1":[34,467],"2":[17,3]}}
,"/Users/alex/dev/stylix/stylix-core/src/util/isPlainObject.ts": {"path":"/Users/alex/dev/stylix/stylix-core/src/util/isPlainObject.ts","statementMap":{"0":{"start":{"line":4,"column":0},"end":{"line":4,"column":16}},"1":{"start":{"line":5,"column":2},"end":{"line":5,"column":56}},"2":{"start":{"line":5,"column":43},"end":{"line":5,"column":56}},"3":{"start":{"line":6,"column":2},"end":{"line":6,"column":59}}},"fnMap":{"0":{"name":"isPlainObject","decl":{"start":{"line":4,"column":16},"end":{"line":4,"column":29}},"loc":{"start":{"line":4,"column":40},"end":{"line":7,"column":1}}}},"branchMap":{"0":{"loc":{"start":{"line":5,"column":2},"end":{"line":5,"column":56}},"type":"if","locations":[{"start":{"line":5,"column":2},"end":{"line":5,"column":56}},{"start":{},"end":{}}]},"1":{"loc":{"start":{"line":5,"column":6},"end":{"line":5,"column":41}},"type":"binary-expr","locations":[{"start":{"line":5,"column":6},"end":{"line":5,"column":12}},{"start":{"line":5,"column":16},"end":{"line":5,"column":41}}]}},"s":{"0":19,"1":505,"2":295,"3":210},"f":{"0":505},"b":{"0":[295,210],"1":[505,494]}}
,"/Users/alex/dev/stylix/stylix-core/src/util/mapObject.ts": {"path":"/Users/alex/dev/stylix/stylix-core/src/util/mapObject.ts","statementMap":{"0":{"start":{"line":66,"column":0},"end":{"line":66,"column":16}},"1":{"start":{"line":71,"column":2},"end":{"line":71,"column":48}},"2":{"start":{"line":71,"column":34},"end":{"line":71,"column":48}},"3":{"start":{"line":72,"column":17},"end":{"line":72,"column":92}},"4":{"start":{"line":73,"column":2},"end":{"line":102,"column":3}},"5":{"start":{"line":74,"column":16},"end":{"line":74,"column":52}},"6":{"start":{"line":75,"column":19},"end":{"line":75,"column":38}},"7":{"start":{"line":77,"column":25},"end":{"line":77,"column":39}},"8":{"start":{"line":78,"column":22},"end":{"line":79,"column":null}},"9":{"start":{"line":79,"column":6},"end":{"line":79,"column":41}},"10":{"start":{"line":82,"column":4},"end":{"line":82,"column":51}},"11":{"start":{"line":82,"column":42},"end":{"line":82,"column":51}},"12":{"start":{"line":84,"column":4},"end":{"line":87,"column":5}},"13":{"start":{"line":85,"column":7},"end":{"line":85,"column":47}},"14":{"start":{"line":86,"column":6},"end":{"line":86,"column":15}},"15":{"start":{"line":89,"column":4},"end":{"line":97,"column":5}},"16":{"start":{"line":95,"column":6},"end":{"line":95,"column":49}},"17":{"start":{"line":96,"column":6},"end":{"line":96,"column":15}},"18":{"start":{"line":99,"column":4},"end":{"line":101,"column":6}},"19":{"start":{"line":104,"column":2},"end":{"line":104,"column":27}}},"fnMap":{"0":{"name":"mapObject","decl":{"start":{"line":66,"column":16},"end":{"line":66,"column":25}},"loc":{"start":{"line":69,"column":19},"end":{"line":105,"column":1}}},"1":{"name":"(anonymous_1)","decl":{"start":{"line":78,"column":60},"end":{"line":78,"column":61}},"loc":{"start":{"line":79,"column":6},"end":{"line":79,"column":41}}}},"branchMap":{"0":{"loc":{"start":{"line":69,"column":2},"end":{"line":69,"column":19}},"type":"default-arg","locations":[{"start":{"line":69,"column":17},"end":{"line":69,"column":19}}]},"1":{"loc":{"start":{"line":71,"column":2},"end":{"line":71,"column":48}},"type":"if","locations":[{"start":{"line":71,"column":2},"end":{"line":71,"column":48}},{"start":{},"end":{}}]},"2":{"loc":{"start":{"line":72,"column":17},"end":{"line":72,"column":92}},"type":"cond-expr","locations":[{"start":{"line":72,"column":42},"end":{"line":72,"column":58}},{"start":{"line":72,"column":62},"end":{"line":72,"column":92}}]},"3":{"loc":{"start":{"line":74,"column":16},"end":{"line":74,"column":52}},"type":"cond-expr","locations":[{"start":{"line":74,"column":40},"end":{"line":74,"column":45}},{"start":{"line":74,"column":48},"end":{"line":74,"column":52}}]},"4":{"loc":{"start":{"line":82,"column":4},"end":{"line":82,"column":51}},"type":"if","locations":[{"start":{"line":82,"column":4},"end":{"line":82,"column":51}},{"start":{},"end":{}}]},"5":{"loc":{"start":{"line":84,"column":4},"end":{"line":87,"column":5}},"type":"if","locations":[{"start":{"line":84,"column":4},"end":{"line":87,"column":5}},{"start":{},"end":{}}]},"6":{"loc":{"start":{"line":84,"column":8},"end":{"line":84,"column":57}},"type":"binary-expr","locations":[{"start":{"line":84,"column":8},"end":{"line":84,"column":32}},{"start":{"line":84,"column":36},"end":{"line":84,"column":57}}]},"7":{"loc":{"start":{"line":89,"column":4},"end":{"line":97,"column":5}},"type":"if","locations":[{"start":{"line":89,"column":4},"end":{"line":97,"column":5}},{"start":{},"end":{}}]},"8":{"loc":{"start":{"line":90,"column":6},"end":{"line":93,"column":28}},"type":"binary-expr","locations":[{"start":{"line":90,"column":6},"end":{"line":90,"column":35}},{"start":{"line":91,"column":6},"end":{"line":91,"column":31}},{"start":{"line":92,"column":6},"end":{"line":92,"column":32}},{"start":{"line":93,"column":6},"end":{"line":93,"column":28}}]}},"s":{"0":18,"1":623,"2":220,"3":403,"4":403,"5":560,"6":560,"7":560,"8":560,"9":457,"10":560,"11":5,"12":555,"13":5,"14":5,"15":550,"16":548,"17":548,"18":2,"19":401},"f":{"0":623,"1":457},"b":{"0":[21],"1":[220,403],"2":[3,400],"3":[6,554],"4":[5,555],"5":[5,550],"6":[555,6],"7":[548,2],"8":[550,550,549,549]}}
,"/Users/alex/dev/stylix/stylix-core/src/util/useIsoLayoutEffect.ts": {"path":"/Users/alex/dev/stylix/stylix-core/src/util/useIsoLayoutEffect.ts","statementMap":{"0":{"start":{"line":6,"column":0},"end":{"line":6,"column":24}},"1":{"start":{"line":1,"column":0},"end":{"line":1,"column":40}},"2":{"start":{"line":3,"column":25},"end":{"line":4,"column":72}},"3":{"start":{"line":4,"column":2},"end":{"line":4,"column":72}},"4":{"start":{"line":3,"column":13},"end":{"line":3,"column":25}},"5":{"start":{"line":12,"column":2},"end":{"line":18,"column":3}},"6":{"start":{"line":13,"column":4},"end":{"line":13,"column":30}},"7":{"start":{"line":13,"column":18},"end":{"line":13,"column":30}},"8":{"start":{"line":17,"column":4},"end":{"line":17,"column":30}}},"fnMap":{"0":{"name":"(anonymous_0)","decl":{"start":{"line":3,"column":25},"end":{"line":3,"column":28}},"loc":{"start":{"line":4,"column":2},"end":{"line":4,"column":72}}},"1":{"name":"useIsoLayoutEffect","decl":{"start":{"line":6,"column":24},"end":{"line":6,"column":42}},"loc":{"start":{"line":10,"column":21},"end":{"line":19,"column":1}}}},"branchMap":{"0":{"loc":{"start":{"line":4,"column":4},"end":{"line":4,"column":71}},"type":"binary-expr","locations":[{"start":{"line":4,"column":4},"end":{"line":4,"column":33}},{"start":{"line":4,"column":37},"end":{"line":4,"column":71}}]},"1":{"loc":{"start":{"line":10,"column":2},"end":{"line":10,"column":21}},"type":"default-arg","locations":[{"start":{"line":10,"column":10},"end":{"line":10,"column":21}}]},"2":{"loc":{"start":{"line":12,"column":2},"end":{"line":18,"column":3}},"type":"if","locations":[{"start":{"line":12,"column":2},"end":{"line":18,"column":3}},{"start":{"line":14,"column":9},"end":{"line":18,"column":3}}]},"3":{"loc":{"start":{"line":13,"column":4},"end":{"line":13,"column":30}},"type":"if","locations":[{"start":{"line":13,"column":4},"end":{"line":13,"column":30}},{"start":{},"end":{}}]}},"s":{"0":16,"1":16,"2":16,"3":34,"4":16,"5":122,"6":4,"7":2,"8":118},"f":{"0":34,"1":122},"b":{"0":[34,34],"1":[0],"2":[4,118],"3":[2,2]}}
}
