{"/Users/alex/dev/stylix/stylix-core/src/RenderServerStyles.tsx": {"path":"/Users/alex/dev/stylix/stylix-core/src/RenderServerStyles.tsx","statementMap":{"0":{"start":{"line":6,"column":0},"end":{"line":6,"column":16}},"1":{"start":{"line":1,"column":0},"end":{"line":1,"column":44}},"2":{"start":{"line":3,"column":0},"end":{"line":3,"column":46}},"3":{"start":{"line":4,"column":0},"end":{"line":4,"column":51}},"4":{"start":{"line":7,"column":14},"end":{"line":7,"column":32}},"5":{"start":{"line":8,"column":2},"end":{"line":8,"column":79}}},"fnMap":{"0":{"name":"RenderServerStyles","decl":{"start":{"line":6,"column":16},"end":{"line":6,"column":34}},"loc":{"start":{"line":6,"column":69},"end":{"line":9,"column":1}}}},"branchMap":{"0":{"loc":{"start":{"line":8,"column":31},"end":{"line":8,"column":63}},"type":"cond-expr","locations":[{"start":{"line":8,"column":41},"end":{"line":8,"column":58}},{"start":{"line":8,"column":61},"end":{"line":8,"column":63}}]}},"s":{"0":18,"1":18,"2":18,"3":18,"4":2,"5":2},"f":{"0":2},"b":{"0":[1,1]}}
,"/Users/alex/dev/stylix/stylix-core/src/StyleElement.tsx": {"path":"/Users/alex/dev/stylix/stylix-core/src/StyleElement.tsx","statementMap":{"0":{"start":{"line":3,"column":0},"end":{"line":3,"column":16}},"1":{"start":{"line":4,"column":31},"end":{"line":4,"column":36}},"2":{"start":{"line":5,"column":2},"end":{"line":7,"column":4}}},"fnMap":{"0":{"name":"StyleElement","decl":{"start":{"line":3,"column":16},"end":{"line":3,"column":28}},"loc":{"start":{"line":3,"column":86},"end":{"line":8,"column":1}}}},"branchMap":{},"s":{"0":18,"1":2,"2":2},"f":{"0":2},"b":{}}
,"/Users/alex/dev/stylix/stylix-core/src/Stylix.tsx": {"path":"/Users/alex/dev/stylix/stylix-core/src/Stylix.tsx","statementMap":{"0":{"start":{"line":71,"column":0},"end":{"line":71,"column":16}},"1":{"start":{"line":1,"column":0},"end":{"line":1,"column":26}},"2":{"start":{"line":3,"column":0},"end":{"line":3,"column":51}},"3":{"start":{"line":5,"column":0},"end":{"line":5,"column":40}},"4":{"start":{"line":6,"column":0},"end":{"line":6,"column":41}},"5":{"start":{"line":75,"column":79},"end":{"line":75,"column":84}},"6":{"start":{"line":77,"column":14},"end":{"line":77,"column":32}},"7":{"start":{"line":78,"column":35},"end":{"line":78,"column":58}},"8":{"start":{"line":80,"column":29},"end":{"line":80,"column":31}},"9":{"start":{"line":81,"column":2},"end":{"line":81,"column":52}},"10":{"start":{"line":81,"column":28},"end":{"line":81,"column":52}},"11":{"start":{"line":82,"column":2},"end":{"line":82,"column":40}},"12":{"start":{"line":82,"column":22},"end":{"line":82,"column":40}},"13":{"start":{"line":83,"column":2},"end":{"line":83,"column":59}},"14":{"start":{"line":83,"column":40},"end":{"line":83,"column":59}},"15":{"start":{"line":84,"column":26},"end":{"line":84,"column":43}},"16":{"start":{"line":86,"column":20},"end":{"line":86,"column":84}},"17":{"start":{"line":88,"column":2},"end":{"line":105,"column":3}},"18":{"start":{"line":89,"column":21},"end":{"line":99,"column":6}},"19":{"start":{"line":100,"column":4},"end":{"line":104,"column":6}},"20":{"start":{"line":107,"column":2},"end":{"line":114,"column":3}},"21":{"start":{"line":108,"column":22},"end":{"line":108,"column":42}},"22":{"start":{"line":109,"column":4},"end":{"line":113,"column":6}},"23":{"start":{"line":116,"column":2},"end":{"line":118,"column":3}},"24":{"start":{"line":117,"column":4},"end":{"line":117,"column":99}},"25":{"start":{"line":120,"column":2},"end":{"line":120,"column":95}},"26":{"start":{"line":123,"column":13},"end":{"line":125,"column":33}},"27":{"start":{"line":126,"column":0},"end":{"line":126,"column":30}},"28":{"start":{"line":127,"column":0},"end":{"line":127,"column":25}}},"fnMap":{"0":{"name":"_Stylix","decl":{"start":{"line":71,"column":16},"end":{"line":71,"column":23}},"loc":{"start":{"line":73,"column":26},"end":{"line":121,"column":1}}}},"branchMap":{"0":{"loc":{"start":{"line":81,"column":2},"end":{"line":81,"column":52}},"type":"if","locations":[{"start":{"line":81,"column":2},"end":{"line":81,"column":52}},{"start":{},"end":{}}]},"1":{"loc":{"start":{"line":82,"column":2},"end":{"line":82,"column":40}},"type":"if","locations":[{"start":{"line":82,"column":2},"end":{"line":82,"column":40}},{"start":{},"end":{}}]},"2":{"loc":{"start":{"line":83,"column":2},"end":{"line":83,"column":59}},"type":"if","locations":[{"start":{"line":83,"column":2},"end":{"line":83,"column":59}},{"start":{},"end":{}}]},"3":{"loc":{"start":{"line":83,"column":6},"end":{"line":83,"column":38}},"type":"binary-expr","locations":[{"start":{"line":83,"column":6},"end":{"line":83,"column":25}},{"start":{"line":83,"column":29},"end":{"line":83,"column":38}}]},"4":{"loc":{"start":{"line":86,"column":20},"end":{"line":86,"column":84}},"type":"binary-expr","locations":[{"start":{"line":86,"column":20},"end":{"line":86,"column":71}},{"start":{"line":86,"column":75},"end":{"line":86,"column":84}}]},"5":{"loc":{"start":{"line":86,"column":42},"end":{"line":86,"column":62}},"type":"binary-expr","locations":[{"start":{"line":86,"column":42},"end":{"line":86,"column":56}},{"start":{"line":86,"column":60},"end":{"line":86,"column":62}}]},"6":{"loc":{"start":{"line":88,"column":2},"end":{"line":105,"column":3}},"type":"if","locations":[{"start":{"line":88,"column":2},"end":{"line":105,"column":3}},{"start":{},"end":{}}]},"7":{"loc":{"start":{"line":91,"column":11},"end":{"line":91,"column":43}},"type":"binary-expr","locations":[{"start":{"line":91,"column":12},"end":{"line":91,"column":24}},{"start":{"line":91,"column":28},"end":{"line":91,"column":35}},{"start":{"line":91,"column":40},"end":{"line":91,"column":43}}]},"8":{"loc":{"start":{"line":98,"column":17},"end":{"line":98,"column":95}},"type":"binary-expr","locations":[{"start":{"line":98,"column":17},"end":{"line":98,"column":82}},{"start":{"line":98,"column":86},"end":{"line":98,"column":95}}]},"9":{"loc":{"start":{"line":98,"column":21},"end":{"line":98,"column":54}},"type":"binary-expr","locations":[{"start":{"line":98,"column":21},"end":{"line":98,"column":48}},{"start":{"line":98,"column":52},"end":{"line":98,"column":54}}]},"10":{"loc":{"start":{"line":98,"column":58},"end":{"line":98,"column":73}},"type":"binary-expr","locations":[{"start":{"line":98,"column":58},"end":{"line":98,"column":67}},{"start":{"line":98,"column":71},"end":{"line":98,"column":73}}]},"11":{"loc":{"start":{"line":103,"column":10},"end":{"line":103,"column":67}},"type":"binary-expr","locations":[{"start":{"line":103,"column":10},"end":{"line":103,"column":61}},{"start":{"line":103,"column":65},"end":{"line":103,"column":67}}]},"12":{"loc":{"start":{"line":107,"column":2},"end":{"line":114,"column":3}},"type":"if","locations":[{"start":{"line":107,"column":2},"end":{"line":114,"column":3}},{"start":{},"end":{}}]},"13":{"loc":{"start":{"line":116,"column":2},"end":{"line":118,"column":3}},"type":"if","locations":[{"start":{"line":116,"column":2},"end":{"line":118,"column":3}},{"start":{},"end":{}}]},"14":{"loc":{"start":{"line":117,"column":19},"end":{"line":117,"column":41}},"type":"binary-expr","locations":[{"start":{"line":117,"column":19},"end":{"line":117,"column":28}},{"start":{"line":117,"column":32},"end":{"line":117,"column":41}}]},"15":{"loc":{"start":{"line":117,"column":74},"end":{"line":117,"column":94}},"type":"cond-expr","locations":[{"start":{"line":117,"column":80},"end":{"line":117,"column":87}},{"start":{"line":117,"column":90},"end":{"line":117,"column":94}}]}},"s":{"0":18,"1":18,"2":18,"3":18,"4":18,"5":58,"6":58,"7":58,"8":58,"9":58,"10":43,"11":58,"12":11,"13":58,"14":42,"15":58,"16":58,"17":58,"18":2,"19":2,"20":56,"21":1,"22":1,"23":55,"24":55,"25":0,"26":18,"27":18,"28":18},"f":{"0":58},"b":{"0":[43,15],"1":[11,47],"2":[42,16],"3":[58,42],"4":[58,11],"5":[58,53],"6":[2,56],"7":[2,2,2],"8":[2,0],"9":[2,0],"10":[2,0],"11":[2,0],"12":[1,55],"13":[55,0],"14":[55,11],"15":[0,55]}}
,"/Users/alex/dev/stylix/stylix-core/src/applyRules.ts": {"path":"/Users/alex/dev/stylix/stylix-core/src/applyRules.ts","statementMap":{"0":{"start":{"line":3,"column":0},"end":{"line":3,"column":16}},"1":{"start":{"line":12,"column":0},"end":{"line":12,"column":24}},"2":{"start":{"line":4,"column":2},"end":{"line":6,"column":21}},"3":{"start":{"line":5,"column":23},"end":{"line":5,"column":59}},"4":{"start":{"line":13,"column":2},"end":{"line":18,"column":3}},"5":{"start":{"line":14,"column":27},"end":{"line":14,"column":44}},"6":{"start":{"line":15,"column":4},"end":{"line":15,"column":34}},"7":{"start":{"line":16,"column":4},"end":{"line":16,"column":47}},"8":{"start":{"line":17,"column":4},"end":{"line":17,"column":11}},"9":{"start":{"line":20,"column":2},"end":{"line":20,"column":22}},"10":{"start":{"line":20,"column":15},"end":{"line":20,"column":22}},"11":{"start":{"line":22,"column":37},"end":{"line":22,"column":69}},"12":{"start":{"line":25,"column":2},"end":{"line":30,"column":3}},"13":{"start":{"line":26,"column":4},"end":{"line":26,"column":55}},"14":{"start":{"line":27,"column":4},"end":{"line":27,"column":42}},"15":{"start":{"line":28,"column":4},"end":{"line":28,"column":57}},"16":{"start":{"line":28,"column":16},"end":{"line":28,"column":57}},"17":{"start":{"line":29,"column":4},"end":{"line":29,"column":48}},"18":{"start":{"line":32,"column":2},"end":{"line":58,"column":3}},"19":{"start":{"line":34,"column":27},"end":{"line":34,"column":44}},"20":{"start":{"line":35,"column":4},"end":{"line":35,"column":59}},"21":{"start":{"line":38,"column":4},"end":{"line":45,"column":5}},"22":{"start":{"line":39,"column":6},"end":{"line":39,"column":43}},"23":{"start":{"line":40,"column":6},"end":{"line":44,"column":7}},"24":{"start":{"line":41,"column":8},"end":{"line":41,"column":57}},"25":{"start":{"line":42,"column":13},"end":{"line":44,"column":7}},"26":{"start":{"line":43,"column":8},"end":{"line":43,"column":60}},"27":{"start":{"line":47,"column":23},"end":{"line":47,"column":37}},"28":{"start":{"line":49,"column":27},"end":{"line":49,"column":44}},"29":{"start":{"line":50,"column":4},"end":{"line":57,"column":5}},"30":{"start":{"line":51,"column":6},"end":{"line":56,"column":7}},"31":{"start":{"line":52,"column":8},"end":{"line":52,"column":58}},"32":{"start":{"line":55,"column":8},"end":{"line":55,"column":24}}},"fnMap":{"0":{"name":"flattenRules","decl":{"start":{"line":3,"column":16},"end":{"line":3,"column":28}},"loc":{"start":{"line":3,"column":47},"end":{"line":7,"column":1}}},"1":{"name":"(anonymous_1)","decl":{"start":{"line":5,"column":13},"end":{"line":5,"column":14}},"loc":{"start":{"line":5,"column":23},"end":{"line":5,"column":59}}},"2":{"name":"applyRules","decl":{"start":{"line":12,"column":24},"end":{"line":12,"column":34}},"loc":{"start":{"line":12,"column":53},"end":{"line":59,"column":1}}}},"branchMap":{"0":{"loc":{"start":{"line":5,"column":23},"end":{"line":5,"column":59}},"type":"cond-expr","locations":[{"start":{"line":5,"column":45},"end":{"line":5,"column":54}},{"start":{"line":5,"column":57},"end":{"line":5,"column":59}}]},"1":{"loc":{"start":{"line":5,"column":23},"end":{"line":5,"column":42}},"type":"binary-expr","locations":[{"start":{"line":5,"column":23},"end":{"line":5,"column":26}},{"start":{"line":5,"column":30},"end":{"line":5,"column":42}}]},"2":{"loc":{"start":{"line":13,"column":2},"end":{"line":18,"column":3}},"type":"if","locations":[{"start":{"line":13,"column":2},"end":{"line":18,"column":3}},{"start":{},"end":{}}]},"3":{"loc":{"start":{"line":20,"column":2},"end":{"line":20,"column":22}},"type":"if","locations":[{"start":{"line":20,"column":2},"end":{"line":20,"column":22}},{"start":{},"end":{}}]},"4":{"loc":{"start":{"line":25,"column":2},"end":{"line":30,"column":3}},"type":"if","locations":[{"start":{"line":25,"column":2},"end":{"line":30,"column":3}},{"start":{},"end":{}}]},"5":{"loc":{"start":{"line":25,"column":6},"end":{"line":25,"column":71}},"type":"binary-expr","locations":[{"start":{"line":25,"column":6},"end":{"line":25,"column":23}},{"start":{"line":25,"column":28},"end":{"line":25,"column":39}},{"start":{"line":25,"column":43},"end":{"line":25,"column":70}}]},"6":{"loc":{"start":{"line":28,"column":4},"end":{"line":28,"column":57}},"type":"if","locations":[{"start":{"line":28,"column":4},"end":{"line":28,"column":57}},{"start":{},"end":{}}]},"7":{"loc":{"start":{"line":32,"column":2},"end":{"line":58,"column":3}},"type":"if","locations":[{"start":{"line":32,"column":2},"end":{"line":58,"column":3}},{"start":{"line":36,"column":9},"end":{"line":58,"column":3}}]},"8":{"loc":{"start":{"line":38,"column":4},"end":{"line":45,"column":5}},"type":"if","locations":[{"start":{"line":38,"column":4},"end":{"line":45,"column":5}},{"start":{},"end":{}}]},"9":{"loc":{"start":{"line":40,"column":6},"end":{"line":44,"column":7}},"type":"if","locations":[{"start":{"line":40,"column":6},"end":{"line":44,"column":7}},{"start":{"line":42,"column":13},"end":{"line":44,"column":7}}]},"10":{"loc":{"start":{"line":42,"column":13},"end":{"line":44,"column":7}},"type":"if","locations":[{"start":{"line":42,"column":13},"end":{"line":44,"column":7}},{"start":{},"end":{}}]},"11":{"loc":{"start":{"line":50,"column":4},"end":{"line":57,"column":5}},"type":"if","locations":[{"start":{"line":50,"column":4},"end":{"line":57,"column":5}},{"start":{},"end":{}}]}},"s":{"0":18,"1":18,"2":41,"3":59,"4":41,"5":0,"6":0,"7":0,"8":0,"9":41,"10":1,"11":40,"12":40,"13":4,"14":4,"15":4,"16":4,"17":4,"18":40,"19":40,"20":40,"21":0,"22":0,"23":0,"24":0,"25":0,"26":0,"27":0,"28":0,"29":0,"30":0,"31":0,"32":0},"f":{"0":41,"1":59,"2":41},"b":{"0":[59,0],"1":[59,59],"2":[0,41],"3":[1,40],"4":[4,36],"5":[40,4,4],"6":[4,0],"7":[40,0],"8":[0,0],"9":[0,0],"10":[0,0],"11":[0,0]}}
,"/Users/alex/dev/stylix/stylix-core/src/classifyProps.ts": {"path":"/Users/alex/dev/stylix/stylix-core/src/classifyProps.ts","statementMap":{"0":{"start":{"line":1,"column":0},"end":{"line":1,"column":16}},"1":{"start":{"line":25,"column":0},"end":{"line":25,"column":16}},"2":{"start":{"line":36,"column":0},"end":{"line":36,"column":16}},"3":{"start":{"line":41,"column":0},"end":{"line":41,"column":16}},"4":{"start":{"line":5,"column":17},"end":{"line":5,"column":26}},"5":{"start":{"line":6,"column":16},"end":{"line":6,"column":25}},"6":{"start":{"line":8,"column":2},"end":{"line":16,"column":3}},"7":{"start":{"line":11,"column":4},"end":{"line":15,"column":5}},"8":{"start":{"line":12,"column":6},"end":{"line":12,"column":33}},"9":{"start":{"line":14,"column":6},"end":{"line":14,"column":32}},"10":{"start":{"line":18,"column":2},"end":{"line":18,"column":25}},"11":{"start":{"line":29,"column":2},"end":{"line":32,"column":3}},"12":{"start":{"line":30,"column":23},"end":{"line":30,"column":50}},"13":{"start":{"line":31,"column":4},"end":{"line":31,"column":62}},"14":{"start":{"line":33,"column":2},"end":{"line":33,"column":15}},"15":{"start":{"line":38,"column":2},"end":{"line":38,"column":73}},"16":{"start":{"line":42,"column":2},"end":{"line":42,"column":52}}},"fnMap":{"0":{"name":"classifyProps","decl":{"start":{"line":1,"column":16},"end":{"line":1,"column":29}},"loc":{"start":{"line":3,"column":41},"end":{"line":19,"column":1}}},"1":{"name":"isStyleProp","decl":{"start":{"line":25,"column":16},"end":{"line":25,"column":27}},"loc":{"start":{"line":27,"column":41},"end":{"line":34,"column":1}}},"2":{"name":"isValidJSXProp","decl":{"start":{"line":36,"column":16},"end":{"line":36,"column":30}},"loc":{"start":{"line":36,"column":45},"end":{"line":39,"column":1}}},"3":{"name":"simplifyStylePropName","decl":{"start":{"line":41,"column":16},"end":{"line":41,"column":37}},"loc":{"start":{"line":41,"column":51},"end":{"line":43,"column":1}}}},"branchMap":{"0":{"loc":{"start":{"line":11,"column":4},"end":{"line":15,"column":5}},"type":"if","locations":[{"start":{"line":11,"column":4},"end":{"line":15,"column":5}},{"start":{"line":13,"column":11},"end":{"line":15,"column":5}}]},"1":{"loc":{"start":{"line":11,"column":8},"end":{"line":11,"column":67}},"type":"binary-expr","locations":[{"start":{"line":11,"column":8},"end":{"line":11,"column":29}},{"start":{"line":11,"column":33},"end":{"line":11,"column":67}}]},"2":{"loc":{"start":{"line":29,"column":2},"end":{"line":32,"column":3}},"type":"if","locations":[{"start":{"line":29,"column":2},"end":{"line":32,"column":3}},{"start":{},"end":{}}]},"3":{"loc":{"start":{"line":31,"column":11},"end":{"line":31,"column":61}},"type":"cond-expr","locations":[{"start":{"line":31,"column":43},"end":{"line":31,"column":53}},{"start":{"line":31,"column":56},"end":{"line":31,"column":61}}]},"4":{"loc":{"start":{"line":38,"column":9},"end":{"line":38,"column":72}},"type":"binary-expr","locations":[{"start":{"line":38,"column":9},"end":{"line":38,"column":34}},{"start":{"line":38,"column":38},"end":{"line":38,"column":72}}]}},"s":{"0":20,"1":20,"2":20,"3":20,"4":58,"5":58,"6":58,"7":87,"8":61,"9":26,"10":58,"11":358,"12":278,"13":278,"14":80,"15":500,"16":7699},"f":{"0":58,"1":358,"2":500,"3":7699},"b":{"0":[61,26],"1":[87,87],"2":[278,80],"3":[213,65],"4":[500,498]}}
,"/Users/alex/dev/stylix/stylix-core/src/elements.tsx": {"path":"/Users/alex/dev/stylix/stylix-core/src/elements.tsx","statementMap":{"0":{"start":{"line":1,"column":0},"end":{"line":1,"column":26}},"1":{"start":{"line":2,"column":0},"end":{"line":2,"column":34}},"2":{"start":{"line":4,"column":17},"end":{"line":107,"column":11}},"3":{"start":{"line":117,"column":0},"end":{"line":135,"column":1}},"4":{"start":{"line":118,"column":19},"end":{"line":118,"column":30}},"5":{"start":{"line":119,"column":3},"end":{"line":132,"column":5}},"6":{"start":{"line":120,"column":4},"end":{"line":130,"column":null}},"7":{"start":{"line":122,"column":8},"end":{"line":127,"column":null}},"8":{"start":{"line":133,"column":3},"end":{"line":133,"column":41}},"9":{"start":{"line":134,"column":3},"end":{"line":134,"column":48}}},"fnMap":{"0":{"name":"(anonymous_1)","decl":{"start":{"line":119,"column":42},"end":{"line":119,"column":43}},"loc":{"start":{"line":120,"column":4},"end":{"line":130,"column":null}}},"1":{"name":"(anonymous_2)","decl":{"start":{"line":121,"column":15},"end":{"line":121,"column":16}},"loc":{"start":{"line":122,"column":8},"end":{"line":127,"column":null}}}},"branchMap":{},"s":{"0":18,"1":18,"2":18,"3":18,"4":1836,"5":1836,"6":48,"7":48,"8":1836,"9":1836},"f":{"0":48,"1":48},"b":{}}
,"/Users/alex/dev/stylix/stylix-core/src/getParentComponentName.ts": {"path":"/Users/alex/dev/stylix/stylix-core/src/getParentComponentName.ts","statementMap":{"0":{"start":{"line":3,"column":0},"end":{"line":3,"column":16}},"1":{"start":{"line":1,"column":0},"end":{"line":1,"column":26}},"2":{"start":{"line":4,"column":21},"end":{"line":4,"column":85}},"3":{"start":{"line":5,"column":16},"end":{"line":5,"column":90}},"4":{"start":{"line":6,"column":2},"end":{"line":11,"column":3}},"5":{"start":{"line":8,"column":14},"end":{"line":8,"column":65}},"6":{"start":{"line":9,"column":16},"end":{"line":9,"column":62}},"7":{"start":{"line":10,"column":4},"end":{"line":10,"column":24}},"8":{"start":{"line":10,"column":13},"end":{"line":10,"column":24}}},"fnMap":{"0":{"name":"getParentComponentName","decl":{"start":{"line":3,"column":16},"end":{"line":3,"column":38}},"loc":{"start":{"line":3,"column":38},"end":{"line":12,"column":1}}}},"branchMap":{"0":{"loc":{"start":{"line":5,"column":16},"end":{"line":5,"column":90}},"type":"binary-expr","locations":[{"start":{"line":5,"column":16},"end":{"line":5,"column":84}},{"start":{"line":5,"column":88},"end":{"line":5,"column":90}}]},"1":{"loc":{"start":{"line":9,"column":16},"end":{"line":9,"column":62}},"type":"cond-expr","locations":[{"start":{"line":9,"column":46},"end":{"line":9,"column":50}},{"start":{"line":9,"column":53},"end":{"line":9,"column":62}}]},"2":{"loc":{"start":{"line":9,"column":16},"end":{"line":9,"column":43}},"type":"binary-expr","locations":[{"start":{"line":9,"column":16},"end":{"line":9,"column":22}},{"start":{"line":9,"column":26},"end":{"line":9,"column":43}}]},"3":{"loc":{"start":{"line":10,"column":4},"end":{"line":10,"column":24}},"type":"if","locations":[{"start":{"line":10,"column":4},"end":{"line":10,"column":24}},{"start":{},"end":{}}]}},"s":{"0":18,"1":18,"2":48,"3":48,"4":48,"5":0,"6":0,"7":0,"8":0},"f":{"0":48},"b":{"0":[48,48],"1":[0,0],"2":[0,0],"3":[0,0]}}
,"/Users/alex/dev/stylix/stylix-core/src/index.ts": {"path":"/Users/alex/dev/stylix/stylix-core/src/index.ts","statementMap":{"0":{"start":{"line":1,"column":0},"end":{"line":1,"column":20}},"1":{"start":{"line":4,"column":0},"end":{"line":4,"column":null}},"2":{"start":{"line":5,"column":2},"end":{"line":5,"column":null}},"3":{"start":{"line":6,"column":2},"end":{"line":6,"column":null}},"4":{"start":{"line":10,"column":0},"end":{"line":10,"column":9}},"5":{"start":{"line":10,"column":9},"end":{"line":10,"column":58}},"6":{"start":{"line":11,"column":0},"end":{"line":11,"column":9}},"7":{"start":{"line":11,"column":9},"end":{"line":11,"column":46}},"8":{"start":{"line":12,"column":0},"end":{"line":12,"column":9}},"9":{"start":{"line":12,"column":9},"end":{"line":12,"column":26}},"10":{"start":{"line":13,"column":0},"end":{"line":13,"column":9}},"11":{"start":{"line":13,"column":9},"end":{"line":13,"column":52}},"12":{"start":{"line":13,"column":52},"end":{"line":13,"column":100}},"13":{"start":{"line":14,"column":0},"end":{"line":14,"column":29}},"14":{"start":{"line":14,"column":29},"end":{"line":14,"column":45}},"15":{"start":{"line":14,"column":45},"end":{"line":14,"column":87}},"16":{"start":{"line":24,"column":0},"end":{"line":24,"column":9}},"17":{"start":{"line":24,"column":9},"end":{"line":24,"column":26}},"18":{"start":{"line":24,"column":26},"end":{"line":24,"column":40}},"19":{"start":{"line":24,"column":40},"end":{"line":24,"column":71}},"20":{"start":{"line":25,"column":0},"end":{"line":25,"column":9}},"21":{"start":{"line":25,"column":9},"end":{"line":25,"column":31}},"22":{"start":{"line":26,"column":0},"end":{"line":26,"column":9}},"23":{"start":{"line":26,"column":9},"end":{"line":26,"column":45}}},"fnMap":{"0":{"name":"(anonymous_0)","decl":{"start":{"line":5,"column":2},"end":{"line":5,"column":13}},"loc":{"start":{"line":5,"column":2},"end":{"line":5,"column":null}}},"1":{"name":"(anonymous_1)","decl":{"start":{"line":6,"column":2},"end":{"line":6,"column":16}},"loc":{"start":{"line":6,"column":2},"end":{"line":6,"column":null}}},"2":{"name":"(anonymous_2)","decl":{"start":{"line":10,"column":9},"end":{"line":10,"column":27}},"loc":{"start":{"line":10,"column":9},"end":{"line":10,"column":58}}},"3":{"name":"(anonymous_3)","decl":{"start":{"line":11,"column":9},"end":{"line":11,"column":21}},"loc":{"start":{"line":11,"column":9},"end":{"line":11,"column":46}}},"4":{"name":"(anonymous_4)","decl":{"start":{"line":12,"column":9},"end":{"line":12,"column":15}},"loc":{"start":{"line":12,"column":9},"end":{"line":12,"column":26}}},"5":{"name":"(anonymous_5)","decl":{"start":{"line":13,"column":9},"end":{"line":13,"column":29}},"loc":{"start":{"line":13,"column":9},"end":{"line":13,"column":52}}},"6":{"name":"(anonymous_6)","decl":{"start":{"line":13,"column":52},"end":{"line":13,"column":73}},"loc":{"start":{"line":13,"column":52},"end":{"line":13,"column":100}}},"7":{"name":"(anonymous_7)","decl":{"start":{"line":14,"column":29},"end":{"line":14,"column":43}},"loc":{"start":{"line":14,"column":29},"end":{"line":14,"column":45}}},"8":{"name":"(anonymous_8)","decl":{"start":{"line":14,"column":45},"end":{"line":14,"column":61}},"loc":{"start":{"line":14,"column":45},"end":{"line":14,"column":87}}},"9":{"name":"(anonymous_9)","decl":{"start":{"line":24,"column":9},"end":{"line":24,"column":24}},"loc":{"start":{"line":24,"column":9},"end":{"line":24,"column":26}}},"10":{"name":"(anonymous_10)","decl":{"start":{"line":24,"column":26},"end":{"line":24,"column":38}},"loc":{"start":{"line":24,"column":26},"end":{"line":24,"column":40}}},"11":{"name":"(anonymous_11)","decl":{"start":{"line":24,"column":40},"end":{"line":24,"column":49}},"loc":{"start":{"line":24,"column":40},"end":{"line":24,"column":71}}},"12":{"name":"(anonymous_12)","decl":{"start":{"line":25,"column":9},"end":{"line":25,"column":11}},"loc":{"start":{"line":25,"column":9},"end":{"line":25,"column":31}}},"13":{"name":"(anonymous_13)","decl":{"start":{"line":26,"column":9},"end":{"line":26,"column":18}},"loc":{"start":{"line":26,"column":9},"end":{"line":26,"column":45}}}},"branchMap":{},"s":{"0":18,"1":18,"2":20,"3":18,"4":18,"5":20,"6":18,"7":18,"8":18,"9":107,"10":18,"11":18,"12":18,"13":18,"14":61,"15":18,"16":18,"17":22,"18":24,"19":18,"20":18,"21":18,"22":18,"23":18},"f":{"0":2,"1":0,"2":2,"3":0,"4":89,"5":0,"6":0,"7":43,"8":0,"9":4,"10":6,"11":0,"12":0,"13":0},"b":{}}
,"/Users/alex/dev/stylix/stylix-core/src/styleCollector.tsx": {"path":"/Users/alex/dev/stylix/stylix-core/src/styleCollector.tsx","statementMap":{"0":{"start":{"line":14,"column":0},"end":{"line":14,"column":16}},"1":{"start":{"line":2,"column":0},"end":{"line":2,"column":38}},"2":{"start":{"line":4,"column":0},"end":{"line":4,"column":46}},"3":{"start":{"line":12,"column":13},"end":{"line":12,"column":84}},"4":{"start":{"line":15,"column":27},"end":{"line":15,"column":29}},"5":{"start":{"line":16,"column":36},"end":{"line":24,"column":4}},"6":{"start":{"line":18,"column":6},"end":{"line":18,"column":95}},"7":{"start":{"line":21,"column":6},"end":{"line":21,"column":47}},"8":{"start":{"line":25,"column":2},"end":{"line":25,"column":64}},"9":{"start":{"line":26,"column":2},"end":{"line":26,"column":19}}},"fnMap":{"0":{"name":"createStyleCollector","decl":{"start":{"line":14,"column":16},"end":{"line":14,"column":36}},"loc":{"start":{"line":14,"column":36},"end":{"line":27,"column":1}}},"1":{"name":"(anonymous_1)","decl":{"start":{"line":17,"column":13},"end":{"line":17,"column":14}},"loc":{"start":{"line":18,"column":6},"end":{"line":18,"column":95}}},"2":{"name":"(anonymous_2)","decl":{"start":{"line":20,"column":12},"end":{"line":20,"column":13}},"loc":{"start":{"line":21,"column":6},"end":{"line":21,"column":47}}}},"branchMap":{"0":{"loc":{"start":{"line":21,"column":25},"end":{"line":21,"column":45}},"type":"binary-expr","locations":[{"start":{"line":21,"column":25},"end":{"line":21,"column":33}},{"start":{"line":21,"column":37},"end":{"line":21,"column":45}}]}},"s":{"0":18,"1":18,"2":18,"3":18,"4":0,"5":0,"6":0,"7":0,"8":0,"9":0},"f":{"0":0,"1":0,"2":0},"b":{"0":[0,0]}}
,"/Users/alex/dev/stylix/stylix-core/src/stylesToRuleArray.ts": {"path":"/Users/alex/dev/stylix/stylix-core/src/stylesToRuleArray.ts","statementMap":{"0":{"start":{"line":26,"column":0},"end":{"line":26,"column":24}},"1":{"start":{"line":1,"column":0},"end":{"line":1,"column":41}},"2":{"start":{"line":4,"column":0},"end":{"line":4,"column":41}},"3":{"start":{"line":5,"column":0},"end":{"line":5,"column":53}},"4":{"start":{"line":11,"column":2},"end":{"line":13,"column":3}},"5":{"start":{"line":12,"column":4},"end":{"line":12,"column":47}},"6":{"start":{"line":14,"column":26},"end":{"line":14,"column":28}},"7":{"start":{"line":15,"column":2},"end":{"line":19,"column":3}},"8":{"start":{"line":16,"column":18},"end":{"line":16,"column":29}},"9":{"start":{"line":17,"column":4},"end":{"line":18,"column":43}},"10":{"start":{"line":17,"column":30},"end":{"line":17,"column":64}},"11":{"start":{"line":18,"column":9},"end":{"line":18,"column":43}},"12":{"start":{"line":20,"column":2},"end":{"line":20,"column":48}},"13":{"start":{"line":31,"column":2},"end":{"line":31,"column":33}},"14":{"start":{"line":31,"column":23},"end":{"line":31,"column":33}},"15":{"start":{"line":32,"column":2},"end":{"line":63,"column":3}},"16":{"start":{"line":33,"column":28},"end":{"line":37,"column":null}},"17":{"start":{"line":40,"column":29},"end":{"line":40,"column":31}},"18":{"start":{"line":43,"column":4},"end":{"line":46,"column":5}},"19":{"start":{"line":44,"column":6},"end":{"line":44,"column":82}},"20":{"start":{"line":45,"column":6},"end":{"line":45,"column":39}},"21":{"start":{"line":47,"column":4},"end":{"line":50,"column":5}},"22":{"start":{"line":48,"column":20},"end":{"line":48,"column":56}},"23":{"start":{"line":49,"column":6},"end":{"line":49,"column":41}},"24":{"start":{"line":51,"column":4},"end":{"line":51,"column":18}},"25":{"start":{"line":53,"column":4},"end":{"line":61,"column":5}},"26":{"start":{"line":54,"column":6},"end":{"line":58,"column":8}},"27":{"start":{"line":60,"column":6},"end":{"line":60,"column":23}},"28":{"start":{"line":62,"column":4},"end":{"line":62,"column":14}}},"fnMap":{"0":{"name":"serialize","decl":{"start":{"line":10,"column":9},"end":{"line":10,"column":18}},"loc":{"start":{"line":10,"column":57},"end":{"line":21,"column":1}}},"1":{"name":"stylesToRuleArray","decl":{"start":{"line":26,"column":24},"end":{"line":26,"column":41}},"loc":{"start":{"line":29,"column":24},"end":{"line":64,"column":1}}}},"branchMap":{"0":{"loc":{"start":{"line":11,"column":2},"end":{"line":13,"column":3}},"type":"if","locations":[{"start":{"line":11,"column":2},"end":{"line":13,"column":3}},{"start":{},"end":{}}]},"1":{"loc":{"start":{"line":11,"column":6},"end":{"line":11,"column":55}},"type":"binary-expr","locations":[{"start":{"line":11,"column":6},"end":{"line":11,"column":30}},{"start":{"line":11,"column":34},"end":{"line":11,"column":55}}]},"2":{"loc":{"start":{"line":17,"column":4},"end":{"line":18,"column":43}},"type":"if","locations":[{"start":{"line":17,"column":4},"end":{"line":18,"column":43}},{"start":{"line":18,"column":9},"end":{"line":18,"column":43}}]},"3":{"loc":{"start":{"line":31,"column":2},"end":{"line":31,"column":33}},"type":"if","locations":[{"start":{"line":31,"column":2},"end":{"line":31,"column":33}},{"start":{},"end":{}}]},"4":{"loc":{"start":{"line":43,"column":4},"end":{"line":46,"column":5}},"type":"if","locations":[{"start":{"line":43,"column":4},"end":{"line":46,"column":5}},{"start":{},"end":{}}]},"5":{"loc":{"start":{"line":53,"column":4},"end":{"line":61,"column":5}},"type":"if","locations":[{"start":{"line":53,"column":4},"end":{"line":61,"column":5}},{"start":{"line":59,"column":11},"end":{"line":61,"column":5}}]},"6":{"loc":{"start":{"line":53,"column":8},"end":{"line":53,"column":26}},"type":"binary-expr","locations":[{"start":{"line":53,"column":8},"end":{"line":53,"column":14}},{"start":{"line":53,"column":18},"end":{"line":53,"column":26}}]}},"s":{"0":18,"1":18,"2":18,"3":18,"4":85,"5":1,"6":84,"7":84,"8":134,"9":134,"10":29,"11":105,"12":84,"13":56,"14":0,"15":56,"16":56,"17":56,"18":56,"19":1,"20":1,"21":56,"22":55,"23":55,"24":56,"25":0,"26":0,"27":0,"28":0},"f":{"0":85,"1":56},"b":{"0":[1,84],"1":[85,13],"2":[29,105],"3":[0,56],"4":[1,55],"5":[0,0],"6":[0,0]}}
,"/Users/alex/dev/stylix/stylix-core/src/stylixContext.tsx": {"path":"/Users/alex/dev/stylix/stylix-core/src/stylixContext.tsx","statementMap":{"0":{"start":{"line":70,"column":0},"end":{"line":70,"column":16}},"1":{"start":{"line":140,"column":0},"end":{"line":140,"column":16}},"2":{"start":{"line":179,"column":0},"end":{"line":179,"column":16}},"3":{"start":{"line":2,"column":0},"end":{"line":2,"column":69}},"4":{"start":{"line":3,"column":0},"end":{"line":3,"column":38}},"5":{"start":{"line":4,"column":0},"end":{"line":4,"column":71}},"6":{"start":{"line":5,"column":0},"end":{"line":5,"column":40}},"7":{"start":{"line":6,"column":0},"end":{"line":6,"column":76}},"8":{"start":{"line":8,"column":0},"end":{"line":8,"column":57}},"9":{"start":{"line":10,"column":0},"end":{"line":10,"column":43}},"10":{"start":{"line":11,"column":0},"end":{"line":11,"column":54}},"11":{"start":{"line":71,"column":2},"end":{"line":76,"column":3}},"12":{"start":{"line":72,"column":4},"end":{"line":72,"column":27}},"13":{"start":{"line":73,"column":4},"end":{"line":75,"column":5}},"14":{"start":{"line":74,"column":6},"end":{"line":74,"column":62}},"15":{"start":{"line":78,"column":29},"end":{"line":105,"column":4}},"16":{"start":{"line":92,"column":30},"end":{"line":92,"column":67}},"17":{"start":{"line":93,"column":6},"end":{"line":93,"column":29}},"18":{"start":{"line":97,"column":16},"end":{"line":101,"column":8}},"19":{"start":{"line":102,"column":6},"end":{"line":102,"column":22}},"20":{"start":{"line":103,"column":6},"end":{"line":103,"column":25}},"21":{"start":{"line":107,"column":2},"end":{"line":121,"column":3}},"22":{"start":{"line":108,"column":24},"end":{"line":108,"column":49}},"23":{"start":{"line":109,"column":4},"end":{"line":120,"column":5}},"24":{"start":{"line":110,"column":21},"end":{"line":110,"column":35}},"25":{"start":{"line":111,"column":24},"end":{"line":111,"column":26}},"26":{"start":{"line":112,"column":6},"end":{"line":116,"column":76}},"27":{"start":{"line":112,"column":25},"end":{"line":112,"column":94}},"28":{"start":{"line":112,"column":68},"end":{"line":112,"column":92}},"29":{"start":{"line":113,"column":11},"end":{"line":116,"column":76}},"30":{"start":{"line":114,"column":8},"end":{"line":114,"column":77}},"31":{"start":{"line":114,"column":51},"end":{"line":114,"column":75}},"32":{"start":{"line":115,"column":8},"end":{"line":115,"column":49}},"33":{"start":{"line":115,"column":32},"end":{"line":115,"column":49}},"34":{"start":{"line":116,"column":13},"end":{"line":116,"column":76}},"35":{"start":{"line":116,"column":47},"end":{"line":116,"column":76}},"36":{"start":{"line":118,"column":6},"end":{"line":119,"column":54}},"37":{"start":{"line":118,"column":30},"end":{"line":118,"column":55}},"38":{"start":{"line":119,"column":11},"end":{"line":119,"column":54}},"39":{"start":{"line":122,"column":2},"end":{"line":122,"column":46}},"40":{"start":{"line":124,"column":2},"end":{"line":124,"column":13}},"41":{"start":{"line":130,"column":22},"end":{"line":130,"column":73}},"42":{"start":{"line":141,"column":14},"end":{"line":141,"column":39}},"43":{"start":{"line":142,"column":2},"end":{"line":145,"column":3}},"44":{"start":{"line":143,"column":4},"end":{"line":143,"column":76}},"45":{"start":{"line":143,"column":31},"end":{"line":143,"column":76}},"46":{"start":{"line":144,"column":4},"end":{"line":144,"column":32}},"47":{"start":{"line":146,"column":2},"end":{"line":146,"column":13}},"48":{"start":{"line":181,"column":4},"end":{"line":181,"column":75}},"49":{"start":{"line":183,"column":14},"end":{"line":183,"column":29}},"50":{"start":{"line":184,"column":2},"end":{"line":192,"column":7}},"51":{"start":{"line":185,"column":4},"end":{"line":192,"column":7}},"52":{"start":{"line":194,"column":2},"end":{"line":194,"column":65}},"53":{"start":{"line":197,"column":2},"end":{"line":201,"column":9}},"54":{"start":{"line":198,"column":4},"end":{"line":200,"column":6}},"55":{"start":{"line":199,"column":6},"end":{"line":199,"column":42}},"56":{"start":{"line":203,"column":2},"end":{"line":203,"column":89}}},"fnMap":{"0":{"name":"createStylixContext","decl":{"start":{"line":70,"column":16},"end":{"line":70,"column":35}},"loc":{"start":{"line":70,"column":78},"end":{"line":125,"column":1}}},"1":{"name":"(anonymous_2)","decl":{"start":{"line":91,"column":4},"end":{"line":91,"column":17}},"loc":{"start":{"line":91,"column":48},"end":{"line":94,"column":5}}},"2":{"name":"(anonymous_3)","decl":{"start":{"line":96,"column":4},"end":{"line":96,"column":10}},"loc":{"start":{"line":96,"column":61},"end":{"line":104,"column":5}}},"3":{"name":"(anonymous_4)","decl":{"start":{"line":112,"column":61},"end":{"line":112,"column":62}},"loc":{"start":{"line":112,"column":68},"end":{"line":112,"column":92}}},"4":{"name":"(anonymous_5)","decl":{"start":{"line":114,"column":44},"end":{"line":114,"column":45}},"loc":{"start":{"line":114,"column":51},"end":{"line":114,"column":75}}},"5":{"name":"useStylixContext","decl":{"start":{"line":140,"column":16},"end":{"line":140,"column":32}},"loc":{"start":{"line":140,"column":32},"end":{"line":147,"column":1}}},"6":{"name":"StylixProvider","decl":{"start":{"line":179,"column":16},"end":{"line":179,"column":30}},"loc":{"start":{"line":179,"column":57},"end":{"line":204,"column":1}}},"7":{"name":"(anonymous_8)","decl":{"start":{"line":197,"column":12},"end":{"line":197,"column":15}},"loc":{"start":{"line":197,"column":17},"end":{"line":201,"column":3}}},"8":{"name":"(anonymous_9)","decl":{"start":{"line":198,"column":11},"end":{"line":198,"column":14}},"loc":{"start":{"line":198,"column":16},"end":{"line":200,"column":5}}}},"branchMap":{"0":{"loc":{"start":{"line":70,"column":36},"end":{"line":70,"column":78}},"type":"default-arg","locations":[{"start":{"line":70,"column":76},"end":{"line":70,"column":78}}]},"1":{"loc":{"start":{"line":71,"column":2},"end":{"line":76,"column":3}},"type":"if","locations":[{"start":{"line":71,"column":2},"end":{"line":76,"column":3}},{"start":{},"end":{}}]},"2":{"loc":{"start":{"line":79,"column":8},"end":{"line":79,"column":35}},"type":"binary-expr","locations":[{"start":{"line":79,"column":8},"end":{"line":79,"column":21}},{"start":{"line":79,"column":25},"end":{"line":79,"column":35}}]},"3":{"loc":{"start":{"line":87,"column":9},"end":{"line":87,"column":38}},"type":"binary-expr","locations":[{"start":{"line":87,"column":9},"end":{"line":87,"column":23}},{"start":{"line":87,"column":27},"end":{"line":87,"column":38}}]},"4":{"loc":{"start":{"line":100,"column":16},"end":{"line":100,"column":39}},"type":"binary-expr","locations":[{"start":{"line":100,"column":16},"end":{"line":100,"column":30}},{"start":{"line":100,"column":34},"end":{"line":100,"column":39}}]},"5":{"loc":{"start":{"line":107,"column":2},"end":{"line":121,"column":3}},"type":"if","locations":[{"start":{"line":107,"column":2},"end":{"line":121,"column":3}},{"start":{},"end":{}}]},"6":{"loc":{"start":{"line":112,"column":6},"end":{"line":116,"column":76}},"type":"if","locations":[{"start":{"line":112,"column":6},"end":{"line":116,"column":76}},{"start":{"line":113,"column":11},"end":{"line":116,"column":76}}]},"7":{"loc":{"start":{"line":113,"column":11},"end":{"line":116,"column":76}},"type":"if","locations":[{"start":{"line":113,"column":11},"end":{"line":116,"column":76}},{"start":{"line":116,"column":13},"end":{"line":116,"column":76}}]},"8":{"loc":{"start":{"line":115,"column":8},"end":{"line":115,"column":49}},"type":"if","locations":[{"start":{"line":115,"column":8},"end":{"line":115,"column":49}},{"start":{},"end":{}}]},"9":{"loc":{"start":{"line":116,"column":13},"end":{"line":116,"column":76}},"type":"if","locations":[{"start":{"line":116,"column":13},"end":{"line":116,"column":76}},{"start":{},"end":{}}]},"10":{"loc":{"start":{"line":118,"column":6},"end":{"line":119,"column":54}},"type":"if","locations":[{"start":{"line":118,"column":6},"end":{"line":119,"column":54}},{"start":{"line":119,"column":11},"end":{"line":119,"column":54}}]},"11":{"loc":{"start":{"line":142,"column":2},"end":{"line":145,"column":3}},"type":"if","locations":[{"start":{"line":142,"column":2},"end":{"line":145,"column":3}},{"start":{},"end":{}}]},"12":{"loc":{"start":{"line":143,"column":4},"end":{"line":143,"column":76}},"type":"if","locations":[{"start":{"line":143,"column":4},"end":{"line":143,"column":76}},{"start":{},"end":{}}]},"13":{"loc":{"start":{"line":184,"column":2},"end":{"line":192,"column":7}},"type":"if","locations":[{"start":{"line":184,"column":2},"end":{"line":192,"column":7}},{"start":{},"end":{}}]}},"s":{"0":18,"1":18,"2":18,"3":18,"4":18,"5":18,"6":18,"7":18,"8":18,"9":18,"10":18,"11":43,"12":17,"13":17,"14":7344,"15":43,"16":58,"17":58,"18":3,"19":3,"20":3,"21":43,"22":2,"23":2,"24":4,"25":4,"26":4,"27":2,"28":6,"29":2,"30":0,"31":0,"32":0,"33":0,"34":2,"35":0,"36":4,"37":2,"38":2,"39":43,"40":43,"41":18,"42":128,"43":128,"44":0,"45":0,"46":0,"47":128,"48":43,"49":43,"50":43,"51":40,"52":43,"53":43,"54":43,"55":43,"56":43},"f":{"0":43,"1":58,"2":3,"3":6,"4":0,"5":128,"6":43,"7":43,"8":43},"b":{"0":[0],"1":[17,26],"2":[43,43],"3":[43,41],"4":[3,2],"5":[2,41],"6":[2,2],"7":[0,2],"8":[0,0],"9":[0,2],"10":[2,2],"11":[0,128],"12":[0,0],"13":[40,3]}}
,"/Users/alex/dev/stylix/stylix-core/src/useStyles.ts": {"path":"/Users/alex/dev/stylix/stylix-core/src/useStyles.ts","statementMap":{"0":{"start":{"line":30,"column":0},"end":{"line":30,"column":16}},"1":{"start":{"line":87,"column":0},"end":{"line":87,"column":16}},"2":{"start":{"line":124,"column":0},"end":{"line":124,"column":16}},"3":{"start":{"line":128,"column":0},"end":{"line":128,"column":16}},"4":{"start":{"line":1,"column":0},"end":{"line":1,"column":51}},"5":{"start":{"line":2,"column":0},"end":{"line":2,"column":38}},"6":{"start":{"line":3,"column":0},"end":{"line":3,"column":66}},"7":{"start":{"line":4,"column":0},"end":{"line":4,"column":41}},"8":{"start":{"line":5,"column":0},"end":{"line":5,"column":52}},"9":{"start":{"line":6,"column":0},"end":{"line":6,"column":71}},"10":{"start":{"line":8,"column":0},"end":{"line":8,"column":41}},"11":{"start":{"line":11,"column":2},"end":{"line":11,"column":56}},"12":{"start":{"line":11,"column":49},"end":{"line":11,"column":56}},"13":{"start":{"line":13,"column":20},"end":{"line":21,"column":3}},"14":{"start":{"line":14,"column":4},"end":{"line":19,"column":5}},"15":{"start":{"line":15,"column":19},"end":{"line":15,"column":31}},"16":{"start":{"line":16,"column":6},"end":{"line":18,"column":7}},"17":{"start":{"line":17,"column":8},"end":{"line":17,"column":28}},"18":{"start":{"line":20,"column":4},"end":{"line":20,"column":35}},"19":{"start":{"line":23,"column":2},"end":{"line":27,"column":3}},"20":{"start":{"line":24,"column":4},"end":{"line":24,"column":16}},"21":{"start":{"line":26,"column":4},"end":{"line":26,"column":59}},"22":{"start":{"line":37,"column":32},"end":{"line":37,"column":38}},"23":{"start":{"line":38,"column":15},"end":{"line":38,"column":28}},"24":{"start":{"line":39,"column":19},"end":{"line":39,"column":35}},"25":{"start":{"line":41,"column":18},"end":{"line":41,"column":20}},"26":{"start":{"line":42,"column":2},"end":{"line":47,"column":3}},"27":{"start":{"line":44,"column":4},"end":{"line":44,"column":71}},"28":{"start":{"line":46,"column":4},"end":{"line":46,"column":81}},"29":{"start":{"line":49,"column":2},"end":{"line":60,"column":3}},"30":{"start":{"line":50,"column":4},"end":{"line":50,"column":29}},"31":{"start":{"line":51,"column":23},"end":{"line":51,"column":97}},"32":{"start":{"line":52,"column":22},"end":{"line":52,"column":108}},"33":{"start":{"line":54,"column":4},"end":{"line":54,"column":56}},"34":{"start":{"line":54,"column":17},"end":{"line":54,"column":56}},"35":{"start":{"line":55,"column":4},"end":{"line":59,"column":6}},"36":{"start":{"line":62,"column":20},"end":{"line":62,"column":42}},"37":{"start":{"line":63,"column":18},"end":{"line":63,"column":63}},"38":{"start":{"line":65,"column":2},"end":{"line":73,"column":3}},"39":{"start":{"line":67,"column":4},"end":{"line":67,"column":34}},"40":{"start":{"line":70,"column":25},"end":{"line":70,"column":68}},"41":{"start":{"line":71,"column":4},"end":{"line":71,"column":42}},"42":{"start":{"line":71,"column":22},"end":{"line":71,"column":42}},"43":{"start":{"line":72,"column":4},"end":{"line":72,"column":32}},"44":{"start":{"line":72,"column":17},"end":{"line":72,"column":32}},"45":{"start":{"line":75,"column":2},"end":{"line":78,"column":4}},"46":{"start":{"line":91,"column":20},"end":{"line":91,"column":38}},"47":{"start":{"line":93,"column":24},"end":{"line":93,"column":34}},"48":{"start":{"line":95,"column":12},"end":{"line":101,"column":4}},"49":{"start":{"line":103,"column":2},"end":{"line":103,"column":32}},"50":{"start":{"line":111,"column":2},"end":{"line":119,"column":14}},"51":{"start":{"line":112,"column":4},"end":{"line":112,"column":40}},"52":{"start":{"line":112,"column":33},"end":{"line":112,"column":40}},"53":{"start":{"line":113,"column":4},"end":{"line":113,"column":35}},"54":{"start":{"line":114,"column":4},"end":{"line":114,"column":26}},"55":{"start":{"line":116,"column":4},"end":{"line":118,"column":6}},"56":{"start":{"line":117,"column":6},"end":{"line":117,"column":25}},"57":{"start":{"line":121,"column":2},"end":{"line":121,"column":21}},"58":{"start":{"line":125,"column":2},"end":{"line":125,"column":74}},"59":{"start":{"line":132,"column":2},"end":{"line":132,"column":57}}},"fnMap":{"0":{"name":"cleanup","decl":{"start":{"line":10,"column":9},"end":{"line":10,"column":16}},"loc":{"start":{"line":10,"column":35},"end":{"line":28,"column":1}}},"1":{"name":"(anonymous_2)","decl":{"start":{"line":13,"column":20},"end":{"line":13,"column":23}},"loc":{"start":{"line":13,"column":25},"end":{"line":21,"column":3}}},"2":{"name":"createStyles","decl":{"start":{"line":30,"column":16},"end":{"line":30,"column":28}},"loc":{"start":{"line":36,"column":1},"end":{"line":79,"column":1}}},"3":{"name":"useStyles","decl":{"start":{"line":87,"column":16},"end":{"line":87,"column":25}},"loc":{"start":{"line":89,"column":72},"end":{"line":122,"column":1}}},"4":{"name":"(anonymous_5)","decl":{"start":{"line":111,"column":21},"end":{"line":111,"column":24}},"loc":{"start":{"line":111,"column":26},"end":{"line":119,"column":3}}},"5":{"name":"(anonymous_6)","decl":{"start":{"line":116,"column":11},"end":{"line":116,"column":14}},"loc":{"start":{"line":116,"column":16},"end":{"line":118,"column":5}}},"6":{"name":"useKeyframes","decl":{"start":{"line":124,"column":16},"end":{"line":124,"column":28}},"loc":{"start":{"line":124,"column":43},"end":{"line":126,"column":1}}},"7":{"name":"useGlobalStyles","decl":{"start":{"line":128,"column":16},"end":{"line":128,"column":31}},"loc":{"start":{"line":130,"column":55},"end":{"line":133,"column":1}}}},"branchMap":{"0":{"loc":{"start":{"line":11,"column":2},"end":{"line":11,"column":56}},"type":"if","locations":[{"start":{"line":11,"column":2},"end":{"line":11,"column":56}},{"start":{},"end":{}}]},"1":{"loc":{"start":{"line":16,"column":6},"end":{"line":18,"column":7}},"type":"if","locations":[{"start":{"line":16,"column":6},"end":{"line":18,"column":7}},{"start":{},"end":{}}]},"2":{"loc":{"start":{"line":16,"column":10},"end":{"line":16,"column":33}},"type":"binary-expr","locations":[{"start":{"line":16,"column":10},"end":{"line":16,"column":15}},{"start":{"line":16,"column":19},"end":{"line":16,"column":33}}]},"3":{"loc":{"start":{"line":23,"column":2},"end":{"line":27,"column":3}},"type":"if","locations":[{"start":{"line":23,"column":2},"end":{"line":27,"column":3}},{"start":{"line":25,"column":9},"end":{"line":27,"column":3}}]},"4":{"loc":{"start":{"line":39,"column":19},"end":{"line":39,"column":35}},"type":"binary-expr","locations":[{"start":{"line":39,"column":19},"end":{"line":39,"column":29}},{"start":{"line":39,"column":33},"end":{"line":39,"column":35}}]},"5":{"loc":{"start":{"line":42,"column":2},"end":{"line":47,"column":3}},"type":"if","locations":[{"start":{"line":42,"column":2},"end":{"line":47,"column":3}},{"start":{},"end":{}}]},"6":{"loc":{"start":{"line":42,"column":6},"end":{"line":42,"column":32}},"type":"binary-expr","locations":[{"start":{"line":42,"column":6},"end":{"line":42,"column":12}},{"start":{"line":42,"column":16},"end":{"line":42,"column":32}}]},"7":{"loc":{"start":{"line":46,"column":16},"end":{"line":46,"column":80}},"type":"cond-expr","locations":[{"start":{"line":46,"column":25},"end":{"line":46,"column":75}},{"start":{"line":46,"column":78},"end":{"line":46,"column":80}}]},"8":{"loc":{"start":{"line":46,"column":26},"end":{"line":46,"column":49}},"type":"cond-expr","locations":[{"start":{"line":46,"column":35},"end":{"line":46,"column":44}},{"start":{"line":46,"column":47},"end":{"line":46,"column":49}}]},"9":{"loc":{"start":{"line":49,"column":2},"end":{"line":60,"column":3}},"type":"if","locations":[{"start":{"line":49,"column":2},"end":{"line":60,"column":3}},{"start":{},"end":{}}]},"10":{"loc":{"start":{"line":49,"column":6},"end":{"line":49,"column":46}},"type":"binary-expr","locations":[{"start":{"line":49,"column":6},"end":{"line":49,"column":15}},{"start":{"line":49,"column":19},"end":{"line":49,"column":46}}]},"11":{"loc":{"start":{"line":51,"column":23},"end":{"line":51,"column":97}},"type":"binary-expr","locations":[{"start":{"line":51,"column":23},"end":{"line":51,"column":40}},{"start":{"line":51,"column":45},"end":{"line":51,"column":62}},{"start":{"line":51,"column":66},"end":{"line":51,"column":90}},{"start":{"line":51,"column":95},"end":{"line":51,"column":97}}]},"12":{"loc":{"start":{"line":52,"column":72},"end":{"line":52,"column":106}},"type":"cond-expr","locations":[{"start":{"line":52,"column":85},"end":{"line":52,"column":101}},{"start":{"line":52,"column":104},"end":{"line":52,"column":106}}]},"13":{"loc":{"start":{"line":54,"column":4},"end":{"line":54,"column":56}},"type":"if","locations":[{"start":{"line":54,"column":4},"end":{"line":54,"column":56}},{"start":{},"end":{}}]},"14":{"loc":{"start":{"line":63,"column":18},"end":{"line":63,"column":63}},"type":"cond-expr","locations":[{"start":{"line":63,"column":30},"end":{"line":63,"column":56}},{"start":{"line":63,"column":59},"end":{"line":63,"column":63}}]},"15":{"loc":{"start":{"line":65,"column":2},"end":{"line":73,"column":3}},"type":"if","locations":[{"start":{"line":65,"column":2},"end":{"line":73,"column":3}},{"start":{},"end":{}}]},"16":{"loc":{"start":{"line":70,"column":25},"end":{"line":70,"column":68}},"type":"cond-expr","locations":[{"start":{"line":70,"column":36},"end":{"line":70,"column":61}},{"start":{"line":70,"column":64},"end":{"line":70,"column":68}}]},"17":{"loc":{"start":{"line":71,"column":4},"end":{"line":71,"column":42}},"type":"if","locations":[{"start":{"line":71,"column":4},"end":{"line":71,"column":42}},{"start":{},"end":{}}]},"18":{"loc":{"start":{"line":72,"column":4},"end":{"line":72,"column":32}},"type":"if","locations":[{"start":{"line":72,"column":4},"end":{"line":72,"column":32}},{"start":{},"end":{}}]},"19":{"loc":{"start":{"line":76,"column":15},"end":{"line":76,"column":39}},"type":"binary-expr","locations":[{"start":{"line":76,"column":15},"end":{"line":76,"column":33}},{"start":{"line":76,"column":37},"end":{"line":76,"column":39}}]},"20":{"loc":{"start":{"line":89,"column":2},"end":{"line":89,"column":72}},"type":"default-arg","locations":[{"start":{"line":89,"column":55},"end":{"line":89,"column":72}}]},"21":{"loc":{"start":{"line":112,"column":4},"end":{"line":112,"column":40}},"type":"if","locations":[{"start":{"line":112,"column":4},"end":{"line":112,"column":40}},{"start":{},"end":{}}]},"22":{"loc":{"start":{"line":130,"column":2},"end":{"line":130,"column":55}},"type":"default-arg","locations":[{"start":{"line":130,"column":36},"end":{"line":130,"column":55}}]}},"s":{"0":18,"1":18,"2":18,"3":18,"4":18,"5":18,"6":18,"7":18,"8":18,"9":18,"10":18,"11":38,"12":0,"13":38,"14":33,"15":49,"16":49,"17":1,"18":33,"19":38,"20":33,"21":5,"22":71,"23":71,"24":71,"25":71,"26":71,"27":61,"28":61,"29":71,"30":56,"31":56,"32":56,"33":56,"34":46,"35":56,"36":71,"37":71,"38":71,"39":59,"40":59,"41":59,"42":1,"43":59,"44":59,"45":71,"46":68,"47":68,"48":68,"49":68,"50":68,"51":68,"52":30,"53":38,"54":38,"55":38,"56":38,"57":68,"58":6,"59":4},"f":{"0":38,"1":33,"2":71,"3":68,"4":68,"5":38,"6":6,"7":4},"b":{"0":[0,38],"1":[1,48],"2":[49,49],"3":[33,5],"4":[71,70],"5":[61,10],"6":[71,71],"7":[59,2],"8":[11,48],"9":[56,15],"10":[71,59],"11":[56,56,48,56],"12":[0,56],"13":[46,10],"14":[59,12],"15":[59,12],"16":[1,58],"17":[1,58],"18":[59,0],"19":[71,12],"20":[58],"21":[30,38],"22":[4]}}
,"/Users/alex/dev/stylix/stylix-core/src/__tests/util.tsx": {"path":"/Users/alex/dev/stylix/stylix-core/src/__tests/util.tsx","statementMap":{"0":{"start":{"line":15,"column":0},"end":{"line":15,"column":16}},"1":{"start":{"line":1,"column":0},"end":{"line":1,"column":35}},"2":{"start":{"line":2,"column":0},"end":{"line":2,"column":76}},"3":{"start":{"line":5,"column":0},"end":{"line":5,"column":62}},"4":{"start":{"line":23,"column":2},"end":{"line":23,"column":12}},"5":{"start":{"line":27,"column":2},"end":{"line":45,"column":3}},"6":{"start":{"line":28,"column":4},"end":{"line":28,"column":52}},"7":{"start":{"line":29,"column":14},"end":{"line":29,"column":81}},"8":{"start":{"line":30,"column":4},"end":{"line":30,"column":23}},"9":{"start":{"line":32,"column":4},"end":{"line":32,"column":55}},"10":{"start":{"line":33,"column":4},"end":{"line":33,"column":48}},"11":{"start":{"line":35,"column":6},"end":{"line":41,"column":null}},"12":{"start":{"line":44,"column":4},"end":{"line":44,"column":23}},"13":{"start":{"line":47,"column":20},"end":{"line":52,"column":37}},"14":{"start":{"line":53,"column":2},"end":{"line":53,"column":55}},"15":{"start":{"line":54,"column":2},"end":{"line":54,"column":48}},"16":{"start":{"line":55,"column":2},"end":{"line":55,"column":28}},"17":{"start":{"line":56,"column":2},"end":{"line":56,"column":44}},"18":{"start":{"line":57,"column":2},"end":{"line":57,"column":19}}},"fnMap":{"0":{"name":"renderStylix","decl":{"start":{"line":15,"column":16},"end":{"line":15,"column":28}},"loc":{"start":{"line":21,"column":3},"end":{"line":58,"column":1}}}},"branchMap":{"0":{"loc":{"start":{"line":27,"column":2},"end":{"line":45,"column":3}},"type":"if","locations":[{"start":{"line":27,"column":2},"end":{"line":45,"column":3}},{"start":{"line":31,"column":9},"end":{"line":45,"column":3}}]}},"s":{"0":16,"1":16,"2":16,"3":16,"4":41,"5":41,"6":3,"7":3,"8":3,"9":38,"10":38,"11":38,"12":38,"13":41,"14":41,"15":41,"16":41,"17":41,"18":41},"f":{"0":41},"b":{"0":[3,38]}}
,"/Users/alex/dev/stylix/stylix-core/src/plugins/cleanStyles.ts": {"path":"/Users/alex/dev/stylix/stylix-core/src/plugins/cleanStyles.ts","statementMap":{"0":{"start":{"line":5,"column":0},"end":{"line":5,"column":16}},"1":{"start":{"line":1,"column":0},"end":{"line":1,"column":42}},"2":{"start":{"line":2,"column":0},"end":{"line":2,"column":54}},"3":{"start":{"line":6,"column":2},"end":{"line":14,"column":3}},"4":{"start":{"line":7,"column":18},"end":{"line":7,"column":29}},"5":{"start":{"line":8,"column":4},"end":{"line":13,"column":5}},"6":{"start":{"line":9,"column":6},"end":{"line":9,"column":25}},"7":{"start":{"line":10,"column":9},"end":{"line":13,"column":5}},"8":{"start":{"line":11,"column":6},"end":{"line":11,"column":26}},"9":{"start":{"line":12,"column":6},"end":{"line":12,"column":45}},"10":{"start":{"line":12,"column":26},"end":{"line":12,"column":45}},"11":{"start":{"line":20,"column":13},"end":{"line":27,"column":2}},"12":{"start":{"line":24,"column":4},"end":{"line":24,"column":25}},"13":{"start":{"line":25,"column":4},"end":{"line":25,"column":18}}},"fnMap":{"0":{"name":"_cleanStyles","decl":{"start":{"line":5,"column":16},"end":{"line":5,"column":28}},"loc":{"start":{"line":5,"column":40},"end":{"line":15,"column":1}}},"1":{"name":"(anonymous_1)","decl":{"start":{"line":23,"column":2},"end":{"line":23,"column":8}},"loc":{"start":{"line":23,"column":21},"end":{"line":26,"column":3}}}},"branchMap":{"0":{"loc":{"start":{"line":8,"column":4},"end":{"line":13,"column":5}},"type":"if","locations":[{"start":{"line":8,"column":4},"end":{"line":13,"column":5}},{"start":{"line":10,"column":9},"end":{"line":13,"column":5}}]},"1":{"loc":{"start":{"line":8,"column":8},"end":{"line":8,"column":80}},"type":"binary-expr","locations":[{"start":{"line":8,"column":8},"end":{"line":8,"column":22}},{"start":{"line":8,"column":26},"end":{"line":8,"column":45}},{"start":{"line":8,"column":49},"end":{"line":8,"column":61}},{"start":{"line":8,"column":65},"end":{"line":8,"column":80}}]},"2":{"loc":{"start":{"line":10,"column":9},"end":{"line":13,"column":5}},"type":"if","locations":[{"start":{"line":10,"column":9},"end":{"line":13,"column":5}},{"start":{},"end":{}}]},"3":{"loc":{"start":{"line":10,"column":13},"end":{"line":10,"column":57}},"type":"binary-expr","locations":[{"start":{"line":10,"column":13},"end":{"line":10,"column":33}},{"start":{"line":10,"column":37},"end":{"line":10,"column":57}}]},"4":{"loc":{"start":{"line":12,"column":6},"end":{"line":12,"column":45}},"type":"if","locations":[{"start":{"line":12,"column":6},"end":{"line":12,"column":45}},{"start":{},"end":{}}]}},"s":{"0":19,"1":19,"2":19,"3":203,"4":261,"5":261,"6":8,"7":253,"8":146,"9":146,"10":61,"11":19,"12":56,"13":56},"f":{"0":203,"1":56},"b":{"0":[8,253],"1":[261,259,256,256],"2":[146,107],"3":[253,163],"4":[61,85]}}
,"/Users/alex/dev/stylix/stylix-core/src/plugins/customProps.ts": {"path":"/Users/alex/dev/stylix/stylix-core/src/plugins/customProps.ts","statementMap":{"0":{"start":{"line":7,"column":0},"end":{"line":7,"column":16}},"1":{"start":{"line":1,"column":0},"end":{"line":1,"column":73}},"2":{"start":{"line":3,"column":0},"end":{"line":3,"column":54}},"3":{"start":{"line":4,"column":0},"end":{"line":4,"column":46}},"4":{"start":{"line":8,"column":2},"end":{"line":8,"column":67}},"5":{"start":{"line":8,"column":53},"end":{"line":8,"column":67}},"6":{"start":{"line":9,"column":2},"end":{"line":35,"column":5}},"7":{"start":{"line":10,"column":4},"end":{"line":13,"column":5}},"8":{"start":{"line":11,"column":6},"end":{"line":11,"column":40}},"9":{"start":{"line":12,"column":6},"end":{"line":12,"column":13}},"10":{"start":{"line":15,"column":22},"end":{"line":15,"column":48}},"11":{"start":{"line":16,"column":22},"end":{"line":16,"column":44}},"12":{"start":{"line":18,"column":4},"end":{"line":34,"column":5}},"13":{"start":{"line":20,"column":6},"end":{"line":23,"column":7}},"14":{"start":{"line":21,"column":28},"end":{"line":21,"column":51}},"15":{"start":{"line":22,"column":8},"end":{"line":22,"column":43}},"16":{"start":{"line":24,"column":11},"end":{"line":34,"column":5}},"17":{"start":{"line":26,"column":6},"end":{"line":26,"column":46}},"18":{"start":{"line":27,"column":11},"end":{"line":34,"column":5}},"19":{"start":{"line":29,"column":26},"end":{"line":29,"column":56}},"20":{"start":{"line":30,"column":6},"end":{"line":30,"column":41}},"21":{"start":{"line":33,"column":6},"end":{"line":33,"column":40}},"22":{"start":{"line":38,"column":27},"end":{"line":62,"column":1}},"23":{"start":{"line":39,"column":2},"end":{"line":41,"column":3}},"24":{"start":{"line":40,"column":4},"end":{"line":40,"column":63}},"25":{"start":{"line":43,"column":2},"end":{"line":61,"column":4}},"26":{"start":{"line":48,"column":8},"end":{"line":50,"column":9}},"27":{"start":{"line":49,"column":10},"end":{"line":49,"column":59}},"28":{"start":{"line":58,"column":8},"end":{"line":58,"column":56}},"29":{"start":{"line":38,"column":13},"end":{"line":38,"column":27}}},"fnMap":{"0":{"name":"_customPropsProcess","decl":{"start":{"line":7,"column":16},"end":{"line":7,"column":35}},"loc":{"start":{"line":7,"column":90},"end":{"line":36,"column":1}}},"1":{"name":"(anonymous_1)","decl":{"start":{"line":9,"column":27},"end":{"line":9,"column":28}},"loc":{"start":{"line":9,"column":70},"end":{"line":35,"column":3}}},"2":{"name":"(anonymous_2)","decl":{"start":{"line":38,"column":27},"end":{"line":38,"column":28}},"loc":{"start":{"line":38,"column":80},"end":{"line":62,"column":1}}},"3":{"name":"(anonymous_3)","decl":{"start":{"line":47,"column":6},"end":{"line":47,"column":12}},"loc":{"start":{"line":47,"column":16},"end":{"line":51,"column":7}}},"4":{"name":"(anonymous_4)","decl":{"start":{"line":57,"column":6},"end":{"line":57,"column":12}},"loc":{"start":{"line":57,"column":25},"end":{"line":59,"column":7}}}},"branchMap":{"0":{"loc":{"start":{"line":8,"column":2},"end":{"line":8,"column":67}},"type":"if","locations":[{"start":{"line":8,"column":2},"end":{"line":8,"column":67}},{"start":{},"end":{}}]},"1":{"loc":{"start":{"line":8,"column":6},"end":{"line":8,"column":51}},"type":"binary-expr","locations":[{"start":{"line":8,"column":6},"end":{"line":8,"column":32}},{"start":{"line":8,"column":36},"end":{"line":8,"column":51}}]},"2":{"loc":{"start":{"line":10,"column":4},"end":{"line":13,"column":5}},"type":"if","locations":[{"start":{"line":10,"column":4},"end":{"line":13,"column":5}},{"start":{},"end":{}}]},"3":{"loc":{"start":{"line":10,"column":8},"end":{"line":10,"column":52}},"type":"binary-expr","locations":[{"start":{"line":10,"column":8},"end":{"line":10,"column":28}},{"start":{"line":10,"column":32},"end":{"line":10,"column":52}}]},"4":{"loc":{"start":{"line":18,"column":4},"end":{"line":34,"column":5}},"type":"if","locations":[{"start":{"line":18,"column":4},"end":{"line":34,"column":5}},{"start":{"line":24,"column":11},"end":{"line":34,"column":5}}]},"5":{"loc":{"start":{"line":18,"column":8},"end":{"line":18,"column":50}},"type":"binary-expr","locations":[{"start":{"line":18,"column":8},"end":{"line":18,"column":17}},{"start":{"line":18,"column":21},"end":{"line":18,"column":50}}]},"6":{"loc":{"start":{"line":20,"column":6},"end":{"line":23,"column":7}},"type":"if","locations":[{"start":{"line":20,"column":6},"end":{"line":23,"column":7}},{"start":{},"end":{}}]},"7":{"loc":{"start":{"line":24,"column":11},"end":{"line":34,"column":5}},"type":"if","locations":[{"start":{"line":24,"column":11},"end":{"line":34,"column":5}},{"start":{"line":27,"column":11},"end":{"line":34,"column":5}}]},"8":{"loc":{"start":{"line":27,"column":11},"end":{"line":34,"column":5}},"type":"if","locations":[{"start":{"line":27,"column":11},"end":{"line":34,"column":5}},{"start":{"line":31,"column":11},"end":{"line":34,"column":5}}]}},"s":{"0":19,"1":19,"2":19,"3":19,"4":15,"5":0,"6":15,"7":55,"8":9,"9":9,"10":46,"11":46,"12":46,"13":12,"14":8,"15":8,"16":34,"17":5,"18":29,"19":2,"20":2,"21":27,"22":19,"23":3,"24":17,"25":3,"26":2,"27":14,"28":6,"29":19},"f":{"0":15,"1":55,"2":3,"3":2,"4":6},"b":{"0":[0,15],"1":[15,15],"2":[9,46],"3":[55,47],"4":[12,34],"5":[46,20],"6":[8,4],"7":[5,29],"8":[2,27]}}
,"/Users/alex/dev/stylix/stylix-core/src/plugins/defaultUnits.ts": {"path":"/Users/alex/dev/stylix/stylix-core/src/plugins/defaultUnits.ts","statementMap":{"0":{"start":{"line":1,"column":0},"end":{"line":1,"column":70}},"1":{"start":{"line":4,"column":13},"end":{"line":21,"column":2}},"2":{"start":{"line":26,"column":28},"end":{"line":34,"column":1}},"3":{"start":{"line":27,"column":2},"end":{"line":33,"column":4}},"4":{"start":{"line":31,"column":6},"end":{"line":31,"column":71}},"5":{"start":{"line":26,"column":13},"end":{"line":26,"column":28}},"6":{"start":{"line":36,"column":84},"end":{"line":48,"column":1}},"7":{"start":{"line":43,"column":2},"end":{"line":46,"column":3}},"8":{"start":{"line":44,"column":4},"end":{"line":44,"column":43}},"9":{"start":{"line":45,"column":4},"end":{"line":45,"column":11}},"10":{"start":{"line":47,"column":2},"end":{"line":47,"column":36}},"11":{"start":{"line":50,"column":13},"end":{"line":50,"column":48}}},"fnMap":{"0":{"name":"(anonymous_0)","decl":{"start":{"line":26,"column":28},"end":{"line":26,"column":29}},"loc":{"start":{"line":26,"column":92},"end":{"line":34,"column":1}}},"1":{"name":"(anonymous_1)","decl":{"start":{"line":30,"column":4},"end":{"line":30,"column":10}},"loc":{"start":{"line":30,"column":23},"end":{"line":32,"column":5}}},"2":{"name":"(anonymous_2)","decl":{"start":{"line":36,"column":84},"end":{"line":36,"column":null}},"loc":{"start":{"line":42,"column":4},"end":{"line":48,"column":1}}}},"branchMap":{"0":{"loc":{"start":{"line":26,"column":29},"end":{"line":26,"column":40}},"type":"default-arg","locations":[{"start":{"line":26,"column":36},"end":{"line":26,"column":40}}]},"1":{"loc":{"start":{"line":26,"column":42},"end":{"line":26,"column":74}},"type":"default-arg","locations":[{"start":{"line":26,"column":56},"end":{"line":26,"column":74}}]},"2":{"loc":{"start":{"line":43,"column":2},"end":{"line":46,"column":3}},"type":"if","locations":[{"start":{"line":43,"column":2},"end":{"line":46,"column":3}},{"start":{},"end":{}}]},"3":{"loc":{"start":{"line":43,"column":6},"end":{"line":43,"column":75}},"type":"binary-expr","locations":[{"start":{"line":43,"column":6},"end":{"line":43,"column":31}},{"start":{"line":43,"column":35},"end":{"line":43,"column":75}}]}},"s":{"0":18,"1":18,"2":18,"3":18,"4":56,"5":18,"6":18,"7":254,"8":22,"9":22,"10":232,"11":18},"f":{"0":18,"1":56,"2":254},"b":{"0":[18],"1":[18],"2":[22,232],"3":[254,26]}}
,"/Users/alex/dev/stylix/stylix-core/src/plugins/hoistKeyframes.ts": {"path":"/Users/alex/dev/stylix/stylix-core/src/plugins/hoistKeyframes.ts","statementMap":{"0":{"start":{"line":1,"column":0},"end":{"line":1,"column":54}},"1":{"start":{"line":5,"column":2},"end":{"line":15,"column":3}},"2":{"start":{"line":6,"column":18},"end":{"line":6,"column":29}},"3":{"start":{"line":7,"column":4},"end":{"line":14,"column":5}},"4":{"start":{"line":9,"column":6},"end":{"line":9,"column":24}},"5":{"start":{"line":10,"column":6},"end":{"line":10,"column":46}},"6":{"start":{"line":10,"column":27},"end":{"line":10,"column":46}},"7":{"start":{"line":11,"column":11},"end":{"line":14,"column":5}},"8":{"start":{"line":13,"column":6},"end":{"line":13,"column":35}},"9":{"start":{"line":16,"column":2},"end":{"line":16,"column":16}},"10":{"start":{"line":22,"column":13},"end":{"line":28,"column":2}},"11":{"start":{"line":26,"column":4},"end":{"line":26,"column":43}}},"fnMap":{"0":{"name":"_hoistKeyframes","decl":{"start":{"line":4,"column":9},"end":{"line":4,"column":24}},"loc":{"start":{"line":4,"column":47},"end":{"line":17,"column":1}}},"1":{"name":"(anonymous_1)","decl":{"start":{"line":25,"column":2},"end":{"line":25,"column":8}},"loc":{"start":{"line":25,"column":21},"end":{"line":27,"column":3}}}},"branchMap":{"0":{"loc":{"start":{"line":7,"column":4},"end":{"line":14,"column":5}},"type":"if","locations":[{"start":{"line":7,"column":4},"end":{"line":14,"column":5}},{"start":{"line":11,"column":11},"end":{"line":14,"column":5}}]},"1":{"loc":{"start":{"line":10,"column":6},"end":{"line":10,"column":46}},"type":"if","locations":[{"start":{"line":10,"column":6},"end":{"line":10,"column":46}},{"start":{},"end":{}}]},"2":{"loc":{"start":{"line":11,"column":11},"end":{"line":14,"column":5}},"type":"if","locations":[{"start":{"line":11,"column":11},"end":{"line":14,"column":5}},{"start":{},"end":{}}]}},"s":{"0":18,"1":124,"2":170,"3":170,"4":7,"5":7,"6":2,"7":163,"8":68,"9":124,"10":18,"11":56},"f":{"0":124,"1":56},"b":{"0":[7,163],"1":[2,5],"2":[68,95]}}
,"/Users/alex/dev/stylix/stylix-core/src/plugins/hoistLayers.ts": {"path":"/Users/alex/dev/stylix/stylix-core/src/plugins/hoistLayers.ts","statementMap":{"0":{"start":{"line":4,"column":0},"end":{"line":4,"column":16}},"1":{"start":{"line":1,"column":0},"end":{"line":1,"column":54}},"2":{"start":{"line":5,"column":2},"end":{"line":16,"column":3}},"3":{"start":{"line":6,"column":18},"end":{"line":6,"column":29}},"4":{"start":{"line":7,"column":4},"end":{"line":15,"column":5}},"5":{"start":{"line":9,"column":6},"end":{"line":9,"column":28}},"6":{"start":{"line":10,"column":6},"end":{"line":10,"column":62}},"7":{"start":{"line":11,"column":6},"end":{"line":11,"column":46}},"8":{"start":{"line":11,"column":27},"end":{"line":11,"column":46}},"9":{"start":{"line":12,"column":11},"end":{"line":15,"column":5}},"10":{"start":{"line":14,"column":6},"end":{"line":14,"column":32}},"11":{"start":{"line":17,"column":2},"end":{"line":17,"column":16}},"12":{"start":{"line":23,"column":13},"end":{"line":30,"column":2}},"13":{"start":{"line":27,"column":4},"end":{"line":27,"column":94}},"14":{"start":{"line":27,"column":72},"end":{"line":27,"column":94}},"15":{"start":{"line":28,"column":4},"end":{"line":28,"column":40}}},"fnMap":{"0":{"name":"_hoistLayers","decl":{"start":{"line":4,"column":16},"end":{"line":4,"column":28}},"loc":{"start":{"line":4,"column":51},"end":{"line":18,"column":1}}},"1":{"name":"(anonymous_1)","decl":{"start":{"line":26,"column":2},"end":{"line":26,"column":8}},"loc":{"start":{"line":26,"column":21},"end":{"line":29,"column":3}}}},"branchMap":{"0":{"loc":{"start":{"line":7,"column":4},"end":{"line":15,"column":5}},"type":"if","locations":[{"start":{"line":7,"column":4},"end":{"line":15,"column":5}},{"start":{"line":12,"column":11},"end":{"line":15,"column":5}}]},"1":{"loc":{"start":{"line":7,"column":8},"end":{"line":7,"column":61}},"type":"binary-expr","locations":[{"start":{"line":7,"column":8},"end":{"line":7,"column":33}},{"start":{"line":7,"column":37},"end":{"line":7,"column":61}}]},"2":{"loc":{"start":{"line":11,"column":6},"end":{"line":11,"column":46}},"type":"if","locations":[{"start":{"line":11,"column":6},"end":{"line":11,"column":46}},{"start":{},"end":{}}]},"3":{"loc":{"start":{"line":12,"column":11},"end":{"line":15,"column":5}},"type":"if","locations":[{"start":{"line":12,"column":11},"end":{"line":15,"column":5}},{"start":{},"end":{}}]},"4":{"loc":{"start":{"line":27,"column":4},"end":{"line":27,"column":94}},"type":"if","locations":[{"start":{"line":27,"column":4},"end":{"line":27,"column":94}},{"start":{},"end":{}}]},"5":{"loc":{"start":{"line":27,"column":8},"end":{"line":27,"column":70}},"type":"binary-expr","locations":[{"start":{"line":27,"column":8},"end":{"line":27,"column":14}},{"start":{"line":27,"column":18},"end":{"line":27,"column":44}},{"start":{"line":27,"column":48},"end":{"line":27,"column":70}}]}},"s":{"0":19,"1":19,"2":150,"3":262,"4":262,"5":4,"6":4,"7":4,"8":4,"9":258,"10":93,"11":150,"12":19,"13":56,"14":56,"15":56},"f":{"0":150,"1":56},"b":{"0":[4,258],"1":[262,85],"2":[4,0],"3":[93,165],"4":[56,0],"5":[56,56,56]}}
,"/Users/alex/dev/stylix/stylix-core/src/plugins/index.ts": {"path":"/Users/alex/dev/stylix/stylix-core/src/plugins/index.ts","statementMap":{"0":{"start":{"line":55,"column":0},"end":{"line":55,"column":16}},"1":{"start":{"line":3,"column":0},"end":{"line":3,"column":44}},"2":{"start":{"line":4,"column":0},"end":{"line":4,"column":51}},"3":{"start":{"line":5,"column":0},"end":{"line":5,"column":50}},"4":{"start":{"line":6,"column":0},"end":{"line":6,"column":44}},"5":{"start":{"line":7,"column":0},"end":{"line":7,"column":46}},"6":{"start":{"line":8,"column":0},"end":{"line":8,"column":44}},"7":{"start":{"line":9,"column":0},"end":{"line":9,"column":48}},"8":{"start":{"line":10,"column":0},"end":{"line":10,"column":42}},"9":{"start":{"line":11,"column":0},"end":{"line":11,"column":50}},"10":{"start":{"line":61,"column":53},"end":{"line":69,"column":4}},"11":{"start":{"line":71,"column":38},"end":{"line":71,"column":50}},"12":{"start":{"line":72,"column":2},"end":{"line":76,"column":3}},"13":{"start":{"line":73,"column":19},"end":{"line":73,"column":37}},"14":{"start":{"line":74,"column":4},"end":{"line":75,"column":86}},"15":{"start":{"line":75,"column":6},"end":{"line":75,"column":86}},"16":{"start":{"line":77,"column":2},"end":{"line":77,"column":25}},"17":{"start":{"line":80,"column":0},"end":{"line":80,"column":9}},"18":{"start":{"line":80,"column":9},"end":{"line":80,"column":44}},"19":{"start":{"line":82,"column":13},"end":{"line":92,"column":2}}},"fnMap":{"0":{"name":"applyPlugins","decl":{"start":{"line":55,"column":16},"end":{"line":55,"column":28}},"loc":{"start":{"line":59,"column":24},"end":{"line":78,"column":1}}},"1":{"name":"(anonymous_1)","decl":{"start":{"line":80,"column":9},"end":{"line":80,"column":20}},"loc":{"start":{"line":80,"column":9},"end":{"line":80,"column":44}}}},"branchMap":{"0":{"loc":{"start":{"line":71,"column":38},"end":{"line":71,"column":50}},"type":"binary-expr","locations":[{"start":{"line":71,"column":38},"end":{"line":71,"column":44}},{"start":{"line":71,"column":48},"end":{"line":71,"column":50}}]},"1":{"loc":{"start":{"line":74,"column":4},"end":{"line":75,"column":86}},"type":"if","locations":[{"start":{"line":74,"column":4},"end":{"line":75,"column":86}},{"start":{},"end":{}}]}},"s":{"0":18,"1":18,"2":18,"3":18,"4":18,"5":18,"6":18,"7":18,"8":18,"9":18,"10":160,"11":160,"12":160,"13":1468,"14":1468,"15":517,"16":160,"17":18,"18":20,"19":18},"f":{"0":160,"1":2},"b":{"0":[160,43],"1":[517,951]}}
,"/Users/alex/dev/stylix/stylix-core/src/plugins/mediaObjects.ts": {"path":"/Users/alex/dev/stylix/stylix-core/src/plugins/mediaObjects.ts","statementMap":{"0":{"start":{"line":29,"column":0},"end":{"line":29,"column":16}},"1":{"start":{"line":1,"column":0},"end":{"line":1,"column":47}},"2":{"start":{"line":18,"column":13},"end":{"line":22,"column":2}},"3":{"start":{"line":25,"column":2},"end":{"line":25,"column":48}},"4":{"start":{"line":25,"column":18},"end":{"line":25,"column":48}},"5":{"start":{"line":26,"column":2},"end":{"line":26,"column":63}},"6":{"start":{"line":34,"column":2},"end":{"line":34,"column":59}},"7":{"start":{"line":34,"column":45},"end":{"line":34,"column":59}},"8":{"start":{"line":37,"column":2},"end":{"line":39,"column":3}},"9":{"start":{"line":38,"column":4},"end":{"line":38,"column":87}},"10":{"start":{"line":38,"column":38},"end":{"line":38,"column":85}},"11":{"start":{"line":41,"column":2},"end":{"line":41,"column":47}},"12":{"start":{"line":41,"column":40},"end":{"line":41,"column":46}},"13":{"start":{"line":43,"column":17},"end":{"line":43,"column":57}},"14":{"start":{"line":45,"column":2},"end":{"line":94,"column":3}},"15":{"start":{"line":46,"column":23},"end":{"line":46,"column":39}},"16":{"start":{"line":48,"column":4},"end":{"line":79,"column":5}},"17":{"start":{"line":49,"column":6},"end":{"line":53,"column":7}},"18":{"start":{"line":51,"column":8},"end":{"line":51,"column":56}},"19":{"start":{"line":52,"column":8},"end":{"line":52,"column":17}},"20":{"start":{"line":56,"column":6},"end":{"line":77,"column":7}},"21":{"start":{"line":57,"column":8},"end":{"line":57,"column":32}},"22":{"start":{"line":60,"column":8},"end":{"line":76,"column":9}},"23":{"start":{"line":61,"column":10},"end":{"line":66,"column":12}},"24":{"start":{"line":71,"column":10},"end":{"line":75,"column":13}},"25":{"start":{"line":78,"column":6},"end":{"line":78,"column":15}},"26":{"start":{"line":81,"column":4},"end":{"line":90,"column":5}},"27":{"start":{"line":82,"column":6},"end":{"line":82,"column":30}},"28":{"start":{"line":83,"column":6},"end":{"line":88,"column":8}},"29":{"start":{"line":89,"column":6},"end":{"line":89,"column":15}},"30":{"start":{"line":93,"column":4},"end":{"line":93,"column":94}},"31":{"start":{"line":96,"column":18},"end":{"line":96,"column":39}},"32":{"start":{"line":97,"column":2},"end":{"line":97,"column":83}}},"fnMap":{"0":{"name":"mediaObjectsPlugin","decl":{"start":{"line":24,"column":9},"end":{"line":24,"column":27}},"loc":{"start":{"line":24,"column":82},"end":{"line":27,"column":1}}},"1":{"name":"processMediaStyles","decl":{"start":{"line":29,"column":16},"end":{"line":29,"column":34}},"loc":{"start":{"line":32,"column":13},"end":{"line":98,"column":1}}},"2":{"name":"(anonymous_2)","decl":{"start":{"line":38,"column":22},"end":{"line":38,"column":23}},"loc":{"start":{"line":38,"column":38},"end":{"line":38,"column":85}}},"3":{"name":"(anonymous_3)","decl":{"start":{"line":41,"column":23},"end":{"line":41,"column":24}},"loc":{"start":{"line":41,"column":40},"end":{"line":41,"column":46}}}},"branchMap":{"0":{"loc":{"start":{"line":25,"column":2},"end":{"line":25,"column":48}},"type":"if","locations":[{"start":{"line":25,"column":2},"end":{"line":25,"column":48}},{"start":{},"end":{}}]},"1":{"loc":{"start":{"line":34,"column":2},"end":{"line":34,"column":59}},"type":"if","locations":[{"start":{"line":34,"column":2},"end":{"line":34,"column":59}},{"start":{},"end":{}}]},"2":{"loc":{"start":{"line":34,"column":6},"end":{"line":34,"column":43}},"type":"binary-expr","locations":[{"start":{"line":34,"column":6},"end":{"line":34,"column":13}},{"start":{"line":34,"column":17},"end":{"line":34,"column":43}}]},"3":{"loc":{"start":{"line":37,"column":2},"end":{"line":39,"column":3}},"type":"if","locations":[{"start":{"line":37,"column":2},"end":{"line":39,"column":3}},{"start":{},"end":{}}]},"4":{"loc":{"start":{"line":48,"column":4},"end":{"line":79,"column":5}},"type":"if","locations":[{"start":{"line":48,"column":4},"end":{"line":79,"column":5}},{"start":{},"end":{}}]},"5":{"loc":{"start":{"line":49,"column":6},"end":{"line":53,"column":7}},"type":"if","locations":[{"start":{"line":49,"column":6},"end":{"line":53,"column":7}},{"start":{},"end":{}}]},"6":{"loc":{"start":{"line":60,"column":8},"end":{"line":76,"column":9}},"type":"if","locations":[{"start":{"line":60,"column":8},"end":{"line":76,"column":9}},{"start":{"line":70,"column":13},"end":{"line":76,"column":9}}]},"7":{"loc":{"start":{"line":81,"column":4},"end":{"line":90,"column":5}},"type":"if","locations":[{"start":{"line":81,"column":4},"end":{"line":90,"column":5}},{"start":{},"end":{}}]},"8":{"loc":{"start":{"line":97,"column":9},"end":{"line":97,"column":82}},"type":"cond-expr","locations":[{"start":{"line":97,"column":32},"end":{"line":97,"column":42}},{"start":{"line":97,"column":45},"end":{"line":97,"column":82}}]},"9":{"loc":{"start":{"line":97,"column":45},"end":{"line":97,"column":82}},"type":"cond-expr","locations":[{"start":{"line":97,"column":68},"end":{"line":97,"column":72}},{"start":{"line":97,"column":75},"end":{"line":97,"column":82}}]}},"s":{"0":19,"1":19,"2":19,"3":56,"4":53,"5":3,"6":72,"7":24,"8":48,"9":5,"10":8,"11":43,"12":12,"13":43,"14":43,"15":74,"16":74,"17":46,"18":36,"19":36,"20":10,"21":24,"22":24,"23":22,"24":2,"25":10,"26":28,"27":11,"28":11,"29":11,"30":17,"31":43,"32":43},"f":{"0":56,"1":72,"2":8,"3":12},"b":{"0":[53,3],"1":[24,48],"2":[72,72],"3":[5,43],"4":[46,28],"5":[36,10],"6":[22,2],"7":[11,17],"8":[28,15],"9":[0,15]}}
,"/Users/alex/dev/stylix/stylix-core/src/plugins/mergeArrays.ts": {"path":"/Users/alex/dev/stylix/stylix-core/src/plugins/mergeArrays.ts","statementMap":{"0":{"start":{"line":12,"column":0},"end":{"line":12,"column":16}},"1":{"start":{"line":16,"column":0},"end":{"line":16,"column":16}},"2":{"start":{"line":6,"column":13},"end":{"line":10,"column":2}},"3":{"start":{"line":9,"column":28},"end":{"line":9,"column":48}},"4":{"start":{"line":13,"column":2},"end":{"line":13,"column":28}},"5":{"start":{"line":17,"column":2},"end":{"line":17,"column":50}},"6":{"start":{"line":17,"column":39},"end":{"line":17,"column":50}},"7":{"start":{"line":19,"column":2},"end":{"line":25,"column":3}},"8":{"start":{"line":20,"column":4},"end":{"line":23,"column":5}},"9":{"start":{"line":21,"column":6},"end":{"line":21,"column":54}},"10":{"start":{"line":21,"column":45},"end":{"line":21,"column":54}},"11":{"start":{"line":22,"column":6},"end":{"line":22,"column":34}},"12":{"start":{"line":24,"column":4},"end":{"line":24,"column":18}},"13":{"start":{"line":27,"column":2},"end":{"line":46,"column":3}},"14":{"start":{"line":28,"column":18},"end":{"line":28,"column":26}},"15":{"start":{"line":31,"column":4},"end":{"line":45,"column":5}},"16":{"start":{"line":33,"column":6},"end":{"line":39,"column":7}},"17":{"start":{"line":34,"column":8},"end":{"line":34,"column":42}},"18":{"start":{"line":37,"column":11},"end":{"line":39,"column":7}},"19":{"start":{"line":38,"column":8},"end":{"line":38,"column":28}},"20":{"start":{"line":44,"column":6},"end":{"line":44,"column":45}},"21":{"start":{"line":47,"column":2},"end":{"line":47,"column":16}}},"fnMap":{"0":{"name":"(anonymous_0)","decl":{"start":{"line":9,"column":10},"end":{"line":9,"column":11}},"loc":{"start":{"line":9,"column":28},"end":{"line":9,"column":48}}},"1":{"name":"reduceArrays","decl":{"start":{"line":12,"column":16},"end":{"line":12,"column":28}},"loc":{"start":{"line":12,"column":37},"end":{"line":14,"column":1}}},"2":{"name":"_reduceArrays","decl":{"start":{"line":16,"column":16},"end":{"line":16,"column":29}},"loc":{"start":{"line":16,"column":56},"end":{"line":48,"column":1}}}},"branchMap":{"0":{"loc":{"start":{"line":16,"column":40},"end":{"line":16,"column":56}},"type":"default-arg","locations":[{"start":{"line":16,"column":54},"end":{"line":16,"column":56}}]},"1":{"loc":{"start":{"line":17,"column":2},"end":{"line":17,"column":50}},"type":"if","locations":[{"start":{"line":17,"column":2},"end":{"line":17,"column":50}},{"start":{},"end":{}}]},"2":{"loc":{"start":{"line":17,"column":6},"end":{"line":17,"column":37}},"type":"binary-expr","locations":[{"start":{"line":17,"column":6},"end":{"line":17,"column":10}},{"start":{"line":17,"column":14},"end":{"line":17,"column":37}}]},"3":{"loc":{"start":{"line":19,"column":2},"end":{"line":25,"column":3}},"type":"if","locations":[{"start":{"line":19,"column":2},"end":{"line":25,"column":3}},{"start":{},"end":{}}]},"4":{"loc":{"start":{"line":21,"column":6},"end":{"line":21,"column":54}},"type":"if","locations":[{"start":{"line":21,"column":6},"end":{"line":21,"column":54}},{"start":{},"end":{}}]},"5":{"loc":{"start":{"line":21,"column":10},"end":{"line":21,"column":43}},"type":"binary-expr","locations":[{"start":{"line":21,"column":10},"end":{"line":21,"column":15}},{"start":{"line":21,"column":19},"end":{"line":21,"column":43}}]},"6":{"loc":{"start":{"line":31,"column":4},"end":{"line":45,"column":5}},"type":"if","locations":[{"start":{"line":31,"column":4},"end":{"line":45,"column":5}},{"start":{"line":43,"column":9},"end":{"line":45,"column":5}}]},"7":{"loc":{"start":{"line":31,"column":8},"end":{"line":31,"column":54}},"type":"binary-expr","locations":[{"start":{"line":31,"column":8},"end":{"line":31,"column":19}},{"start":{"line":31,"column":23},"end":{"line":31,"column":54}}]},"8":{"loc":{"start":{"line":33,"column":6},"end":{"line":39,"column":7}},"type":"if","locations":[{"start":{"line":33,"column":6},"end":{"line":39,"column":7}},{"start":{"line":37,"column":11},"end":{"line":39,"column":7}}]},"9":{"loc":{"start":{"line":33,"column":10},"end":{"line":33,"column":44}},"type":"binary-expr","locations":[{"start":{"line":33,"column":10},"end":{"line":33,"column":15}},{"start":{"line":33,"column":19},"end":{"line":33,"column":44}}]},"10":{"loc":{"start":{"line":37,"column":11},"end":{"line":39,"column":7}},"type":"if","locations":[{"start":{"line":37,"column":11},"end":{"line":39,"column":7}},{"start":{},"end":{}}]}},"s":{"0":20,"1":20,"2":20,"3":56,"4":83,"5":687,"6":229,"7":458,"8":140,"9":225,"10":6,"11":219,"12":140,"13":318,"14":390,"15":390,"16":19,"17":14,"18":5,"19":3,"20":371,"21":318},"f":{"0":56,"1":83,"2":687},"b":{"0":[83],"1":[229,458],"2":[687,683],"3":[140,318],"4":[6,219],"5":[225,225],"6":[19,371],"7":[390,36],"8":[14,5],"9":[19,16],"10":[3,2]}}
,"/Users/alex/dev/stylix/stylix-core/src/plugins/prepareStyles.ts": {"path":"/Users/alex/dev/stylix/stylix-core/src/plugins/prepareStyles.ts","statementMap":{"0":{"start":{"line":1,"column":0},"end":{"line":1,"column":54}},"1":{"start":{"line":7,"column":13},"end":{"line":16,"column":2}},"2":{"start":{"line":11,"column":4},"end":{"line":11,"column":76}},"3":{"start":{"line":11,"column":57},"end":{"line":11,"column":76}},"4":{"start":{"line":12,"column":4},"end":{"line":12,"column":61}},"5":{"start":{"line":12,"column":49},"end":{"line":12,"column":61}},"6":{"start":{"line":13,"column":4},"end":{"line":13,"column":98}},"7":{"start":{"line":13,"column":68},"end":{"line":13,"column":83}},"8":{"start":{"line":13,"column":86},"end":{"line":13,"column":98}},"9":{"start":{"line":14,"column":4},"end":{"line":14,"column":18}}},"fnMap":{"0":{"name":"(anonymous_0)","decl":{"start":{"line":10,"column":2},"end":{"line":10,"column":8}},"loc":{"start":{"line":10,"column":21},"end":{"line":15,"column":3}}},"1":{"name":"(anonymous_1)","decl":{"start":{"line":13,"column":61},"end":{"line":13,"column":62}},"loc":{"start":{"line":13,"column":68},"end":{"line":13,"column":83}}}},"branchMap":{"0":{"loc":{"start":{"line":11,"column":11},"end":{"line":11,"column":55}},"type":"binary-expr","locations":[{"start":{"line":11,"column":11},"end":{"line":11,"column":32}},{"start":{"line":11,"column":36},"end":{"line":11,"column":55}}]},"1":{"loc":{"start":{"line":12,"column":4},"end":{"line":12,"column":61}},"type":"if","locations":[{"start":{"line":12,"column":4},"end":{"line":12,"column":61}},{"start":{},"end":{}}]},"2":{"loc":{"start":{"line":12,"column":8},"end":{"line":12,"column":47}},"type":"binary-expr","locations":[{"start":{"line":12,"column":8},"end":{"line":12,"column":29}},{"start":{"line":12,"column":33},"end":{"line":12,"column":47}}]},"3":{"loc":{"start":{"line":13,"column":4},"end":{"line":13,"column":98}},"type":"if","locations":[{"start":{"line":13,"column":4},"end":{"line":13,"column":98}},{"start":{},"end":{}}]},"4":{"loc":{"start":{"line":13,"column":8},"end":{"line":13,"column":84}},"type":"binary-expr","locations":[{"start":{"line":13,"column":8},"end":{"line":13,"column":29}},{"start":{"line":13,"column":33},"end":{"line":13,"column":84}}]}},"s":{"0":18,"1":18,"2":61,"3":2,"4":61,"5":0,"6":61,"7":56,"8":2,"9":59},"f":{"0":61,"1":56},"b":{"0":[63,8],"1":[0,61],"2":[61,6],"3":[2,59],"4":[61,55]}}
,"/Users/alex/dev/stylix/stylix-core/src/plugins/propCasing.ts": {"path":"/Users/alex/dev/stylix/stylix-core/src/plugins/propCasing.ts","statementMap":{"0":{"start":{"line":1,"column":0},"end":{"line":1,"column":47}},"1":{"start":{"line":2,"column":0},"end":{"line":2,"column":70}},"2":{"start":{"line":8,"column":13},"end":{"line":14,"column":2}},"3":{"start":{"line":12,"column":4},"end":{"line":12,"column":53}},"4":{"start":{"line":16,"column":79},"end":{"line":35,"column":1}},"5":{"start":{"line":23,"column":2},"end":{"line":26,"column":3}},"6":{"start":{"line":24,"column":4},"end":{"line":24,"column":38}},"7":{"start":{"line":25,"column":4},"end":{"line":25,"column":11}},"8":{"start":{"line":28,"column":20},"end":{"line":28,"column":60}},"9":{"start":{"line":29,"column":2},"end":{"line":32,"column":3}},"10":{"start":{"line":30,"column":4},"end":{"line":30,"column":68}},"11":{"start":{"line":31,"column":4},"end":{"line":31,"column":11}},"12":{"start":{"line":34,"column":2},"end":{"line":34,"column":36}}},"fnMap":{"0":{"name":"(anonymous_0)","decl":{"start":{"line":11,"column":2},"end":{"line":11,"column":8}},"loc":{"start":{"line":11,"column":20},"end":{"line":13,"column":3}}},"1":{"name":"(anonymous_1)","decl":{"start":{"line":16,"column":79},"end":{"line":16,"column":null}},"loc":{"start":{"line":22,"column":4},"end":{"line":35,"column":1}}}},"branchMap":{"0":{"loc":{"start":{"line":23,"column":2},"end":{"line":26,"column":3}},"type":"if","locations":[{"start":{"line":23,"column":2},"end":{"line":26,"column":3}},{"start":{},"end":{}}]},"1":{"loc":{"start":{"line":23,"column":6},"end":{"line":23,"column":44}},"type":"binary-expr","locations":[{"start":{"line":23,"column":6},"end":{"line":23,"column":29}},{"start":{"line":23,"column":33},"end":{"line":23,"column":44}}]},"2":{"loc":{"start":{"line":29,"column":2},"end":{"line":32,"column":3}},"type":"if","locations":[{"start":{"line":29,"column":2},"end":{"line":32,"column":3}},{"start":{},"end":{}}]}},"s":{"0":18,"1":18,"2":18,"3":56,"4":18,"5":198,"6":1,"7":1,"8":197,"9":197,"10":106,"11":106,"12":91},"f":{"0":56,"1":198},"b":{"0":[1,197],"1":[198,198],"2":[106,91]}}
,"/Users/alex/dev/stylix/stylix-core/src/plugins/replace$$class.ts": {"path":"/Users/alex/dev/stylix/stylix-core/src/plugins/replace$$class.ts","statementMap":{"0":{"start":{"line":1,"column":0},"end":{"line":1,"column":70}},"1":{"start":{"line":7,"column":13},"end":{"line":13,"column":2}},"2":{"start":{"line":11,"column":4},"end":{"line":11,"column":57}},"3":{"start":{"line":15,"column":83},"end":{"line":28,"column":1}},"4":{"start":{"line":22,"column":2},"end":{"line":25,"column":28}},"5":{"start":{"line":26,"column":2},"end":{"line":26,"column":95}},"6":{"start":{"line":27,"column":2},"end":{"line":27,"column":22}}},"fnMap":{"0":{"name":"(anonymous_0)","decl":{"start":{"line":10,"column":2},"end":{"line":10,"column":8}},"loc":{"start":{"line":10,"column":20},"end":{"line":12,"column":3}}},"1":{"name":"(anonymous_1)","decl":{"start":{"line":15,"column":83},"end":{"line":15,"column":null}},"loc":{"start":{"line":21,"column":4},"end":{"line":28,"column":1}}}},"branchMap":{"0":{"loc":{"start":{"line":23,"column":4},"end":{"line":25,"column":27}},"type":"cond-expr","locations":[{"start":{"line":24,"column":8},"end":{"line":24,"column":64}},{"start":{"line":25,"column":8},"end":{"line":25,"column":27}}]},"1":{"loc":{"start":{"line":24,"column":36},"end":{"line":24,"column":63}},"type":"binary-expr","locations":[{"start":{"line":24,"column":36},"end":{"line":24,"column":57}},{"start":{"line":24,"column":61},"end":{"line":24,"column":63}}]},"2":{"loc":{"start":{"line":26,"column":8},"end":{"line":26,"column":94}},"type":"cond-expr","locations":[{"start":{"line":26,"column":34},"end":{"line":26,"column":88}},{"start":{"line":26,"column":91},"end":{"line":26,"column":94}}]},"3":{"loc":{"start":{"line":26,"column":60},"end":{"line":26,"column":87}},"type":"binary-expr","locations":[{"start":{"line":26,"column":60},"end":{"line":26,"column":81}},{"start":{"line":26,"column":85},"end":{"line":26,"column":87}}]}},"s":{"0":18,"1":18,"2":56,"3":18,"4":254,"5":254,"6":254},"f":{"0":56,"1":254},"b":{"0":[81,173],"1":[81,0],"2":[252,2],"3":[252,0]}}
,"/Users/alex/dev/stylix/stylix-core/src/util/cx.ts": {"path":"/Users/alex/dev/stylix/stylix-core/src/util/cx.ts","statementMap":{"0":{"start":{"line":39,"column":0},"end":{"line":39,"column":16}},"1":{"start":{"line":10,"column":31},"end":{"line":10,"column":33}},"2":{"start":{"line":11,"column":2},"end":{"line":25,"column":3}},"3":{"start":{"line":12,"column":4},"end":{"line":24,"column":5}},"4":{"start":{"line":13,"column":6},"end":{"line":13,"column":27}},"5":{"start":{"line":14,"column":11},"end":{"line":24,"column":5}},"6":{"start":{"line":15,"column":6},"end":{"line":15,"column":39}},"7":{"start":{"line":16,"column":11},"end":{"line":24,"column":5}},"8":{"start":{"line":17,"column":6},"end":{"line":17,"column":43}},"9":{"start":{"line":18,"column":11},"end":{"line":24,"column":5}},"10":{"start":{"line":19,"column":6},"end":{"line":23,"column":7}},"11":{"start":{"line":20,"column":8},"end":{"line":22,"column":9}},"12":{"start":{"line":21,"column":10},"end":{"line":21,"column":31}},"13":{"start":{"line":26,"column":2},"end":{"line":26,"column":20}},"14":{"start":{"line":40,"column":2},"end":{"line":40,"column":33}}},"fnMap":{"0":{"name":"cxArray","decl":{"start":{"line":9,"column":9},"end":{"line":9,"column":16}},"loc":{"start":{"line":9,"column":34},"end":{"line":27,"column":1}}},"1":{"name":"cx","decl":{"start":{"line":39,"column":16},"end":{"line":39,"column":18}},"loc":{"start":{"line":39,"column":39},"end":{"line":41,"column":1}}}},"branchMap":{"0":{"loc":{"start":{"line":12,"column":4},"end":{"line":24,"column":5}},"type":"if","locations":[{"start":{"line":12,"column":4},"end":{"line":24,"column":5}},{"start":{"line":14,"column":11},"end":{"line":24,"column":5}}]},"1":{"loc":{"start":{"line":12,"column":8},"end":{"line":12,"column":38}},"type":"binary-expr","locations":[{"start":{"line":12,"column":8},"end":{"line":12,"column":11}},{"start":{"line":12,"column":15},"end":{"line":12,"column":38}}]},"2":{"loc":{"start":{"line":14,"column":11},"end":{"line":24,"column":5}},"type":"if","locations":[{"start":{"line":14,"column":11},"end":{"line":24,"column":5}},{"start":{"line":16,"column":11},"end":{"line":24,"column":5}}]},"3":{"loc":{"start":{"line":16,"column":11},"end":{"line":24,"column":5}},"type":"if","locations":[{"start":{"line":16,"column":11},"end":{"line":24,"column":5}},{"start":{"line":18,"column":11},"end":{"line":24,"column":5}}]},"4":{"loc":{"start":{"line":18,"column":11},"end":{"line":24,"column":5}},"type":"if","locations":[{"start":{"line":18,"column":11},"end":{"line":24,"column":5}},{"start":{},"end":{}}]},"5":{"loc":{"start":{"line":18,"column":15},"end":{"line":18,"column":54}},"type":"binary-expr","locations":[{"start":{"line":18,"column":15},"end":{"line":18,"column":38}},{"start":{"line":18,"column":42},"end":{"line":18,"column":54}}]},"6":{"loc":{"start":{"line":20,"column":8},"end":{"line":22,"column":9}},"type":"if","locations":[{"start":{"line":20,"column":8},"end":{"line":22,"column":9}},{"start":{},"end":{}}]}},"s":{"0":19,"1":25,"2":25,"3":44,"4":19,"5":25,"6":5,"7":20,"8":6,"9":14,"10":3,"11":10,"12":6,"13":25,"14":14},"f":{"0":25,"1":14},"b":{"0":[19,25],"1":[44,35],"2":[5,20],"3":[6,14],"4":[3,11],"5":[14,4],"6":[6,4]}}
,"/Users/alex/dev/stylix/stylix-core/src/util/isEmpty.ts": {"path":"/Users/alex/dev/stylix/stylix-core/src/util/isEmpty.ts","statementMap":{"0":{"start":{"line":1,"column":0},"end":{"line":1,"column":16}},"1":{"start":{"line":2,"column":2},"end":{"line":2,"column":24}},"2":{"start":{"line":2,"column":12},"end":{"line":2,"column":24}},"3":{"start":{"line":3,"column":2},"end":{"line":3,"column":50}},"4":{"start":{"line":3,"column":26},"end":{"line":3,"column":50}},"5":{"start":{"line":4,"column":2},"end":{"line":4,"column":36}},"6":{"start":{"line":4,"column":23},"end":{"line":4,"column":36}},"7":{"start":{"line":5,"column":2},"end":{"line":5,"column":43}},"8":{"start":{"line":5,"column":31},"end":{"line":5,"column":43}},"9":{"start":{"line":6,"column":2},"end":{"line":6,"column":15}}},"fnMap":{"0":{"name":"isEmpty","decl":{"start":{"line":1,"column":16},"end":{"line":1,"column":23}},"loc":{"start":{"line":1,"column":36},"end":{"line":7,"column":1}}}},"branchMap":{"0":{"loc":{"start":{"line":2,"column":2},"end":{"line":2,"column":24}},"type":"if","locations":[{"start":{"line":2,"column":2},"end":{"line":2,"column":24}},{"start":{},"end":{}}]},"1":{"loc":{"start":{"line":3,"column":2},"end":{"line":3,"column":50}},"type":"if","locations":[{"start":{"line":3,"column":2},"end":{"line":3,"column":50}},{"start":{},"end":{}}]},"2":{"loc":{"start":{"line":5,"column":2},"end":{"line":5,"column":43}},"type":"if","locations":[{"start":{"line":5,"column":2},"end":{"line":5,"column":43}},{"start":{},"end":{}}]}},"s":{"0":20,"1":400,"2":51,"3":349,"4":81,"5":268,"6":244,"7":24,"8":22,"9":2},"f":{"0":400},"b":{"0":[51,349],"1":[81,268],"2":[22,2]}}
,"/Users/alex/dev/stylix/stylix-core/src/util/isPlainObject.ts": {"path":"/Users/alex/dev/stylix/stylix-core/src/util/isPlainObject.ts","statementMap":{"0":{"start":{"line":4,"column":0},"end":{"line":4,"column":16}},"1":{"start":{"line":5,"column":2},"end":{"line":5,"column":56}},"2":{"start":{"line":5,"column":43},"end":{"line":5,"column":56}},"3":{"start":{"line":6,"column":2},"end":{"line":6,"column":59}}},"fnMap":{"0":{"name":"isPlainObject","decl":{"start":{"line":4,"column":16},"end":{"line":4,"column":29}},"loc":{"start":{"line":4,"column":40},"end":{"line":7,"column":1}}}},"branchMap":{"0":{"loc":{"start":{"line":5,"column":2},"end":{"line":5,"column":56}},"type":"if","locations":[{"start":{"line":5,"column":2},"end":{"line":5,"column":56}},{"start":{},"end":{}}]},"1":{"loc":{"start":{"line":5,"column":6},"end":{"line":5,"column":41}},"type":"binary-expr","locations":[{"start":{"line":5,"column":6},"end":{"line":5,"column":12}},{"start":{"line":5,"column":16},"end":{"line":5,"column":41}}]}},"s":{"0":22,"1":922,"2":462,"3":460},"f":{"0":922},"b":{"0":[462,460],"1":[922,908]}}
,"/Users/alex/dev/stylix/stylix-core/src/util/mapObject.ts": {"path":"/Users/alex/dev/stylix/stylix-core/src/util/mapObject.ts","statementMap":{"0":{"start":{"line":68,"column":0},"end":{"line":68,"column":16}},"1":{"start":{"line":73,"column":2},"end":{"line":73,"column":48}},"2":{"start":{"line":73,"column":34},"end":{"line":73,"column":48}},"3":{"start":{"line":74,"column":18},"end":{"line":74,"column":49}},"4":{"start":{"line":75,"column":2},"end":{"line":83,"column":3}},"5":{"start":{"line":76,"column":33},"end":{"line":76,"column":69}},"6":{"start":{"line":77,"column":19},"end":{"line":77,"column":38}},"7":{"start":{"line":79,"column":25},"end":{"line":79,"column":51}},"8":{"start":{"line":80,"column":4},"end":{"line":82,"column":6}},"9":{"start":{"line":81,"column":6},"end":{"line":81,"column":60}},"10":{"start":{"line":85,"column":2},"end":{"line":85,"column":27}}},"fnMap":{"0":{"name":"mapObject","decl":{"start":{"line":68,"column":16},"end":{"line":68,"column":25}},"loc":{"start":{"line":71,"column":20},"end":{"line":86,"column":1}}},"1":{"name":"(anonymous_1)","decl":{"start":{"line":80,"column":44},"end":{"line":80,"column":45}},"loc":{"start":{"line":81,"column":6},"end":{"line":81,"column":60}}}},"branchMap":{"0":{"loc":{"start":{"line":73,"column":2},"end":{"line":73,"column":48}},"type":"if","locations":[{"start":{"line":73,"column":2},"end":{"line":73,"column":48}},{"start":{},"end":{}}]},"1":{"loc":{"start":{"line":74,"column":18},"end":{"line":74,"column":49}},"type":"cond-expr","locations":[{"start":{"line":74,"column":42},"end":{"line":74,"column":44}},{"start":{"line":74,"column":47},"end":{"line":74,"column":49}}]},"2":{"loc":{"start":{"line":76,"column":33},"end":{"line":76,"column":69}},"type":"cond-expr","locations":[{"start":{"line":76,"column":57},"end":{"line":76,"column":62}},{"start":{"line":76,"column":65},"end":{"line":76,"column":69}}]}},"s":{"0":20,"1":854,"2":261,"3":593,"4":593,"5":784,"6":784,"7":784,"8":784,"9":664,"10":593},"f":{"0":854,"1":664},"b":{"0":[261,593],"1":[116,477],"2":[13,771]}}
,"/Users/alex/dev/stylix/stylix-core/src/util/useIsoLayoutEffect.ts": {"path":"/Users/alex/dev/stylix/stylix-core/src/util/useIsoLayoutEffect.ts","statementMap":{"0":{"start":{"line":6,"column":0},"end":{"line":6,"column":24}},"1":{"start":{"line":1,"column":0},"end":{"line":1,"column":40}},"2":{"start":{"line":3,"column":25},"end":{"line":4,"column":72}},"3":{"start":{"line":4,"column":2},"end":{"line":4,"column":72}},"4":{"start":{"line":3,"column":13},"end":{"line":3,"column":25}},"5":{"start":{"line":12,"column":2},"end":{"line":18,"column":3}},"6":{"start":{"line":13,"column":4},"end":{"line":13,"column":30}},"7":{"start":{"line":13,"column":18},"end":{"line":13,"column":30}},"8":{"start":{"line":17,"column":4},"end":{"line":17,"column":30}}},"fnMap":{"0":{"name":"(anonymous_0)","decl":{"start":{"line":3,"column":25},"end":{"line":3,"column":28}},"loc":{"start":{"line":4,"column":2},"end":{"line":4,"column":72}}},"1":{"name":"useIsoLayoutEffect","decl":{"start":{"line":6,"column":24},"end":{"line":6,"column":42}},"loc":{"start":{"line":10,"column":21},"end":{"line":19,"column":1}}}},"branchMap":{"0":{"loc":{"start":{"line":4,"column":4},"end":{"line":4,"column":71}},"type":"binary-expr","locations":[{"start":{"line":4,"column":4},"end":{"line":4,"column":33}},{"start":{"line":4,"column":37},"end":{"line":4,"column":71}}]},"1":{"loc":{"start":{"line":10,"column":2},"end":{"line":10,"column":21}},"type":"default-arg","locations":[{"start":{"line":10,"column":10},"end":{"line":10,"column":21}}]},"2":{"loc":{"start":{"line":12,"column":2},"end":{"line":18,"column":3}},"type":"if","locations":[{"start":{"line":12,"column":2},"end":{"line":18,"column":3}},{"start":{"line":14,"column":9},"end":{"line":18,"column":3}}]},"3":{"loc":{"start":{"line":13,"column":4},"end":{"line":13,"column":30}},"type":"if","locations":[{"start":{"line":13,"column":4},"end":{"line":13,"column":30}},{"start":{},"end":{}}]}},"s":{"0":18,"1":18,"2":18,"3":41,"4":18,"5":0,"6":0,"7":0,"8":0},"f":{"0":41,"1":0},"b":{"0":[41,41],"1":[0],"2":[0,0],"3":[0,0]}}
}
