TN:
SF:src/plugins/cleanStyles.ts
FN:5,_cleanStyles
FN:24,(anonymous_1)
FNF:2
FNH:1
FNDA:2,_cleanStyles
FNDA:0,(anonymous_1)
DA:1,1
DA:2,1
DA:5,1
DA:6,2
DA:7,7
DA:8,7
DA:9,6
DA:10,1
DA:11,1
DA:12,1
DA:15,2
DA:21,1
DA:25,0
LF:13
LH:12
BRDA:8,0,0,6
BRDA:8,0,1,1
BRDA:8,1,0,7
BRDA:8,1,1,5
BRDA:8,1,2,3
BRDA:8,1,3,3
BRDA:10,2,0,1
BRDA:10,3,0,1
BRDA:10,3,1,0
BRDA:12,4,0,1
BRF:10
BRH:9
end_of_record
TN:
SF:src/util/isEmpty.ts
FN:1,isEmpty
FNF:1
FNH:1
FNDA:1,isEmpty
DA:1,1
DA:2,1
DA:3,1
DA:4,1
DA:5,1
DA:6,0
LF:6
LH:5
BRDA:2,0,0,0
BRDA:3,1,0,0
BRDA:5,2,0,1
BRF:3
BRH:1
end_of_record
TN:
SF:src/util/isPlainObject.ts
FN:4,isPlainObject
FNF:1
FNH:1
FNDA:1,isPlainObject
DA:4,1
DA:5,1
DA:6,1
LF:3
LH:3
BRDA:5,0,0,0
BRDA:5,1,0,1
BRDA:5,1,1,1
BRF:3
BRH:2
end_of_record
