TN:
SF:src/RenderServerStyles.tsx
FN:6,RenderServerStyles
FNF:1
FNH:1
FNDA:2,RenderServerStyles
DA:1,15
DA:2,15
DA:3,15
DA:6,15
DA:7,2
DA:8,2
LF:6
LH:6
BRDA:8,0,0,1
BRDA:8,0,1,1
BRF:2
BRH:2
end_of_record
TN:
SF:src/StyleElement.tsx
FN:3,StyleElement
FNF:1
FNH:1
FNDA:2,StyleElement
DA:3,15
DA:4,2
DA:5,2
LF:3
LH:3
BRF:0
BRH:0
end_of_record
TN:
SF:src/Stylix.tsx
FN:88,_Stylix
FNF:1
FNH:1
FNDA:48,_Stylix
DA:1,15
DA:2,15
DA:4,15
DA:5,15
DA:88,15
DA:92,48
DA:94,48
DA:95,48
DA:97,48
DA:98,48
DA:99,48
DA:100,48
DA:101,48
DA:103,48
DA:105,48
DA:106,1
DA:117,1
DA:124,47
DA:125,1
DA:126,1
DA:133,46
DA:134,39
DA:137,7
DA:138,7
DA:139,0
DA:141,7
DA:147,0
DA:150,15
DA:153,15
DA:154,15
LF:30
LH:28
BRDA:98,0,0,36
BRDA:99,1,0,7
BRDA:100,2,0,37
BRDA:103,3,0,48
BRDA:103,3,1,10
BRDA:103,4,0,48
BRDA:103,4,1,44
BRDA:105,5,0,1
BRDA:115,6,0,1
BRDA:115,6,1,0
BRDA:115,7,0,1
BRDA:115,7,1,1
BRDA:115,8,0,1
BRDA:115,8,1,0
BRDA:120,9,0,1
BRDA:120,9,1,0
BRDA:124,10,0,1
BRDA:133,11,0,39
BRDA:134,12,0,39
BRDA:134,12,1,7
BRDA:134,13,0,0
BRDA:134,13,1,39
BRDA:137,14,0,7
BRDA:138,15,0,0
BRDA:141,16,0,7
BRDA:141,16,1,3
BRDA:143,17,0,0
BRDA:143,17,1,7
BRF:28
BRH:22
end_of_record
TN:
SF:src/StylixProvider.tsx
FN:66,createStylixContext
FN:87,(anonymous_2)
FN:121,useStylixContext
FN:130,StylixProvider
FN:146,(anonymous_5)
FN:147,(anonymous_6)
FNF:6
FNH:6
FNDA:33,createStylixContext
FNDA:48,(anonymous_2)
FNDA:108,useStylixContext
FNDA:33,StylixProvider
FNDA:33,(anonymous_5)
FNDA:33,(anonymous_6)
DA:2,15
DA:4,15
DA:5,15
DA:6,15
DA:8,15
DA:9,15
DA:64,15
DA:66,15
DA:67,33
DA:68,15
DA:69,15
DA:70,6480
DA:74,33
DA:88,48
DA:89,48
DA:93,33
DA:94,1
DA:95,1
DA:96,2
DA:97,2
DA:98,2
DA:99,1
DA:100,1
DA:101,0
DA:102,1
DA:104,2
DA:105,1
DA:108,33
DA:110,33
DA:114,15
DA:116,15
DA:121,15
DA:122,108
DA:123,108
DA:124,0
DA:125,0
DA:127,108
DA:130,15
DA:139,33
DA:140,33
DA:141,33
DA:143,33
DA:146,33
DA:147,33
DA:148,33
DA:152,33
LF:46
LH:43
BRDA:66,0,0,0
BRDA:67,1,0,15
BRDA:75,2,0,33
BRDA:75,2,1,33
BRDA:83,3,0,33
BRDA:83,3,1,31
BRDA:93,4,0,1
BRDA:98,5,0,1
BRDA:98,5,1,1
BRDA:98,6,0,2
BRDA:98,6,1,1
BRDA:100,7,0,0
BRDA:100,7,1,1
BRDA:100,8,0,1
BRDA:100,8,1,0
BRDA:102,9,0,0
BRDA:104,10,0,1
BRDA:104,10,1,1
BRDA:123,11,0,0
BRDA:124,12,0,0
BRDA:140,13,0,33
BRF:21
BRH:15
end_of_record
TN:
SF:src/applyRules.ts
FN:3,flattenRules
FN:5,(anonymous_1)
FN:12,applyRules
FNF:3
FNH:3
FNDA:28,flattenRules
FNDA:45,(anonymous_1)
FNDA:29,applyRules
DA:3,15
DA:4,28
DA:5,45
DA:12,15
DA:13,29
DA:14,0
DA:15,0
DA:16,0
DA:17,0
DA:20,29
DA:22,27
DA:25,27
DA:26,1
DA:27,1
DA:28,1
DA:29,1
DA:32,27
DA:33,26
DA:34,26
DA:37,1
DA:40,1
DA:41,0
DA:42,0
DA:43,0
DA:44,0
DA:45,0
DA:49,1
DA:51,1
DA:52,1
DA:53,0
DA:54,0
DA:57,0
DA:61,1
DA:62,0
DA:64,1
DA:65,2
DA:66,2
DA:69,0
LF:38
LH:24
BRDA:5,0,0,45
BRDA:5,0,1,0
BRDA:5,1,0,45
BRDA:5,1,1,45
BRDA:13,2,0,0
BRDA:20,3,0,2
BRDA:25,4,0,1
BRDA:25,5,0,27
BRDA:25,5,1,1
BRDA:25,5,2,1
BRDA:28,6,0,1
BRDA:32,7,0,26
BRDA:32,7,1,1
BRDA:32,8,0,27
BRDA:32,8,1,26
BRDA:37,9,0,1
BRDA:40,10,0,0
BRDA:42,11,0,0
BRDA:42,11,1,0
BRDA:44,12,0,0
BRDA:52,13,0,0
BRDA:52,13,1,1
BRDA:61,14,0,1
BRDA:61,14,1,1
BRF:24
BRH:17
end_of_record
TN:
SF:src/classifyProps.ts
FN:1,classifyProps
FN:21,isStyleProp
FN:25,isValidJSXProp
FN:30,simplifyStylePropName
FNF:4
FNH:4
FNDA:48,classifyProps
FNDA:77,isStyleProp
FNDA:204,isValidJSXProp
FNDA:6810,simplifyStylePropName
DA:1,17
DA:2,48
DA:3,48
DA:5,48
DA:8,77
DA:9,52
DA:11,25
DA:15,48
DA:21,17
DA:22,77
DA:25,17
DA:27,204
DA:30,17
DA:31,6810
LF:14
LH:14
BRDA:8,0,0,52
BRDA:8,0,1,25
BRDA:8,1,0,77
BRDA:8,1,1,77
BRDA:22,2,0,77
BRDA:22,2,1,77
BRDA:27,3,0,204
BRDA:27,3,1,202
BRF:8
BRH:8
end_of_record
TN:
SF:src/elements.tsx
FN:117,(anonymous_1)
FN:119,(anonymous_2)
FNF:2
FNH:2
FNDA:38,(anonymous_1)
FNDA:38,(anonymous_2)
DA:1,15
DA:2,15
DA:4,15
DA:115,15
DA:116,1530
DA:117,1530
DA:118,38
DA:120,38
DA:131,1530
DA:132,1530
LF:10
LH:10
BRF:0
BRH:0
end_of_record
TN:
SF:src/getParentComponentName.ts
FN:3,getParentComponentName
FNF:1
FNH:1
FNDA:54,getParentComponentName
DA:1,15
DA:3,15
DA:4,54
DA:5,54
DA:6,54
DA:8,0
DA:9,0
DA:10,0
LF:8
LH:5
BRDA:5,0,0,54
BRDA:5,0,1,54
BRDA:9,1,0,0
BRDA:9,1,1,0
BRDA:9,2,0,0
BRDA:9,2,1,0
BRDA:10,3,0,0
BRF:7
BRH:2
end_of_record
TN:
SF:src/index.ts
FN:9,(anonymous_0)
FN:9,(anonymous_1)
FN:10,(anonymous_2)
FN:13,(anonymous_3)
FN:13,(anonymous_4)
FN:13,(anonymous_5)
FN:15,(anonymous_6)
FN:16,(anonymous_7)
FN:20,(anonymous_8)
FN:21,(anonymous_9)
FN:21,(anonymous_10)
FN:24,(anonymous_11)
FN:25,(anonymous_12)
FNF:13
FNH:6
FNDA:0,(anonymous_0)
FNDA:33,(anonymous_1)
FNDA:0,(anonymous_2)
FNDA:0,(anonymous_3)
FNDA:6,(anonymous_4)
FNDA:4,(anonymous_5)
FNDA:0,(anonymous_6)
FNDA:1,(anonymous_7)
FNDA:0,(anonymous_8)
FNDA:0,(anonymous_9)
FNDA:0,(anonymous_10)
FNDA:80,(anonymous_11)
FNDA:2,(anonymous_12)
DA:9,48
DA:10,15
DA:13,21
DA:14,15
DA:15,15
DA:16,16
DA:20,15
DA:21,15
DA:22,15
DA:24,95
DA:25,17
LF:11
LH:11
BRF:0
BRH:0
end_of_record
TN:
SF:src/styleCollector.tsx
FN:14,createStyleCollector
FN:17,(anonymous_1)
FN:20,(anonymous_2)
FNF:3
FNH:0
FNDA:0,createStyleCollector
FNDA:0,(anonymous_1)
FNDA:0,(anonymous_2)
DA:2,15
DA:4,15
DA:12,15
DA:14,15
DA:15,0
DA:16,0
DA:18,0
DA:21,0
DA:25,0
DA:26,0
LF:10
LH:4
BRDA:21,0,0,0
BRDA:21,0,1,0
BRF:2
BRH:0
end_of_record
TN:
SF:src/stylesToRuleArray.ts
FN:10,serialize
FN:23,stylesToRuleArray
FNF:2
FNH:2
FNDA:65,serialize
FNDA:45,stylesToRuleArray
DA:2,15
DA:4,15
DA:5,15
DA:11,65
DA:12,65
DA:13,102
DA:14,102
DA:15,81
DA:17,65
DA:23,15
DA:28,45
DA:29,45
DA:30,45
DA:37,45
DA:38,45
DA:39,44
DA:40,44
DA:42,45
DA:44,0
DA:45,0
DA:51,0
DA:53,0
LF:22
LH:18
BRDA:14,0,0,21
BRDA:14,0,1,81
BRDA:28,1,0,0
BRDA:44,2,0,0
BRDA:44,2,1,0
BRDA:44,3,0,0
BRDA:44,3,1,0
BRF:7
BRH:2
end_of_record
TN:
SF:src/useStyles.ts
FN:12,cleanup
FN:15,(anonymous_2)
FN:38,useStyles
FN:84,(anonymous_4)
FN:95,(anonymous_5)
FN:98,(anonymous_6)
FN:114,useKeyframes
FN:118,useGlobalStyles
FNF:8
FNH:8
FNDA:46,cleanup
FNDA:44,(anonymous_2)
FNDA:58,useStyles
FNDA:58,(anonymous_4)
FNDA:56,(anonymous_5)
FNDA:46,(anonymous_6)
FNDA:6,useKeyframes
FNDA:4,useGlobalStyles
DA:1,15
DA:3,15
DA:4,15
DA:5,15
DA:6,15
DA:7,15
DA:9,15
DA:10,15
DA:13,46
DA:15,45
DA:16,44
DA:17,78
DA:18,78
DA:19,41
DA:22,44
DA:25,45
DA:26,44
DA:28,1
DA:38,15
DA:42,58
DA:44,58
DA:47,58
DA:48,50
DA:50,58
DA:51,58
DA:53,58
DA:54,58
DA:56,58
DA:58,58
DA:59,45
DA:60,45
DA:62,45
DA:63,45
DA:70,58
DA:73,58
DA:74,58
DA:75,48
DA:83,58
DA:85,58
DA:86,29
DA:87,29
DA:94,58
DA:96,56
DA:98,46
DA:99,46
DA:100,46
DA:101,46
DA:102,46
DA:103,46
DA:111,58
DA:114,15
DA:115,6
DA:118,15
DA:122,4
LF:54
LH:54
BRDA:13,0,0,1
BRDA:18,1,0,41
BRDA:18,2,0,78
BRDA:18,2,1,37
BRDA:25,3,0,44
BRDA:25,3,1,1
BRDA:40,4,0,48
BRDA:47,5,0,50
BRDA:47,6,0,58
BRDA:47,6,1,58
BRDA:50,7,0,48
BRDA:50,7,1,10
BRDA:50,8,0,58
BRDA:50,8,1,56
BRDA:51,9,0,10
BRDA:51,10,0,58
BRDA:51,10,1,48
BRDA:56,11,0,54
BRDA:56,11,1,4
BRDA:58,12,0,45
BRDA:58,13,0,58
BRDA:58,13,1,48
BRDA:60,14,0,0
BRDA:60,14,1,45
BRDA:62,15,0,36
BRDA:70,16,0,48
BRDA:74,17,0,48
BRDA:74,18,0,58
BRDA:74,18,1,48
BRDA:74,18,2,48
BRDA:85,19,0,29
BRDA:96,20,0,10
BRDA:96,21,0,56
BRDA:96,21,1,46
BRDA:100,22,0,0
BRDA:102,23,0,43
BRDA:111,24,0,58
BRDA:111,24,1,10
BRDA:120,25,0,4
BRF:39
BRH:37
end_of_record
TN:
SF:src/__tests/util.tsx
FN:15,renderStylix
FNF:1
FNH:1
FNDA:31,renderStylix
DA:1,14
DA:2,14
DA:5,14
DA:15,14
DA:20,31
DA:21,31
DA:22,31
DA:24,31
DA:28,31
DA:30,31
DA:36,31
DA:37,31
DA:38,31
DA:39,31
DA:40,31
LF:15
LH:15
BRF:0
BRH:0
end_of_record
TN:
SF:src/plugins/cleanStyles.ts
FN:5,_cleanStyles
FN:23,(anonymous_1)
FNF:2
FNH:2
FNDA:114,_cleanStyles
FNDA:45,(anonymous_1)
DA:1,16
DA:2,16
DA:5,16
DA:6,114
DA:7,158
DA:8,158
DA:9,9
DA:10,149
DA:11,68
DA:12,68
DA:20,16
DA:24,45
DA:25,45
LF:13
LH:13
BRDA:8,0,0,9
BRDA:8,0,1,149
BRDA:8,1,0,158
BRDA:8,1,1,156
BRDA:8,1,2,152
BRDA:8,1,3,152
BRDA:10,2,0,68
BRDA:10,3,0,149
BRDA:10,3,1,81
BRDA:12,4,0,3
BRF:10
BRH:10
end_of_record
TN:
SF:src/plugins/customProps.ts
FN:8,_customPropsProcess
FN:9,(anonymous_1)
FN:32,(anonymous_2)
FN:41,(anonymous_3)
FN:51,(anonymous_4)
FNF:5
FNH:5
FNDA:14,_customPropsProcess
FNDA:50,(anonymous_1)
FNDA:2,(anonymous_2)
FNDA:1,(anonymous_3)
FNDA:5,(anonymous_4)
DA:1,16
DA:3,16
DA:4,16
DA:6,16
DA:8,16
DA:9,14
DA:10,50
DA:11,8
DA:13,42
DA:14,42
DA:15,42
DA:17,19
DA:18,11
DA:19,4
DA:21,8
DA:22,5
DA:24,3
DA:25,2
DA:28,1
DA:32,16
DA:33,2
DA:34,10
DA:37,2
DA:42,1
DA:43,7
DA:52,5
LF:26
LH:26
BRDA:10,0,0,8
BRDA:10,1,0,50
BRDA:10,1,1,43
BRDA:11,2,0,2
BRDA:11,2,1,6
BRDA:15,3,0,23
BRDA:17,4,0,11
BRDA:18,5,0,7
BRDA:21,6,0,5
BRDA:24,7,0,2
BRF:10
BRH:10
end_of_record
TN:
SF:src/plugins/defaultUnits.ts
FN:26,(anonymous_0)
FN:30,(anonymous_1)
FN:36,(anonymous_2)
FNF:3
FNH:3
FNDA:15,(anonymous_0)
FNDA:45,(anonymous_1)
FNDA:151,(anonymous_2)
DA:1,15
DA:4,15
DA:26,15
DA:27,15
DA:31,45
DA:36,15
DA:37,151
DA:38,18
DA:40,133
DA:43,15
LF:10
LH:10
BRDA:26,0,0,15
BRDA:26,1,0,15
BRDA:37,2,0,18
BRDA:37,3,0,151
BRDA:37,3,1,22
BRF:5
BRH:5
end_of_record
TN:
SF:src/plugins/hoistKeyframes.ts
FN:4,_hoistKeyframes
FN:25,(anonymous_1)
FNF:2
FNH:2
FNDA:91,_hoistKeyframes
FNDA:45,(anonymous_1)
DA:1,15
DA:5,91
DA:6,123
DA:7,123
DA:9,7
DA:10,7
DA:11,116
DA:13,46
DA:16,91
DA:22,15
DA:26,45
LF:11
LH:11
BRDA:7,0,0,7
BRDA:7,0,1,116
BRDA:10,1,0,2
BRDA:11,2,0,46
BRF:4
BRH:4
end_of_record
TN:
SF:src/plugins/index.ts
FN:51,applyPlugins
FN:76,(anonymous_1)
FNF:2
FNH:2
FNDA:128,applyPlugins
FNDA:1,(anonymous_1)
DA:3,15
DA:4,15
DA:5,15
DA:6,15
DA:7,15
DA:8,15
DA:9,15
DA:10,15
DA:51,15
DA:57,128
DA:67,128
DA:68,128
DA:69,1046
DA:70,1046
DA:71,371
DA:73,128
DA:76,16
DA:78,15
LF:18
LH:18
BRDA:67,0,0,128
BRDA:67,0,1,33
BRDA:70,1,0,371
BRF:3
BRH:3
end_of_record
TN:
SF:src/plugins/mediaObjects.ts
FN:24,mediaObjectsPlugin
FN:29,processMediaStyles
FN:38,(anonymous_2)
FN:41,(anonymous_3)
FNF:4
FNH:4
FNDA:45,mediaObjectsPlugin
FNDA:32,processMediaStyles
FNDA:2,(anonymous_2)
FNDA:3,(anonymous_3)
DA:1,16
DA:18,16
DA:25,45
DA:26,1
DA:29,16
DA:34,32
DA:37,22
DA:38,2
DA:41,21
DA:43,21
DA:44,21
DA:46,21
DA:47,44
DA:49,44
DA:50,29
DA:52,26
DA:53,14
DA:54,14
DA:56,26
DA:57,26
DA:61,3
DA:62,3
DA:63,10
DA:70,3
DA:73,15
DA:74,8
DA:75,8
DA:81,8
DA:85,7
DA:86,6
DA:87,6
DA:89,7
DA:92,21
LF:33
LH:33
BRDA:25,0,0,44
BRDA:34,1,0,10
BRDA:34,2,0,32
BRDA:34,2,1,32
BRDA:37,3,0,1
BRDA:49,4,0,29
BRDA:50,5,0,26
BRDA:52,6,0,14
BRDA:73,7,0,8
BRDA:85,8,0,6
BRDA:92,9,0,12
BRDA:92,9,1,9
BRDA:92,10,0,0
BRDA:92,10,1,9
BRF:14
BRH:13
end_of_record
TN:
SF:src/plugins/mergeArrays.ts
FN:11,(anonymous_0)
FN:14,_mergeArrays
FN:19,reduceArray
FN:70,reduceObjectProperties
FNF:4
FNH:4
FNDA:45,(anonymous_0)
FNDA:143,_mergeArrays
FNDA:31,reduceArray
FNDA:145,reduceObjectProperties
DA:2,17
DA:8,17
DA:11,45
DA:14,17
DA:15,143
DA:16,114
DA:20,31
DA:21,31
DA:23,31
DA:24,40
DA:26,40
DA:27,2
DA:31,40
DA:34,40
DA:35,2
DA:36,2
DA:40,38
DA:41,1
DA:42,1
DA:45,37
DA:46,53
DA:48,53
DA:50,28
DA:52,14
DA:53,11
DA:54,11
DA:60,14
DA:65,31
DA:68,17
DA:73,145
DA:74,144
DA:75,143
DA:76,1
DA:79,142
DA:80,214
DA:81,86
DA:84,142
DA:85,142
LF:38
LH:38
BRDA:15,0,0,29
BRDA:26,1,0,2
BRDA:31,2,0,0
BRDA:34,3,0,2
BRDA:34,4,0,40
BRDA:34,4,1,3
BRDA:40,5,0,1
BRDA:48,6,0,25
BRDA:48,6,1,28
BRDA:50,7,0,14
BRDA:50,7,1,14
BRDA:52,8,0,11
BRDA:53,9,0,4
BRDA:73,10,0,1
BRDA:73,11,0,145
BRDA:73,11,1,145
BRDA:74,12,0,1
BRDA:75,13,0,1
BRDA:80,14,0,128
BRDA:80,15,0,214
BRDA:80,15,1,210
BRF:21
BRH:20
end_of_record
TN:
SF:src/plugins/prepareStyles.ts
FN:10,(anonymous_0)
FN:13,(anonymous_1)
FNF:2
FNH:2
FNDA:50,(anonymous_0)
FNDA:48,(anonymous_1)
DA:1,15
DA:7,15
DA:11,50
DA:12,50
DA:13,50
DA:14,48
LF:6
LH:6
BRDA:11,0,0,52
BRDA:11,0,1,5
BRDA:12,1,0,0
BRDA:12,2,0,50
BRDA:12,2,1,3
BRDA:13,3,0,2
BRDA:13,4,0,50
BRDA:13,4,1,47
BRF:8
BRH:7
end_of_record
TN:
SF:src/plugins/propCasing.ts
FN:12,(anonymous_0)
FN:17,(anonymous_1)
FNF:2
FNH:2
FNDA:45,(anonymous_0)
FNDA:151,(anonymous_1)
DA:2,15
DA:3,15
DA:9,15
DA:13,45
DA:17,15
DA:24,151
DA:25,150
DA:26,150
DA:27,82
DA:29,68
LF:10
LH:10
BRDA:24,0,0,1
BRDA:24,1,0,151
BRDA:24,1,1,151
BRDA:26,2,0,82
BRDA:26,3,0,150
BRDA:26,3,1,148
BRF:6
BRH:6
end_of_record
TN:
SF:src/plugins/replace$$class.ts
FN:10,(anonymous_0)
FN:15,(anonymous_1)
FNF:2
FNH:2
FNDA:45,(anonymous_0)
FNDA:151,(anonymous_1)
DA:1,15
DA:7,15
DA:11,45
DA:15,15
DA:22,151
DA:26,151
DA:27,151
LF:7
LH:7
BRDA:23,0,0,59
BRDA:23,0,1,92
BRDA:24,1,0,59
BRDA:24,1,1,0
BRDA:26,2,0,151
BRDA:26,2,1,0
BRDA:26,3,0,151
BRDA:26,3,1,0
BRF:8
BRH:5
end_of_record
TN:
SF:src/util/isEmpty.ts
FN:1,isEmpty
FNF:1
FNH:1
FNDA:479,isEmpty
DA:1,19
DA:2,479
DA:3,434
DA:4,406
DA:5,20
DA:6,3
LF:6
LH:6
BRDA:2,0,0,45
BRDA:3,1,0,28
BRDA:5,2,0,17
BRF:3
BRH:3
end_of_record
TN:
SF:src/util/isPlainObject.ts
FN:4,isPlainObject
FNF:1
FNH:1
FNDA:466,isPlainObject
DA:4,18
DA:5,466
DA:6,192
LF:3
LH:3
BRDA:5,0,0,274
BRDA:5,1,0,466
BRDA:5,1,1,455
BRF:3
BRH:3
end_of_record
TN:
SF:src/util/mapObject.ts
FN:66,mapObject
FN:78,(anonymous_1)
FNF:2
FNH:2
FNDA:582,mapObject
FNDA:425,(anonymous_1)
DA:66,17
DA:71,582
DA:72,376
DA:73,376
DA:74,521
DA:75,521
DA:77,521
DA:78,521
DA:79,425
DA:82,521
DA:84,516
DA:85,5
DA:86,5
DA:89,511
DA:95,509
DA:96,509
DA:99,2
DA:104,374
LF:18
LH:18
BRDA:69,0,0,21
BRDA:71,1,0,206
BRDA:72,2,0,3
BRDA:72,2,1,373
BRDA:74,3,0,6
BRDA:74,3,1,515
BRDA:82,4,0,5
BRDA:84,5,0,5
BRDA:84,6,0,516
BRDA:84,6,1,6
BRDA:89,7,0,509
BRDA:90,8,0,511
BRDA:90,8,1,511
BRDA:90,8,2,510
BRDA:90,8,3,510
BRF:15
BRH:15
end_of_record
TN:
SF:src/util/useIsoLayoutEffect.ts
FN:3,(anonymous_0)
FN:6,useIsoLayoutEffect
FNF:2
FNH:2
FNDA:31,(anonymous_0)
FNDA:116,useIsoLayoutEffect
DA:1,15
DA:3,15
DA:4,31
DA:6,15
DA:12,116
DA:13,4
DA:15,112
LF:7
LH:7
BRDA:4,0,0,31
BRDA:4,0,1,31
BRDA:10,1,0,0
BRDA:12,2,0,4
BRDA:12,2,1,112
BRDA:13,3,0,2
BRF:6
BRH:5
end_of_record
